[06-10 17:04:43]: [INFO] Created column 'regdate' and set the current timestamp, 1528625083478, to all 0 rows
[06-10 17:04:44]: [INFO] SQLite Setup finished
[06-10 17:04:44]: [INFO] Hooked into LuckPerms!
[06-10 17:04:44]: [WARN] WARNING! The protectInventory feature requires ProtocolLib! Disabling it...
[06-10 17:04:45]: [INFO] Development builds are available on our jenkins, thanks to f14stelt.
[06-10 17:04:45]: [INFO] Do you want a good game server? Look at our sponsor GameHosting.it leader in Italy as Game Server Provider!
[06-10 17:04:45]: [INFO] AuthMe 5.4.0 build n.1877 correctly enabled!
[06-10 17:05:03]: [INFO] AuthMe 5.4.0-b1877 disabled!
[06-10 17:06:58]: [INFO] SQLite Setup finished
[06-10 17:06:58]: [INFO] Hooked into LuckPerms!
[06-10 17:06:58]: [INFO] [LICENSE] This product uses data from the GeoLite API created by MaxMind, available at http://www.maxmind.com
[06-10 17:06:58]: [WARN] WARNING! The protectInventory feature requires ProtocolLib! Disabling it...
[06-10 17:06:58]: [INFO] Development builds are available on our jenkins, thanks to f14stelt.
[06-10 17:06:58]: [INFO] Do you want a good game server? Look at our sponsor GameHosting.it leader in Italy as Game Server Provider!
[06-10 17:06:58]: [INFO] AuthMe 5.4.0 build n.1877 correctly enabled!
[06-10 17:07:24]: [INFO] AuthMe 5.4.0-b1877 disabled!
[06-10 17:09:40]: [INFO] SQLite Setup finished
[06-10 17:09:40]: [INFO] Hooked into LuckPerms!
[06-10 17:09:40]: [INFO] [LICENSE] This product uses data from the GeoLite API created by MaxMind, available at http://www.maxmind.com
[06-10 17:09:40]: [WARN] WARNING! The protectInventory feature requires ProtocolLib! Disabling it...
[06-10 17:09:40]: [INFO] Development builds are available on our jenkins, thanks to f14stelt.
[06-10 17:09:40]: [INFO] Do you want a good game server? Look at our sponsor GameHosting.it leader in Italy as Game Server Provider!
[06-10 17:09:40]: [INFO] AuthMe 5.4.0 build n.1877 correctly enabled!
[06-10 17:13:10]: [INFO] AuthMe 5.4.0-b1877 disabled!
[06-10 17:14:15]: [INFO] SQLite Setup finished
[06-10 17:14:15]: [INFO] Hooked into LuckPerms!
[06-10 17:14:15]: [INFO] [LICENSE] This product uses data from the GeoLite API created by MaxMind, available at http://www.maxmind.com
[06-10 17:14:15]: [WARN] WARNING! The protectInventory feature requires ProtocolLib! Disabling it...
[06-10 17:14:15]: [INFO] Development builds are available on our jenkins, thanks to f14stelt.
[06-10 17:14:15]: [INFO] Do you want a good game server? Look at our sponsor GameHosting.it leader in Italy as Game Server Provider!
[06-10 17:14:15]: [INFO] AuthMe 5.4.0 build n.1877 correctly enabled!
[06-10 17:15:08]: [FINE] Banbeucmas registered 10.243.84.212
[06-10 17:15:08]: [FINE] Banbeucmas logged in!
[06-10 17:27:27]: [INFO] AuthMe 5.4.0-b1877 disabled!
[06-10 17:27:58]: [INFO] SQLite Setup finished
[06-10 17:27:59]: [INFO] Hooked into LuckPerms!
[06-10 17:27:59]: [INFO] [LICENSE] This product uses data from the GeoLite API created by MaxMind, available at http://www.maxmind.com
[06-10 17:27:59]: [WARN] WARNING! The protectInventory feature requires ProtocolLib! Disabling it...
[06-10 17:27:59]: [INFO] Development builds are available on our jenkins, thanks to f14stelt.
[06-10 17:27:59]: [INFO] Do you want a good game server? Look at our sponsor GameHosting.it leader in Italy as Game Server Provider!
[06-10 17:27:59]: [INFO] AuthMe 5.4.0 build n.1877 correctly enabled!
[06-10 17:34:57]: [INFO] AuthMe 5.4.0-b1877 disabled!
[06-10 17:35:22]: [INFO] SQLite Setup finished
[06-10 17:35:22]: [INFO] Hooked into LuckPerms!
[06-10 17:35:22]: [INFO] [LICENSE] This product uses data from the GeoLite API created by MaxMind, available at http://www.maxmind.com
[06-10 17:35:23]: [WARN] WARNING! The protectInventory feature requires ProtocolLib! Disabling it...
[06-10 17:35:23]: [INFO] Development builds are available on our jenkins, thanks to f14stelt.
[06-10 17:35:23]: [INFO] Do you want a good game server? Look at our sponsor GameHosting.it leader in Italy as Game Server Provider!
[06-10 17:35:23]: [INFO] AuthMe 5.4.0 build n.1877 correctly enabled!
[06-10 17:36:49]: [FINE] Banbeucmas logged in!
[06-10 18:12:59]: [FINE] ShadowKyra registered 10.243.65.37
[06-10 18:13:00]: [FINE] ShadowKyra logged in!
[06-10 19:07:01]: [FINE] Strongdavid7 registered 10.243.239.92
[06-10 19:07:01]: [FINE] Strongdavid7 logged in!
[06-10 19:11:54]: [FINE] JT_ToWarsDz_ registered 10.243.17.164
[06-10 19:11:55]: [FINE] JT_ToWarsDz_ logged in!
[06-10 19:36:27]: [INFO] AuthMe 5.4.0-b1877 disabled!
[06-10 19:49:21]: [INFO] SQLite Setup finished
[06-10 19:49:21]: [INFO] Hooked into LuckPerms!
[06-10 19:49:21]: [INFO] [LICENSE] This product uses data from the GeoLite API created by MaxMind, available at http://www.maxmind.com
[06-10 19:49:21]: [WARN] WARNING! The protectInventory feature requires ProtocolLib! Disabling it...
[06-10 19:49:21]: [INFO] Development builds are available on our jenkins, thanks to f14stelt.
[06-10 19:49:21]: [INFO] Do you want a good game server? Look at our sponsor GameHosting.it leader in Italy as Game Server Provider!
[06-10 19:49:21]: [INFO] AuthMe 5.4.0 build n.1877 correctly enabled!
[06-10 19:50:16]: [FINE] EvolFire registered 10.243.235.190
[06-10 19:50:16]: [FINE] EvolFire logged in!
[06-10 19:50:26]: [FINE] Banbeucmas logged in!
[06-10 19:50:38]: [FINE] ShadowKyra logged in!
[06-10 19:50:42]: [FINE] VuQuocTuan registered 10.243.160.51
[06-10 19:50:42]: [FINE] VuQuocTuan logged in!
[06-10 19:54:59]: [FINE] JT_ToWarsDz_ logged in!
[06-10 19:57:36]: [FINE] EvolFire used the wrong password
[06-10 20:02:06]: [FINE] EvolFire logged in!
[06-10 20:02:41]: [FINE] TuanHai registered 10.243.83.142
[06-10 20:02:41]: [FINE] TuanHai logged in!
[06-10 20:12:09]: [INFO] AuthMe 5.4.0-b1877 disabled!
[06-10 20:13:20]: [INFO] SQLite Setup finished
[06-10 20:13:20]: [INFO] Hooked into LuckPerms!
[06-10 20:13:20]: [INFO] [LICENSE] This product uses data from the GeoLite API created by MaxMind, available at http://www.maxmind.com
[06-10 20:13:20]: [WARN] WARNING! The protectInventory feature requires ProtocolLib! Disabling it...
[06-10 20:13:20]: [INFO] Development builds are available on our jenkins, thanks to f14stelt.
[06-10 20:13:20]: [INFO] Do you want a good game server? Look at our sponsor GameHosting.it leader in Italy as Game Server Provider!
[06-10 20:13:20]: [INFO] AuthMe 5.4.0 build n.1877 correctly enabled!
[06-10 20:13:37]: [FINE] JT_ToWarsDz_ logged in!
[06-10 20:13:38]: [FINE] TuanHai logged in!
[06-10 20:13:44]: [FINE] EvolFire logged in!
[06-10 20:13:56]: [FINE] ShadowKyra logged in!
[06-10 20:13:58]: [FINE] Banbeucmas logged in!
[06-10 20:16:34]: [FINE] Banbeucmas logged in!
[06-10 20:16:38]: [FINE] JT_ToWarsDz_ logged in!
[06-10 20:16:41]: [FINE] TuanHai logged in!
[06-10 20:16:54]: [FINE] ShadowKyra logged in!
[06-10 20:17:04]: [FINE] EvolFire logged in!
[06-10 20:17:07]: [FINE] VuQuocTuan logged in!
[06-10 20:19:48]: [INFO] AuthMe 5.4.0-b1877 disabled!
[06-10 20:20:27]: [INFO] SQLite Setup finished
[06-10 20:20:27]: [INFO] Hooked into LuckPerms!
[06-10 20:20:27]: [INFO] [LICENSE] This product uses data from the GeoLite API created by MaxMind, available at http://www.maxmind.com
[06-10 20:20:27]: [WARN] WARNING! The protectInventory feature requires ProtocolLib! Disabling it...
[06-10 20:20:27]: [INFO] Development builds are available on our jenkins, thanks to f14stelt.
[06-10 20:20:27]: [INFO] Do you want a good game server? Look at our sponsor GameHosting.it leader in Italy as Game Server Provider!
[06-10 20:20:27]: [INFO] AuthMe 5.4.0 build n.1877 correctly enabled!
[06-10 20:20:45]: [FINE] TuanHai logged in!
[06-10 20:20:50]: [FINE] ShadowKyra logged in!
[06-10 20:20:52]: [FINE] Banbeucmas logged in!
[06-10 20:20:56]: [FINE] JT_ToWarsDz_ logged in!
[06-10 20:22:34]: [FINE] VuQuocTuan logged in!
[06-10 20:26:22]: [FINE] Strongdavid7 logged in!
[06-10 20:26:57]: [FINE] JT_ToWarsDz_ logged in!
[06-10 20:42:36]: [INFO] Essentials has been disabled: unhooking
[06-10 20:44:15]: [FINE] ShadowKyra logged in!
[06-10 20:46:18]: [FINE] NobiPumpkin_VN registered 10.243.200.66
[06-10 20:46:18]: [FINE] NobiPumpkin_VN logged in!
[06-10 20:56:24]: [FINE] VuQuocTuan logged in!
[06-10 21:14:15]: [FINE] Quang1999_ registered 10.243.159.254
[06-10 21:14:16]: [FINE] Quang1999_ logged in!
[06-10 21:20:56]: [FINE] DUYSONGLOI registered 10.243.69.249
[06-10 21:20:57]: [FINE] DUYSONGLOI logged in!
[06-10 21:22:22]: [INFO] AuthMe 5.4.0-b1877 disabled!
[06-10 21:23:00]: [INFO] SQLite Setup finished
[06-10 21:23:00]: [INFO] Hooked into LuckPerms!
[06-10 21:23:00]: [INFO] Hooked successfully into Essentials
[06-10 21:23:00]: [INFO] Essentials spawn file not found: '/home/banbeucmas/Documents/Minecraft/plugins/Essentials/spawn.yml'
[06-10 21:23:00]: [INFO] [LICENSE] This product uses data from the GeoLite API created by MaxMind, available at http://www.maxmind.com
[06-10 21:23:00]: [WARN] WARNING! The protectInventory feature requires ProtocolLib! Disabling it...
[06-10 21:23:01]: [INFO] Development builds are available on our jenkins, thanks to f14stelt.
[06-10 21:23:01]: [INFO] Do you want a good game server? Look at our sponsor GameHosting.it leader in Italy as Game Server Provider!
[06-10 21:23:01]: [INFO] AuthMe 5.4.0 build n.1877 correctly enabled!
[06-10 21:23:16]: [FINE] TuanHai logged in!
[06-10 21:24:01]: [FINE] Banbeucmas logged in!
[06-10 21:24:15]: [FINE] DUYSONGLOI logged in!
[06-10 21:26:04]: [FINE] NobiPumpkin_VN logged in!
[06-10 21:33:41]: [INFO] AuthMe 5.4.0-b1877 disabled!
[06-10 21:34:15]: [INFO] SQLite Setup finished
[06-10 21:34:15]: [INFO] Hooked into LuckPerms!
[06-10 21:34:15]: [INFO] [LICENSE] This product uses data from the GeoLite API created by MaxMind, available at http://www.maxmind.com
[06-10 21:34:15]: [INFO] Hooked successfully into Essentials
[06-10 21:34:15]: [INFO] Essentials spawn file not found: '/home/banbeucmas/Documents/Minecraft/plugins/Essentials/spawn.yml'
[06-10 21:34:16]: [WARN] WARNING! The protectInventory feature requires ProtocolLib! Disabling it...
[06-10 21:34:16]: [INFO] Development builds are available on our jenkins, thanks to f14stelt.
[06-10 21:34:16]: [INFO] Do you want a good game server? Look at our sponsor GameHosting.it leader in Italy as Game Server Provider!
[06-10 21:34:16]: [INFO] AuthMe 5.4.0 build n.1877 correctly enabled!
[06-10 21:34:27]: [FINE] TuanHai logged in!
[06-10 21:34:42]: [FINE] DUYSONGLOI logged in!
[06-10 21:35:01]: [FINE] Banbeucmas logged in!
[06-10 21:35:45]: [FINE] NobiPumpkin_VN logged in!
[06-10 22:02:00]: [FINE] DUYSONGLOI logged in!
[06-10 22:06:32]: [FINE] DUYSONGLOI logged in!
[06-10 22:09:48]: [FINE] DUYSONGLOI logged in!
[06-10 22:10:09]: [INFO] AuthMe 5.4.0-b1877 disabled!
[06-10 22:11:18]: [INFO] SQLite Setup finished
[06-10 22:11:18]: [INFO] Hooked into LuckPerms!
[06-10 22:11:18]: [INFO] Hooked successfully into Essentials
[06-10 22:11:18]: [INFO] Essentials spawn file not found: '/home/banbeucmas/Documents/Minecraft/plugins/Essentials/spawn.yml'
[06-10 22:11:18]: [INFO] [LICENSE] This product uses data from the GeoLite API created by MaxMind, available at http://www.maxmind.com
[06-10 22:11:18]: [WARN] WARNING! The protectInventory feature requires ProtocolLib! Disabling it...
[06-10 22:11:19]: [INFO] Development builds are available on our jenkins, thanks to f14stelt.
[06-10 22:11:19]: [INFO] Do you want a good game server? Look at our sponsor GameHosting.it leader in Italy as Game Server Provider!
[06-10 22:11:19]: [INFO] AuthMe 5.4.0 build n.1877 correctly enabled!
[06-10 22:12:36]: [FINE] DUYSONGLOI logged in!
[06-10 22:13:36]: [FINE] Banbeucmas logged in!
[06-10 22:14:45]: [FINE] TuanHai logged in!
[06-10 22:24:52]: [FINE] NobiPumpkin_VN logged in!
[06-10 22:29:50]: [INFO] AuthMe 5.4.0-b1877 disabled!
[06-10 22:29:58]: [INFO] SQLite Setup finished
[06-10 22:29:58]: [INFO] Hooked into LuckPerms!
[06-10 22:29:58]: [INFO] [LICENSE] This product uses data from the GeoLite API created by MaxMind, available at http://www.maxmind.com
[06-10 22:29:58]: [INFO] Hooked successfully into Essentials
[06-10 22:29:58]: [INFO] Essentials spawn file not found: '/home/banbeucmas/Documents/Minecraft/plugins/Essentials/spawn.yml'
[06-10 22:29:58]: [WARN] WARNING! The protectInventory feature requires ProtocolLib! Disabling it...
[06-10 22:29:58]: [INFO] Development builds are available on our jenkins, thanks to f14stelt.
[06-10 22:29:58]: [INFO] Do you want a good game server? Look at our sponsor GameHosting.it leader in Italy as Game Server Provider!
[06-10 22:29:58]: [INFO] AuthMe 5.4.0 build n.1877 correctly enabled!
[06-10 22:30:03]: [FINE] Banbeucmas logged in!
[06-10 22:30:13]: [FINE] TuanHai logged in!
[06-10 22:30:13]: [FINE] NobiPumpkin_VN logged in!
[06-10 22:30:25]: [FINE] JT_ToWarsDz_ used the wrong password
[06-10 22:30:37]: [FINE] JT_ToWarsDz_ logged in!
[06-10 22:48:06]: [INFO] AuthMe 5.4.0-b1877 disabled!
[06-11 00:56:15]: [INFO] SQLite Setup finished
[06-11 00:56:15]: [INFO] Hooked into LuckPerms!
[06-11 00:56:15]: [INFO] Hooked successfully into Essentials
[06-11 00:56:15]: [INFO] [LICENSE] This product uses data from the GeoLite API created by MaxMind, available at http://www.maxmind.com
[06-11 00:56:15]: [INFO] Essentials spawn file not found: 'E:\Minecraft\Minecraft\plugins\Essentials\spawn.yml'
[06-11 00:56:16]: [WARN] WARNING! The protectInventory feature requires ProtocolLib! Disabling it...
[06-11 00:56:16]: [INFO] Development builds are available on our jenkins, thanks to f14stelt.
[06-11 00:56:16]: [INFO] Do you want a good game server? Look at our sponsor GameHosting.it leader in Italy as Game Server Provider!
[06-11 00:56:16]: [INFO] AuthMe 5.4.0 build n.1877 correctly enabled!
[06-11 00:56:35]: [FINE] Banbeucmas logged in!
[06-11 01:02:27]: [INFO] AuthMe 5.4.0-b1877 disabled!
[06-11 01:04:13]: [INFO] SQLite Setup finished
[06-11 01:04:13]: [INFO] Hooked into LuckPerms!
[06-11 01:04:13]: [INFO] [LICENSE] This product uses data from the GeoLite API created by MaxMind, available at http://www.maxmind.com
[06-11 01:04:13]: [INFO] Hooked successfully into Essentials
[06-11 01:04:13]: [INFO] Essentials spawn file not found: 'E:\Minecraft\Minecraft\plugins\Essentials\spawn.yml'
[06-11 01:04:13]: [WARN] WARNING! The protectInventory feature requires ProtocolLib! Disabling it...
[06-11 01:04:13]: [INFO] Development builds are available on our jenkins, thanks to f14stelt.
[06-11 01:04:13]: [INFO] Do you want a good game server? Look at our sponsor GameHosting.it leader in Italy as Game Server Provider!
[06-11 01:04:13]: [INFO] AuthMe 5.4.0 build n.1877 correctly enabled!
[06-11 01:05:35]: [INFO] SQLite Setup finished
[06-11 01:05:35]: [INFO] Hooked into LuckPerms!
[06-11 01:05:35]: [INFO] Hooked successfully into Essentials
[06-11 01:05:35]: [INFO] Essentials spawn file not found: 'E:\Minecraft\Minecraft\plugins\Essentials\spawn.yml'
[06-11 01:05:35]: [INFO] [LICENSE] This product uses data from the GeoLite API created by MaxMind, available at http://www.maxmind.com
[06-11 01:05:35]: [WARN] WARNING! The protectInventory feature requires ProtocolLib! Disabling it...
[06-11 01:05:36]: [INFO] Development builds are available on our jenkins, thanks to f14stelt.
[06-11 01:05:36]: [INFO] Do you want a good game server? Look at our sponsor GameHosting.it leader in Italy as Game Server Provider!
[06-11 01:05:36]: [INFO] AuthMe 5.4.0 build n.1877 correctly enabled!
[06-11 01:06:11]: [FINE] Banbeucmas logged in!
[06-11 03:00:38]: [INFO] AuthMe 5.4.0-b1877 disabled!
[06-11 03:01:58]: [INFO] SQLite Setup finished
[06-11 03:01:58]: [INFO] Hooked into LuckPerms!
[06-11 03:01:58]: [INFO] Hooked successfully into Essentials
[06-11 03:01:58]: [INFO] [LICENSE] This product uses data from the GeoLite API created by MaxMind, available at http://www.maxmind.com
[06-11 03:01:59]: [INFO] Development builds are available on our jenkins, thanks to f14stelt.
[06-11 03:01:59]: [INFO] Do you want a good game server? Look at our sponsor GameHosting.it leader in Italy as Game Server Provider!
[06-11 03:01:59]: [INFO] AuthMe 5.4.0 build n.1877 correctly enabled!
[06-11 03:02:47]: [FINE] Banbeucmas logged in!
[06-11 03:16:36]: [FINE] Banbeucmas logged in!
[06-11 03:21:34]: [INFO] AuthMe 5.4.0-b1877 disabled!
[06-11 01:29:19]: [INFO] SQLite Setup finished
[06-11 01:29:20]: [INFO] Hooked into LuckPerms!
[06-11 01:29:20]: [INFO] [LICENSE] This product uses data from the GeoLite API created by MaxMind, available at http://www.maxmind.com
[06-11 01:29:20]: [INFO] Hooked successfully into Essentials
[06-11 01:29:22]: [INFO] Development builds are available on our jenkins, thanks to f14stelt.
[06-11 01:29:22]: [INFO] Do you want a good game server? Look at our sponsor GameHosting.it leader in Italy as Game Server Provider!
[06-11 01:29:22]: [INFO] AuthMe 5.4.0 build n.1877 correctly enabled!
[06-11 01:29:43]: [FINE] Banbeucmas logged in!
[06-11 01:31:43]: [FINE] Banbeucmas logged in!
[06-11 01:32:25]: [INFO] AuthMe 5.4.0-b1877 disabled!
[06-11 16:38:09]: [INFO] SQLite Setup finished
[06-11 16:38:09]: [INFO] Hooked into LuckPerms!
[06-11 16:38:10]: [INFO] [LICENSE] This product uses data from the GeoLite API created by MaxMind, available at http://www.maxmind.com
[06-11 16:38:10]: [INFO] Hooked successfully into Essentials
[06-11 16:38:10]: [INFO] Development builds are available on our jenkins, thanks to f14stelt.
[06-11 16:38:10]: [INFO] Do you want a good game server? Look at our sponsor GameHosting.it leader in Italy as Game Server Provider!
[06-11 16:38:10]: [INFO] AuthMe 5.4.0 build n.1877 correctly enabled!
[06-11 16:39:04]: [FINE] hieu_plays registered 10.243.160.192
[06-11 16:39:04]: [FINE] hieu_plays logged in!
[06-11 16:42:57]: [FINE] JT_ToWarsDz_ logged in!
[06-11 17:00:14]: [FINE] ShadowKyra logged in!
[06-11 17:17:42]: [FINE] zNightlord registered 10.243.86.47
[06-11 17:17:42]: [FINE] zNightlord logged in!
[06-11 17:22:43]: [FINE] Banbeucmas logged in!
[06-11 17:26:46]: [INFO] AuthMe 5.4.0-b1877 disabled!
[06-11 17:27:34]: [INFO] SQLite Setup finished
[06-11 17:27:35]: [INFO] Hooked into LuckPerms!
[06-11 17:27:35]: [INFO] [LICENSE] This product uses data from the GeoLite API created by MaxMind, available at http://www.maxmind.com
[06-11 17:27:35]: [INFO] Hooked successfully into Essentials
[06-11 17:27:35]: [INFO] Development builds are available on our jenkins, thanks to f14stelt.
[06-11 17:27:35]: [INFO] Do you want a good game server? Look at our sponsor GameHosting.it leader in Italy as Game Server Provider!
[06-11 17:27:35]: [INFO] AuthMe 5.4.0 build n.1877 correctly enabled!
[06-11 17:27:44]: [FINE] ShadowKyra logged in!
[06-11 17:27:48]: [FINE] JT_ToWarsDz_ logged in!
[06-11 17:28:02]: [FINE] Banbeucmas logged in!
[06-11 17:29:49]: [FINE] zNightlord logged in!
[06-11 17:32:41]: [FINE] NobiPumpkin_VN logged in!
[06-11 17:33:23]: [FINE] NobiPumpkin_VN logged in!
[06-11 17:33:26]: [FINE] JT_ToWarsDz_ logged in!
[06-11 17:33:28]: [FINE] Banbeucmas logged in!
[06-11 17:33:28]: [FINE] ShadowKyra logged in!
[06-11 17:33:36]: [FINE] zNightlord logged in!
[06-11 17:39:37]: [INFO] AuthMe 5.4.0-b1877 disabled!
[06-11 17:40:15]: [INFO] SQLite Setup finished
[06-11 17:40:15]: [INFO] Hooked into LuckPerms!
[06-11 17:40:16]: [INFO] Hooked successfully into Essentials
[06-11 17:40:16]: [INFO] [LICENSE] This product uses data from the GeoLite API created by MaxMind, available at http://www.maxmind.com
[06-11 17:40:16]: [INFO] Development builds are available on our jenkins, thanks to f14stelt.
[06-11 17:40:16]: [INFO] Do you want a good game server? Look at our sponsor GameHosting.it leader in Italy as Game Server Provider!
[06-11 17:40:16]: [INFO] AuthMe 5.4.0 build n.1877 correctly enabled!
[06-11 17:40:24]: [FINE] NobiPumpkin_VN logged in!
[06-11 17:40:32]: [FINE] Banbeucmas logged in!
[06-11 17:40:37]: [FINE] ShadowKyra logged in!
[06-11 17:40:42]: [FINE] JT_ToWarsDz_ used the wrong password
[06-11 17:40:49]: [FINE] JT_ToWarsDz_ logged in!
[06-11 17:41:17]: [FINE] zNightlord logged in!
[06-11 17:47:36]: [FINE] hieu_plays logged in!
[06-11 19:32:02]: [FINE] BoyJame registered 10.243.4.21
[06-11 19:32:02]: [FINE] BoyJame logged in!
[06-11 19:34:45]: [FINE] JT_ToWarsDz_ logged in!
[06-11 19:37:52]: [FINE] JT_ToWarsDz_ logged in!
[06-11 19:41:37]: [FINE] VinhGaming registered 10.243.155.196
[06-11 19:41:37]: [FINE] VinhGaming logged in!
[06-11 20:26:35]: [FINE] Yamicchi registered 10.243.179.213
[06-11 20:26:35]: [FINE] Yamicchi logged in!
[06-11 20:37:18]: [FINE] trungbmt registered 10.243.16.97
[06-11 20:37:18]: [FINE] trungbmt logged in!
[06-11 21:23:04]: [FINE] TuanHai logged in!
[06-11 22:26:20]: [FINE] BoyJame logged in!
[06-11 22:51:01]: [FINE] JT_ToWarsDz_ logged in!
[06-11 22:52:15]: [FINE] lequanglam registered 10.243.6.220
[06-11 22:52:15]: [FINE] lequanglam logged in!
[06-11 23:59:03]: [FINE] JT_ToWarsDz_ logged in!
[06-12 00:56:18]: [FINE] BoyJame logged in!
[06-12 00:57:41]: [FINE] BoyJame logged in!
[06-12 01:03:35]: [INFO] AuthMe 5.4.0-b1877 disabled!
[06-13 13:01:23]: [INFO] SQLite Setup finished
[06-13 13:01:23]: [INFO] Hooked into LuckPerms!
[06-13 13:01:23]: [INFO] Hooked successfully into Essentials
[06-13 13:01:23]: [INFO] [LICENSE] This product uses data from the GeoLite API created by MaxMind, available at http://www.maxmind.com
[06-13 13:01:24]: [INFO] Development builds are available on our jenkins, thanks to f14stelt.
[06-13 13:01:24]: [INFO] Do you want a good game server? Look at our sponsor GameHosting.it leader in Italy as Game Server Provider!
[06-13 13:01:24]: [INFO] AuthMe 5.4.0 build n.1877 correctly enabled!
[06-13 13:02:17]: [FINE] Banbeucmas logged in!
[06-13 13:03:03]: [FINE] zNightlord logged in!
[06-13 13:08:31]: [FINE] NobiPumpkin_VN logged in!
[06-13 13:11:23]: [FINE] ShadowKyra logged in!
[06-13 18:37:36]: [FINE] Banbeucmas logged in!
[06-13 18:41:11]: [FINE] ShadowKyra logged in!
[06-13 18:43:19]: [FINE] JT_ToWarsDz_ logged in!
[06-13 18:47:48]: [FINE] JT_ToWarsDz_ logged in!
[06-13 18:51:01]: [FINE] ShadowKyra logged in!
[06-13 18:53:55]: [FINE] ShadowKyra logged in!
[06-13 18:58:16]: [FINE] ShadowKyra logged in!
[06-13 18:59:30]: [INFO] AuthMe 5.4.0-b1877 disabled!
[06-13 19:06:12]: [INFO] SQLite Setup finished
[06-13 19:06:12]: [INFO] Hooked into LuckPerms!
[06-13 19:06:12]: [INFO] [LICENSE] This product uses data from the GeoLite API created by MaxMind, available at http://www.maxmind.com
[06-13 19:06:13]: [INFO] Hooked successfully into Essentials
[06-13 19:06:13]: [INFO] Development builds are available on our jenkins, thanks to f14stelt.
[06-13 19:06:13]: [INFO] Do you want a good game server? Look at our sponsor GameHosting.it leader in Italy as Game Server Provider!
[06-13 19:06:13]: [INFO] AuthMe 5.4.0 build n.1877 correctly enabled!
[06-13 19:06:32]: [FINE] ShadowKyra logged in!
[06-13 19:06:34]: [FINE] JT_ToWarsDz_ logged in!
[06-13 19:07:17]: [FINE] Banbeucmas logged in!
[06-13 19:10:20]: [FINE] NobiPumpkin_VN logged in!
[06-13 19:18:05]: [FINE] ShadowKyra logged in!
[06-13 19:30:28]: [FINE] ShadowKyra logged in!
[06-13 19:32:49]: [FINE] NobiPumpkin_VN used the wrong password
[06-13 19:32:59]: [FINE] NobiPumpkin_VN logged in!
[06-13 19:33:15]: [FINE] ShadowKyra logged in!
[06-13 19:34:04]: [FINE] ShadowKyra logged in!
[06-13 19:41:08]: [FINE] lequanglam used the wrong password
[06-13 19:41:15]: [FINE] lequanglam logged in!
[06-13 20:16:32]: [FINE] NobiPumpkin_VN used the wrong password
[06-13 20:16:43]: [FINE] NobiPumpkin_VN logged in!
[06-13 20:20:11]: [FINE] TuanHai logged in!
[06-13 20:24:42]: [FINE] ShadowKyra logged in!
[06-13 20:51:37]: [FINE] ShadowKyra logged in!
[06-13 21:17:12]: [FINE] TuanHai logged in!
[06-13 21:17:25]: [FINE] Banbeucmas logged in!
[06-13 21:18:13]: [FINE] ShadowKyra logged in!
[06-13 21:19:19]: [FINE] NobiPumpkin_VN logged in!
[06-13 21:19:31]: [FINE] lequanglam logged in!
[06-13 21:19:36]: [FINE] JT_ToWarsDz_ logged in!
[06-13 21:25:45]: [FINE] Mentixus registered 10.243.162.235
[06-13 21:25:45]: [FINE] Mentixus logged in!
[06-13 21:32:19]: [FINE] Mentixus logged in!
[06-13 21:36:03]: [FINE] NobiPumpkin_VN logged in!
[06-13 22:11:51]: [FINE] lequanglam logged in!
[06-13 22:11:51]: [FINE] NobiPumpkin_VN logged in!
[06-13 22:11:53]: [FINE] JT_ToWarsDz_ logged in!
[06-13 22:12:12]: [FINE] TuanHai logged in!
[06-13 22:14:35]: [FINE] NobiPumpkin_VN logged in!
[06-13 22:18:34]: [FINE] JT_ToWarsDz_ logged in!
[06-13 22:21:34]: [FINE] BoyJame logged in!
[06-13 22:26:47]: [FINE] TuanHai logged in!
[06-13 22:26:50]: [FINE] JT_ToWarsDz_ logged in!
[06-13 22:26:59]: [FINE] lequanglam logged in!
[06-13 22:31:33]: [FINE] BoyJame logged in!
[06-13 22:35:54]: [FINE] Strongdavid7 logged in!
[06-13 22:56:46]: [FINE] NobiPumpkin_VN logged in!
[06-13 23:03:03]: [FINE] BoyJame logged in!
[06-14 17:25:25]: [INFO] AuthMe 5.4.0-b1877 disabled!
[06-14 17:26:41]: [INFO] SQLite Setup finished
[06-14 17:26:41]: [INFO] Hooked into LuckPerms!
[06-14 17:26:41]: [INFO] [LICENSE] This product uses data from the GeoLite API created by MaxMind, available at http://www.maxmind.com
[06-14 17:26:41]: [INFO] Hooked successfully into Essentials
[06-14 17:26:41]: [INFO] Development builds are available on our jenkins, thanks to f14stelt.
[06-14 17:26:41]: [INFO] Do you want a good game server? Look at our sponsor GameHosting.it leader in Italy as Game Server Provider!
[06-14 17:26:41]: [INFO] AuthMe 5.4.0 build n.1877 correctly enabled!
[06-14 17:27:21]: [FINE] NobiPumpkin_VN logged in!
[06-14 17:29:36]: [FINE] JT_ToWarsDz_ logged in!
[06-14 17:30:03]: [FINE] ShadowKyra logged in!
[06-14 17:32:10]: [FINE] zNightlord logged in!
[06-14 17:49:34]: [FINE] Kannazuki_Arin registered 10.243.232.224
[06-14 17:49:35]: [FINE] Kannazuki_Arin logged in!
[06-14 17:58:39]: [FINE] ShadowKyra logged in!
[06-14 18:20:31]: [FINE] NobiPumpkin_VN logged in!
[06-14 18:20:43]: [FINE] ShadowKyra logged in!
[06-14 18:42:58]: [FINE] Kannazuki_Arin used the wrong password
[06-14 18:43:17]: [FINE] Kannazuki_Arin logged in!
[06-14 18:43:28]: [INFO] Kannazuki_Arin changed his password
[06-14 18:43:44]: [FINE] ShadowKyra logged in!
[06-14 18:51:34]: [FINE] JT_ToWarsDz_ logged in!
[06-14 19:13:42]: [FINE] lequanglam logged in!
[06-14 19:29:47]: [FINE] ShadowKyra logged in!
[06-14 21:32:48]: [INFO] AuthMe 5.4.0-b1877 disabled!
[06-14 21:33:34]: [INFO] SQLite Setup finished
[06-14 21:33:34]: [INFO] Hooked into LuckPerms!
[06-14 21:33:34]: [INFO] [LICENSE] This product uses data from the GeoLite API created by MaxMind, available at http://www.maxmind.com
[06-14 21:33:34]: [INFO] Hooked successfully into Essentials
[06-14 21:33:34]: [INFO] Development builds are available on our jenkins, thanks to f14stelt.
[06-14 21:33:34]: [INFO] Do you want a good game server? Look at our sponsor GameHosting.it leader in Italy as Game Server Provider!
[06-14 21:33:34]: [INFO] AuthMe 5.4.0 build n.1877 correctly enabled!
[06-14 21:33:53]: [FINE] JT_ToWarsDz_ logged in!
[06-14 21:37:49]: [FINE] NobiPumpkin_VN logged in!
[06-14 21:42:11]: [FINE] TuanHai logged in!
[06-14 21:48:11]: [FINE] lequanglam logged in!
[06-14 22:11:12]: [FINE] TuanHai logged in!
[06-14 23:18:31]: [FINE] JT_ToWarsDz_ logged in!
[06-14 23:53:32]: [FINE] NobiPumpkin_VN used the wrong password
[06-14 23:53:52]: [FINE] NobiPumpkin_VN logged in!
[06-15 17:11:21]: [INFO] SQLite Setup finished
[06-15 17:11:21]: [INFO] Hooked into LuckPerms!
[06-15 17:11:21]: [INFO] [LICENSE] This product uses data from the GeoLite API created by MaxMind, available at http://www.maxmind.com
[06-15 17:11:21]: [INFO] Hooked successfully into Essentials
[06-15 17:11:22]: [INFO] Development builds are available on our jenkins, thanks to f14stelt.
[06-15 17:11:22]: [INFO] Do you want a good game server? Look at our sponsor GameHosting.it leader in Italy as Game Server Provider!
[06-15 17:11:22]: [INFO] AuthMe 5.4.0 build n.1877 correctly enabled!
[06-15 17:11:44]: [FINE] JT_ToWarsDz_ logged in!
[06-15 17:12:25]: [FINE] zNightlord logged in!
[06-15 17:14:28]: [FINE] hieu_plays logged in!
[06-15 17:14:34]: [FINE] WaoTaiDz registered 10.243.214.10
[06-15 17:14:34]: [FINE] WaoTaiDz logged in!
[06-15 17:22:26]: [FINE] WaoTaiDz logged in!
[06-15 17:27:51]: [FINE] WaoTaiDz logged in!
[06-15 17:40:13]: [FINE] WaoTaiDz logged in!
[06-15 17:58:41]: [FINE] WaoTaiDz logged in!
[06-15 18:00:45]: [FINE] NobiPumpkin_VN logged in!
[06-15 18:01:22]: [FINE] JmanK390 registered 10.243.39.33
[06-15 18:01:22]: [FINE] JmanK390 logged in!
[06-15 18:01:52]: [FINE] BoyJame logged in!
[06-15 18:07:26]: [FINE] Kannazuki_Arin logged in!
[06-15 18:20:16]: [FINE] JT_ToWarsDz_ logged in!
[06-15 18:21:56]: [FINE] WaoTaiDz logged in!
[06-15 18:24:02]: [FINE] NobiPumpkin_VN logged in!
[06-15 18:36:32]: [FINE] WaoTaiDz logged in!
[06-15 18:38:59]: [FINE] WaoTaiDz logged in!
[06-15 18:40:54]: [FINE] NobiPumpkin_VN logged in!
[06-15 19:42:57]: [FINE] WaoTaiDz logged in!
[06-15 19:44:00]: [FINE] TuanHai logged in!
[06-15 19:49:31]: [FINE] lequanglam logged in!
[06-15 20:00:52]: [FINE] WaoTaiDz logged in!
[06-15 20:02:55]: [FINE] JT_ToWarsDz_ logged in!
[06-15 20:15:04]: [FINE] Kannazuki_Arin logged in!
[06-15 20:31:40]: [FINE] JT_ToWarsDz_ logged in!
[06-15 20:33:30]: [FINE] NobiPumpkin_VN logged in!
[06-15 20:35:26]: [FINE] TuanHai logged in!
[06-15 20:42:30]: [FINE] NobiPumpkin_VN logged in!
[06-15 21:30:02]: [FINE] TuanHai logged in!
[06-15 21:51:46]: [FINE] JT_ToWarsDz_ logged in!
[06-15 21:59:26]: [FINE] Kannazuki_Arin logged in!
[06-15 22:13:13]: [FINE] Kannazuki_Arin logged in!
[06-15 23:50:13]: [FINE] BoyJame logged in!
[06-15 23:52:54]: [FINE] JmanK390 logged in!
[06-16 00:21:48]: [FINE] JmanK390 logged in!
[06-16 01:03:06]: [FINE] JT_ToWarsDz_ logged in!
[06-16 01:03:29]: [INFO] AuthMe 5.4.0-b1877 disabled!
[06-24 20:12:51]: [INFO] SQLite Setup finished
[06-24 20:12:52]: [INFO] Hooked into LuckPerms!
[06-24 20:12:52]: [INFO] Hooked successfully into Essentials
[06-24 20:12:52]: [INFO] [LICENSE] This product uses data from the GeoLite API created by MaxMind, available at http://www.maxmind.com
[06-24 20:12:53]: [INFO] Development builds are available on our jenkins, thanks to f14stelt.
[06-24 20:12:53]: [INFO] Do you want a good game server? Look at our sponsor GameHosting.it leader in Italy as Game Server Provider!
[06-24 20:12:53]: [INFO] AuthMe 5.4.0 build n.1877 correctly enabled!
[06-24 20:16:14]: [FINE] JT_ToWarsDz_ logged in!
[06-24 20:26:40]: [FINE] TuanHai logged in!
[06-24 20:31:35]: [FINE] JT_ToWarsDz_ logged in!
[06-24 20:40:08]: [FINE] JT_ToWarsDz_ logged in!
[06-24 20:52:04]: [FINE] Kannazuki_Arin logged in!
[06-24 21:03:37]: [FINE] Kannazuki_Arin logged in!
[06-24 21:09:25]: [FINE] JT_ToWarsDz_ logged in!
[06-24 21:58:08]: [FINE] TuanHai logged in!
[06-24 22:04:12]: [INFO] AuthMe 5.4.0-b1877 disabled!
[06-24 22:05:28]: [INFO] SQLite Setup finished
[06-24 22:05:28]: [INFO] Hooked into LuckPerms!
[06-24 22:05:28]: [INFO] [LICENSE] This product uses data from the GeoLite API created by MaxMind, available at http://www.maxmind.com
[06-24 22:05:28]: [INFO] Hooked successfully into Essentials
[06-24 22:05:29]: [INFO] Development builds are available on our jenkins, thanks to f14stelt.
[06-24 22:05:29]: [INFO] Do you want a good game server? Look at our sponsor GameHosting.it leader in Italy as Game Server Provider!
[06-24 22:05:29]: [INFO] AuthMe 5.4.0 build n.1877 correctly enabled!
[06-25 16:54:05]: [INFO] AuthMe 5.4.0-b1877 disabled!
[06-25 16:59:00]: [INFO] SQLite Setup finished
[06-25 16:59:00]: [INFO] Hooked into LuckPerms!
[06-25 16:59:00]: [INFO] [LICENSE] This product uses data from the GeoLite API created by MaxMind, available at http://www.maxmind.com
[06-25 16:59:00]: [INFO] Hooked successfully into Essentials
[06-25 16:59:01]: [INFO] Development builds are available on our jenkins, thanks to f14stelt.
[06-25 16:59:01]: [INFO] Do you want a good game server? Look at our sponsor GameHosting.it leader in Italy as Game Server Provider!
[06-25 16:59:01]: [INFO] AuthMe 5.4.0 build n.1877 correctly enabled!
[06-25 16:59:31]: [INFO] AuthMe 5.4.0-b1877 disabled!
[06-25 17:01:45]: [INFO] SQLite Setup finished
[06-25 17:01:45]: [INFO] Hooked into LuckPerms!
[06-25 17:01:45]: [INFO] [LICENSE] This product uses data from the GeoLite API created by MaxMind, available at http://www.maxmind.com
[06-25 17:01:45]: [INFO] Hooked successfully into Essentials
[06-25 17:01:45]: [INFO] Development builds are available on our jenkins, thanks to f14stelt.
[06-25 17:01:45]: [INFO] Do you want a good game server? Look at our sponsor GameHosting.it leader in Italy as Game Server Provider!
[06-25 17:01:45]: [INFO] AuthMe 5.4.0 build n.1877 correctly enabled!
[06-25 19:08:46]: [INFO] AuthMe 5.4.0-b1877 disabled!
[06-25 19:09:19]: [INFO] SQLite Setup finished
[06-25 19:09:19]: [INFO] Hooked into LuckPerms!
[06-25 19:09:19]: [INFO] [LICENSE] This product uses data from the GeoLite API created by MaxMind, available at http://www.maxmind.com
[06-25 19:09:19]: [INFO] Hooked successfully into Essentials
[06-25 19:09:19]: [INFO] Development builds are available on our jenkins, thanks to f14stelt.
[06-25 19:09:19]: [INFO] Do you want a good game server? Look at our sponsor GameHosting.it leader in Italy as Game Server Provider!
[06-25 19:09:19]: [INFO] AuthMe 5.4.0 build n.1877 correctly enabled!
[06-25 20:27:51]: [INFO] AuthMe 5.4.0-b1877 disabled!
[06-25 20:28:30]: [INFO] SQLite Setup finished
[06-25 20:28:30]: [INFO] Hooked into LuckPerms!
[06-25 20:28:30]: [INFO] [LICENSE] This product uses data from the GeoLite API created by MaxMind, available at http://www.maxmind.com
[06-25 20:28:30]: [INFO] Hooked successfully into Essentials
[06-25 20:28:30]: [INFO] Development builds are available on our jenkins, thanks to f14stelt.
[06-25 20:28:30]: [INFO] Do you want a good game server? Look at our sponsor GameHosting.it leader in Italy as Game Server Provider!
[06-25 20:28:30]: [INFO] AuthMe 5.4.0 build n.1877 correctly enabled!
[06-25 20:45:11]: [INFO] AuthMe 5.4.0-b1877 disabled!
[06-25 20:45:44]: [INFO] SQLite Setup finished
[06-25 20:45:44]: [INFO] Hooked into LuckPerms!
[06-25 20:45:44]: [INFO] [LICENSE] This product uses data from the GeoLite API created by MaxMind, available at http://www.maxmind.com
[06-25 20:45:44]: [INFO] Hooked successfully into Essentials
[06-25 20:45:44]: [INFO] Development builds are available on our jenkins, thanks to f14stelt.
[06-25 20:45:44]: [INFO] Do you want a good game server? Look at our sponsor GameHosting.it leader in Italy as Game Server Provider!
[06-25 20:45:44]: [INFO] AuthMe 5.4.0 build n.1877 correctly enabled!
[07-01 23:24:54]: [INFO] AuthMe 5.4.0-b1877 disabled!
[07-18 05:01:50]: [INFO] SQLite Setup finished
[07-18 05:01:50]: [INFO] Hooked into LuckPerms!
[07-18 05:01:50]: [INFO] Hooked successfully into Essentials
[07-18 05:01:50]: [INFO] [LICENSE] This product uses data from the GeoLite API created by MaxMind, available at http://www.maxmind.com
[07-18 05:01:50]: [INFO] Development builds are available on our jenkins, thanks to f14stelt.
[07-18 05:01:50]: [INFO] Do you want a good game server? Look at our sponsor GameHosting.it leader in Italy as Game Server Provider!
[07-18 05:01:50]: [INFO] AuthMe 5.4.0 build n.1877 correctly enabled!
[07-18 05:03:05]: [INFO] AuthMe 5.4.0-b1877 disabled!
[07-18 05:06:28]: [INFO] SQLite Setup finished
[07-18 05:06:28]: [INFO] Hooked into LuckPerms!
[07-18 05:06:28]: [INFO] [LICENSE] This product uses data from the GeoLite API created by MaxMind, available at http://www.maxmind.com
[07-18 05:06:28]: [INFO] Hooked successfully into Essentials
[07-18 05:06:28]: [INFO] Development builds are available on our jenkins, thanks to f14stelt.
[07-18 05:06:28]: [INFO] Do you want a good game server? Look at our sponsor GameHosting.it leader in Italy as Game Server Provider!
[07-18 05:06:28]: [INFO] AuthMe 5.4.0 build n.1877 correctly enabled!
[07-19 04:42:09]: [INFO] AuthMe 5.4.0-b1877 disabled!
[07-19 04:57:40]: [INFO] SQLite Setup finished
[07-19 04:57:40]: [INFO] Hooked into LuckPerms!
[07-19 04:57:40]: [INFO] Hooked successfully into Essentials
[07-19 04:57:40]: [INFO] [LICENSE] This product uses data from the GeoLite API created by MaxMind, available at http://www.maxmind.com
[07-19 04:57:41]: [INFO] Development builds are available on our jenkins, thanks to f14stelt.
[07-19 04:57:41]: [INFO] Do you want a good game server? Look at our sponsor GameHosting.it leader in Italy as Game Server Provider!
[07-19 04:57:41]: [INFO] AuthMe 5.4.0 build n.1877 correctly enabled!
[07-19 15:36:40]: [INFO] AuthMe 5.4.0-b1877 disabled!
[07-19 15:42:12]: [INFO] SQLite Setup finished
[07-19 15:42:12]: [INFO] Hooked into LuckPerms!
[07-19 15:42:12]: [INFO] Hooked successfully into Essentials
[07-19 15:42:12]: [INFO] [LICENSE] This product uses data from the GeoLite API created by MaxMind, available at http://www.maxmind.com
[07-19 15:42:13]: [INFO] Development builds are available on our jenkins, thanks to f14stelt.
[07-19 15:42:13]: [INFO] Do you want a good game server? Look at our sponsor GameHosting.it leader in Italy as Game Server Provider!
[07-19 15:42:13]: [INFO] AuthMe 5.4.0 build n.1877 correctly enabled!
[07-19 15:46:00]: [INFO] AuthMe 5.4.0-b1877 disabled!
[07-19 15:46:51]: [INFO] SQLite Setup finished
[07-19 15:46:52]: [INFO] Hooked into LuckPerms!
[07-19 15:46:52]: [INFO] [LICENSE] This product uses data from the GeoLite API created by MaxMind, available at http://www.maxmind.com
[07-19 15:46:52]: [INFO] Hooked successfully into Essentials
[07-19 15:46:52]: [INFO] Development builds are available on our jenkins, thanks to f14stelt.
[07-19 15:46:52]: [INFO] Do you want a good game server? Look at our sponsor GameHosting.it leader in Italy as Game Server Provider!
[07-19 15:46:52]: [INFO] AuthMe 5.4.0 build n.1877 correctly enabled!
[07-19 15:47:55]: [INFO] AuthMe 5.4.0-b1877 disabled!
