[Thu, 14. Jun 2018 17:28:36 ICT | ID 198388149422915584] Banbeucmas: say lol
[Thu, 14. Jun 2018 17:32:37 ICT | ID 198388149422915584] Banbeucmas: bc lol
[Thu, 14. Jun 2018 17:33:48 ICT | ID 198388149422915584] Banbeucmas: Vẫn phải có mục tiêu 😃
[Thu, 14. Jun 2018 17:33:57 ICT | ID 198388149422915584] Banbeucmas: say Vẫn phải có mục tiêu chứ
[Thu, 14. Jun 2018 19:10:53 ICT | ID 198388149422915584] Banbeucmas: lp group default editor
[Thu, 14. Jun 2018 19:11:10 ICT | ID 198388149422915584] Banbeucmas: ./is home ý
[Thu, 14. Jun 2018 19:11:17 ICT | ID 198388149422915584] Banbeucmas: Say /is home ý
[Thu, 14. Jun 2018 19:11:38 ICT | ID 198388149422915584] Banbeucmas: Say mua obsidian
[Thu, 14. Jun 2018 19:17:09 ICT | ID 198388149422915584] Banbeucmas: say 0.3
[Thu, 14. Jun 2018 19:17:21 ICT | ID 198388149422915584] Banbeucmas: Eco ?
[Thu, 14. Jun 2018 19:17:37 ICT | ID 198388149422915584] Banbeucmas: eco take lequanglam 0.3
[Thu, 14. Jun 2018 19:17:43 ICT | ID 198388149422915584] Banbeucmas: Say 0.3
[Thu, 14. Jun 2018 19:18:23 ICT | ID 198388149422915584] Banbeucmas: Eco give lequanglam 0.1
[Thu, 14. Jun 2018 19:18:34 ICT | ID 198388149422915584] Banbeucmas: Eco give lequanglam 0.1
[Thu, 14. Jun 2018 19:18:37 ICT | ID 198388149422915584] Banbeucmas: Eco give lequanglam 0.1
[Thu, 14. Jun 2018 19:20:10 ICT | ID 198388149422915584] Banbeucmas: baltop
[Thu, 14. Jun 2018 21:51:26 ICT | ID 198388149422915584] Banbeucmas: lp group default editor
[Thu, 14. Jun 2018 21:51:56 ICT | ID 198388149422915584] Banbeucmas: lp applyedits Og9512IS6S
[Thu, 14. Jun 2018 21:51:57 ICT | ID 198388149422915584] Banbeucmas: say done
[Fri, 15. Jun 2018 17:13:59 ICT | ID 198388149422915584] Banbeucmas: say lol
[Fri, 15. Jun 2018 17:16:47 ICT | ID 198388149422915584] Banbeucmas: is top
[Fri, 15. Jun 2018 17:16:56 ICT | ID 198388149422915584] Banbeucmas: baltop
[Fri, 15. Jun 2018 18:11:48 ICT | ID 198388149422915584] Banbeucmas: tps
[Fri, 15. Jun 2018 20:39:56 ICT | ID 198388149422915584] Banbeucmas: discord
[Fri, 15. Jun 2018 20:40:07 ICT | ID 198388149422915584] Banbeucmas: /discord ?
[Fri, 15. Jun 2018 20:40:18 ICT | ID 198388149422915584] Banbeucmas: discord ?
[Fri, 15. Jun 2018 20:40:19 ICT | ID 198388149422915584] Banbeucmas: say ?
[Fri, 15. Jun 2018 20:40:40 ICT | ID 198388149422915584] Banbeucmas: say Nói lại, bố m add lâu r
[Fri, 15. Jun 2018 20:41:04 ICT | ID 198388149422915584] Banbeucmas: say 🤔
[Sat, 16. Jun 2018 01:03:28 ICT | ID 198388149422915584] Banbeucmas: stop
[Sun, 24. Jun 2018 20:34:49 ICT | ID 449978284340412428] Banbeucmas: tps
[Sun, 24. Jun 2018 20:34:59 ICT | ID 449978284340412428] Banbeucmas: say sv Bình thường mà
[Sun, 24. Jun 2018 20:46:34 ICT | ID 449978284340412428] Banbeucmas: say rip
[Mon, 25. Jun 2018 16:59:31 ICT | ID 449978284340412428] Banbeucmas: stop
[Mon, 25. Jun 2018 17:02:09 ICT | ID 449978284340412428] Banbeucmas: say ok
[Mon, 25. Jun 2018 18:39:02 ICT | ID 449978284340412428] Banbeucmas: help
[Wed, 18. Jul 2018 05:30:28 UTC | ID 449978284340412428] Banbeucmas: asb
[Wed, 18. Jul 2018 05:30:43 UTC | ID 449978284340412428] Banbeucmas: say Yo
[Wed, 18. Jul 2018 05:30:54 UTC | ID 449978284340412428] Banbeucmas: bc yo
[Wed, 18. Jul 2018 07:51:15 UTC | ID 449978284340412428] Banbeucmas: help
[Wed, 18. Jul 2018 09:27:01 UTC | ID 322916364731940875] Toby: ip
[Wed, 18. Jul 2018 09:27:32 UTC | ID 322916364731940875] Toby: ping
[Wed, 18. Jul 2018 09:27:59 UTC | ID 450137108334641153] vipoff: ping
[Wed, 18. Jul 2018 09:28:01 UTC | ID 322916364731940875] Toby: help
[Wed, 18. Jul 2018 09:28:07 UTC | ID 450137108334641153] vipoff: wut
[Wed, 18. Jul 2018 09:29:24 UTC | ID 322916364731940875] Toby: pl
[Wed, 18. Jul 2018 09:30:22 UTC | ID 322916364731940875] Toby: info
[Wed, 18. Jul 2018 09:30:45 UTC | ID 322916364731940875] Toby: bukkit
[Wed, 18. Jul 2018 09:31:33 UTC | ID 424518381677445131] JT_ToWarsDz_: tell xem plugin è
[Wed, 18. Jul 2018 11:32:51 UTC | ID 322916364731940875] Toby: pl
