18-07-20 14:08:50 [INFO] Logger started.
18-07-20 14:08:50 [INFO] Logging system initialized.
18-07-20 14:08:50 [INFO] Detected Minecraft version: 1.12.2
18-07-20 14:09:04 [INFO] McAccess set to: 1.12-1.12.2 / Spigot-CB-1.12_R1
18-07-20 14:09:04 [INFO] Added block-info for Minecraft 1.5 blocks.
18-07-20 14:09:04 [INFO] Added block-info for Minecraft 1.6.1 blocks.
18-07-20 14:09:04 [INFO] Added block-info for Minecraft 1.7.2 blocks.
18-07-20 14:09:04 [INFO] Added block-info for Minecraft 1.8 blocks.
18-07-20 14:09:04 [INFO] Added block-info for Minecraft 1.9 blocks.
18-07-20 14:09:04 [INFO] Added block-info for Minecraft 1.10 blocks.
18-07-20 14:09:04 [INFO] Added block-info for Minecraft 1.11 blocks.
18-07-20 14:09:04 [INFO] Added block-info for Minecraft 1.12 blocks.
18-07-20 14:09:04 [INFO] Inventory checks: FastConsume is available, disabled InstantEat.
18-07-20 14:09:04 [INFO] Adding packet level hooks for ProtocolLib (MC 1.12.2)...
18-07-20 14:09:04 [INFO] No packet level hooks activated.
18-07-20 14:09:04 [INFO] Force disable FastHeal on Minecraft 1.9 and later.
18-07-20 14:09:04 [INFO] Version 3.16.0-RC-sMD5NET-b1134 is enabled.
18-07-20 14:09:14 [INFO] Post-enable running...
18-07-20 14:09:14 [INFO] [GenericInstanceRegistry] Registered for itself: fr.neatmonster.nocheatplus.stats.Counters
18-07-20 14:09:14 [INFO] [GenericInstanceRegistry] Registered for itself: fr.neatmonster.nocheatplus.checks.workaround.WRPT
18-07-20 14:09:14 [INFO] [GenericInstanceRegistry] Registered for itself: fr.neatmonster.nocheatplus.checks.moving.location.tracking.LocationTrace$TraceEntryPool
18-07-20 14:09:14 [INFO] [GenericInstanceRegistry] Registered for itself: fr.neatmonster.nocheatplus.utilities.entity.PassengerUtil
18-07-20 14:09:14 [INFO] [GenericInstanceRegistry] Registered for itself: java.util.Random
18-07-20 14:09:14 [INFO] [GenericInstanceRegistry] Registered for fr.neatmonster.nocheatplus.compat.IBridgeCrossPlugin: fr.neatmonster.nocheatplus.compat.meta.BridgeCrossPlugin
18-07-20 14:09:14 [INFO] [GenericInstanceRegistry] Registered for fr.neatmonster.nocheatplus.compat.MCAccess: fr.neatmonster.nocheatplus.compat.cbdev.MCAccessCBDev
18-07-20 14:09:14 [INFO] [GenericInstanceRegistry] Registered for fr.neatmonster.nocheatplus.utilities.map.BlockCache: fr.neatmonster.nocheatplus.compat.cbdev.BlockCacheCBDev
18-07-20 14:09:14 [INFO] [GenericInstanceRegistry] Registered for fr.neatmonster.nocheatplus.components.modifier.IAttributeAccess: fr.neatmonster.nocheatplus.compat.cbdev.AttributeAccess
18-07-20 14:09:14 [INFO] [GenericInstanceRegistry] Registered for fr.neatmonster.nocheatplus.components.entity.IEntityAccessLastPositionAndLook: fr.neatmonster.nocheatplus.compat.cbdev.EntityAccessLastPositionAndLook
18-07-20 14:09:14 [INFO] [GenericInstanceRegistry] Registered for fr.neatmonster.nocheatplus.components.entity.IEntityAccessVehicle: fr.neatmonster.nocheatplus.compat.bukkit.EntityAccessVehicleMultiPassenger
18-07-20 14:09:14 [INFO] [GenericInstanceRegistry] Registered for itself: fr.neatmonster.nocheatplus.checks.moving.util.AuxMoving
18-07-20 14:09:14 [INFO] Added hook: AllViolations(NCP) [1.0].
18-07-20 14:09:16 [INFO] Post-enable finished.
18-07-20 14:09:16 [INFO] ---- Version information ----
#### Server ####
git-Spigot-2086bb0-8cc5a7e ~MC: 1.12.2~
  detected: 1.12.2
#### NoCheatPlus ####
Plugin: 3.16.0-RC-sMD5NET-b1134
MCAccess: 1.12-1.12.2 / Spigot-CB-1.12_R1
Features:
  blocks: BlocksMC1_4 | BlocksMC1_5 | BlocksMC1_6_1 | BlocksMC1_7_2 | BlocksMC1_8 | BlocksMC1_9 | BlocksMC1_10 | BlocksMC1_11 | BlocksMC1_12
  checks: FastConsume | Gutenberg | HotFixFallingBlockPortalEnter
  defaults: pvpKnockBackVelocity
Hooks: AllViolations~NCP~ 1.0
#### Related Plugins ####
ProtocolLib v4.3.0
18-07-20 14:09:25 [INFO] Removed hook: AllViolations(NCP) [1.0].
18-07-20 14:09:25 [FINE] | cancel.dead 0 | cancel.offline 0 | block.interact.look.current 0 | block.interact.look.flying.first 0 | block.interact.look.flying.other 0 | illegalitem 0 | boatsanywhere 0 | throwenderpearl 0 | fakeinvulnerable 0 | eggonentity 0 | event.player.move 0 | packet.nullplayer 0 | packet.inconsistent.isasync 0 |
18-07-20 14:09:25 [INFO] [GenericInstanceRegistry] Registry cleared.
18-07-20 14:12:38 [INFO] Logger started.
18-07-20 14:12:38 [INFO] Logging system initialized.
18-07-20 14:12:38 [INFO] Detected Minecraft version: 1.12.2
18-07-20 14:12:52 [INFO] McAccess set to: 1.12-1.12.2 / Spigot-CB-1.12_R1
18-07-20 14:12:52 [INFO] Added block-info for Minecraft 1.5 blocks.
18-07-20 14:12:52 [INFO] Added block-info for Minecraft 1.6.1 blocks.
18-07-20 14:12:52 [INFO] Added block-info for Minecraft 1.7.2 blocks.
18-07-20 14:12:52 [INFO] Added block-info for Minecraft 1.8 blocks.
18-07-20 14:12:52 [INFO] Added block-info for Minecraft 1.9 blocks.
18-07-20 14:12:52 [INFO] Added block-info for Minecraft 1.10 blocks.
18-07-20 14:12:52 [INFO] Added block-info for Minecraft 1.11 blocks.
18-07-20 14:12:52 [INFO] Added block-info for Minecraft 1.12 blocks.
18-07-20 14:12:52 [INFO] Inventory checks: FastConsume is available, disabled InstantEat.
18-07-20 14:12:52 [INFO] Adding packet level hooks for ProtocolLib (MC 1.12.2)...
18-07-20 14:12:52 [INFO] Confirm teleport packet available (via name): TELEPORT_ACCEPT[class=PacketPlayInTeleportAccept, id=0]
18-07-20 14:12:52 [INFO] Available (and activated) packet level hooks: UseEntityAdapter | MovingFlying | OutgoingPosition | KeepAliveAdapter | SoundDistance
18-07-20 14:12:52 [INFO] Force disable FastHeal on Minecraft 1.9 and later.
18-07-20 14:12:52 [INFO] Version 3.16.0-RC-sMD5NET-b1134 is enabled.
18-07-20 14:13:01 [INFO] [GenericInstanceRegistry] Registered for itself: fr.neatmonster.nocheatplus.stats.Counters
18-07-20 14:13:01 [INFO] [GenericInstanceRegistry] Registered for itself: fr.neatmonster.nocheatplus.checks.workaround.WRPT
18-07-20 14:13:01 [INFO] [GenericInstanceRegistry] Registered for itself: fr.neatmonster.nocheatplus.checks.moving.location.tracking.LocationTrace$TraceEntryPool
18-07-20 14:13:01 [INFO] [GenericInstanceRegistry] Registered for itself: fr.neatmonster.nocheatplus.utilities.entity.PassengerUtil
18-07-20 14:13:01 [INFO] [GenericInstanceRegistry] Registered for itself: java.util.Random
18-07-20 14:13:01 [INFO] [GenericInstanceRegistry] Registered for fr.neatmonster.nocheatplus.compat.IBridgeCrossPlugin: fr.neatmonster.nocheatplus.compat.meta.BridgeCrossPlugin
18-07-20 14:13:01 [INFO] [GenericInstanceRegistry] Registered for fr.neatmonster.nocheatplus.compat.MCAccess: fr.neatmonster.nocheatplus.compat.cbdev.MCAccessCBDev
18-07-20 14:13:01 [INFO] [GenericInstanceRegistry] Registered for fr.neatmonster.nocheatplus.utilities.map.BlockCache: fr.neatmonster.nocheatplus.compat.cbdev.BlockCacheCBDev
18-07-20 14:13:01 [INFO] [GenericInstanceRegistry] Registered for fr.neatmonster.nocheatplus.components.modifier.IAttributeAccess: fr.neatmonster.nocheatplus.compat.cbdev.AttributeAccess
18-07-20 14:13:01 [INFO] [GenericInstanceRegistry] Registered for fr.neatmonster.nocheatplus.components.entity.IEntityAccessLastPositionAndLook: fr.neatmonster.nocheatplus.compat.cbdev.EntityAccessLastPositionAndLook
18-07-20 14:13:01 [INFO] [GenericInstanceRegistry] Registered for fr.neatmonster.nocheatplus.components.entity.IEntityAccessVehicle: fr.neatmonster.nocheatplus.compat.bukkit.EntityAccessVehicleMultiPassenger
18-07-20 14:13:01 [INFO] [GenericInstanceRegistry] Registered for itself: fr.neatmonster.nocheatplus.checks.moving.util.AuxMoving
18-07-20 14:13:01 [INFO] Added hook: AllViolations(NCP) [1.0].
18-07-20 14:13:01 [INFO] Post-enable running...
18-07-20 14:13:04 [INFO] Post-enable finished.
18-07-20 14:13:05 [INFO] ---- Version information ----
#### Server ####
git-Spigot-2086bb0-8cc5a7e ~MC: 1.12.2~
  detected: 1.12.2
#### NoCheatPlus ####
Plugin: 3.16.0-RC-sMD5NET-b1134
MCAccess: 1.12-1.12.2 / Spigot-CB-1.12_R1
Features:
  blocks: BlocksMC1_4 | BlocksMC1_5 | BlocksMC1_6_1 | BlocksMC1_7_2 | BlocksMC1_8 | BlocksMC1_9 | BlocksMC1_10 | BlocksMC1_11 | BlocksMC1_12
  checks: FastConsume | Gutenberg | HotFixFallingBlockPortalEnter | AttackFrequency | FlyingFrequency | KeepAliveFrequency
  defaults: pvpKnockBackVelocity
  packet-listeners: UseEntityAdapter | MovingFlying | OutgoingPosition | KeepAliveAdapter | SoundDistance
Hooks: AllViolations~NCP~ 1.0
#### Related Plugins ####
ProtocolLib v4.3.0
18-07-20 14:38:49 [INFO] Removed hook: AllViolations(NCP) [1.0].
18-07-20 14:38:49 [FINE] | cancel.dead 0 | cancel.offline 0 | block.interact.look.current 1 (1/0) | block.interact.look.flying.first 0 | block.interact.look.flying.other 0 | illegalitem 0 | boatsanywhere 0 | throwenderpearl 0 | fakeinvulnerable 0 | eggonentity 0 | event.player.move 1579 (1579/0) | packet.nullplayer 0 | packet.inconsistent.isasync 0 | packet.flying 2025 (0/2025) | packet.flying.asynchronous 2025 (0/2025) | packet.outgoing_position.untracked 1 (1/0) | packet.sound.cancel 0 |
18-07-20 14:38:49 [INFO] [GenericInstanceRegistry] Registry cleared.
18-07-21 06:30:54 [INFO] Logger started.
18-07-21 06:30:54 [INFO] Logging system initialized.
18-07-21 06:30:54 [INFO] Detected Minecraft version: 1.12.2
18-07-21 06:31:06 [INFO] McAccess set to: 1.12-1.12.2 / Spigot-CB-1.12_R1
18-07-21 06:31:06 [INFO] Added block-info for Minecraft 1.5 blocks.
18-07-21 06:31:06 [INFO] Added block-info for Minecraft 1.6.1 blocks.
18-07-21 06:31:06 [INFO] Added block-info for Minecraft 1.7.2 blocks.
18-07-21 06:31:06 [INFO] Added block-info for Minecraft 1.8 blocks.
18-07-21 06:31:06 [INFO] Added block-info for Minecraft 1.9 blocks.
18-07-21 06:31:06 [INFO] Added block-info for Minecraft 1.10 blocks.
18-07-21 06:31:06 [INFO] Added block-info for Minecraft 1.11 blocks.
18-07-21 06:31:06 [INFO] Added block-info for Minecraft 1.12 blocks.
18-07-21 06:31:06 [INFO] Inventory checks: FastConsume is available, disabled InstantEat.
18-07-21 06:31:06 [INFO] Adding packet level hooks for ProtocolLib (MC 1.12.2)...
18-07-21 06:31:06 [INFO] Confirm teleport packet available (via name): TELEPORT_ACCEPT[class=PacketPlayInTeleportAccept, id=0]
18-07-21 06:31:06 [INFO] Available (and activated) packet level hooks: UseEntityAdapter | MovingFlying | OutgoingPosition | KeepAliveAdapter | SoundDistance
18-07-21 06:31:06 [INFO] Force disable FastHeal on Minecraft 1.9 and later.
18-07-21 06:31:06 [INFO] Version 3.16.0-RC-sMD5NET-b1134 is enabled.
18-07-21 06:31:15 [INFO] [GenericInstanceRegistry] Registered for itself: fr.neatmonster.nocheatplus.stats.Counters
18-07-21 06:31:15 [INFO] [GenericInstanceRegistry] Registered for itself: fr.neatmonster.nocheatplus.checks.workaround.WRPT
18-07-21 06:31:15 [INFO] [GenericInstanceRegistry] Registered for itself: fr.neatmonster.nocheatplus.checks.moving.location.tracking.LocationTrace$TraceEntryPool
18-07-21 06:31:15 [INFO] [GenericInstanceRegistry] Registered for itself: fr.neatmonster.nocheatplus.utilities.entity.PassengerUtil
18-07-21 06:31:15 [INFO] [GenericInstanceRegistry] Registered for itself: java.util.Random
18-07-21 06:31:15 [INFO] [GenericInstanceRegistry] Registered for fr.neatmonster.nocheatplus.compat.IBridgeCrossPlugin: fr.neatmonster.nocheatplus.compat.meta.BridgeCrossPlugin
18-07-21 06:31:15 [INFO] [GenericInstanceRegistry] Registered for fr.neatmonster.nocheatplus.compat.MCAccess: fr.neatmonster.nocheatplus.compat.cbdev.MCAccessCBDev
18-07-21 06:31:15 [INFO] [GenericInstanceRegistry] Registered for fr.neatmonster.nocheatplus.utilities.map.BlockCache: fr.neatmonster.nocheatplus.compat.cbdev.BlockCacheCBDev
18-07-21 06:31:15 [INFO] [GenericInstanceRegistry] Registered for fr.neatmonster.nocheatplus.components.modifier.IAttributeAccess: fr.neatmonster.nocheatplus.compat.cbdev.AttributeAccess
18-07-21 06:31:15 [INFO] [GenericInstanceRegistry] Registered for fr.neatmonster.nocheatplus.components.entity.IEntityAccessLastPositionAndLook: fr.neatmonster.nocheatplus.compat.cbdev.EntityAccessLastPositionAndLook
18-07-21 06:31:15 [INFO] [GenericInstanceRegistry] Registered for fr.neatmonster.nocheatplus.components.entity.IEntityAccessVehicle: fr.neatmonster.nocheatplus.compat.bukkit.EntityAccessVehicleMultiPassenger
18-07-21 06:31:15 [INFO] [GenericInstanceRegistry] Registered for itself: fr.neatmonster.nocheatplus.checks.moving.util.AuxMoving
18-07-21 06:31:15 [INFO] Post-enable running...
18-07-21 06:31:15 [INFO] Added hook: AllViolations(NCP) [1.0].
18-07-21 06:31:18 [INFO] Post-enable finished.
18-07-21 06:31:18 [INFO] ---- Version information ----
#### Server ####
git-Spigot-2086bb0-8cc5a7e ~MC: 1.12.2~
  detected: 1.12.2
#### NoCheatPlus ####
Plugin: 3.16.0-RC-sMD5NET-b1134
MCAccess: 1.12-1.12.2 / Spigot-CB-1.12_R1
Features:
  blocks: BlocksMC1_4 | BlocksMC1_5 | BlocksMC1_6_1 | BlocksMC1_7_2 | BlocksMC1_8 | BlocksMC1_9 | BlocksMC1_10 | BlocksMC1_11 | BlocksMC1_12
  checks: FastConsume | Gutenberg | HotFixFallingBlockPortalEnter | AttackFrequency | FlyingFrequency | KeepAliveFrequency
  defaults: pvpKnockBackVelocity
  packet-listeners: UseEntityAdapter | MovingFlying | OutgoingPosition | KeepAliveAdapter | SoundDistance
Hooks: AllViolations~NCP~ 1.0
#### Related Plugins ####
ProtocolLib v4.3.0
18-07-21 06:36:31 [INFO] Removed hook: AllViolations(NCP) [1.0].
18-07-21 06:36:31 [FINE] | cancel.dead 0 | cancel.offline 0 | block.interact.look.current 0 | block.interact.look.flying.first 0 | block.interact.look.flying.other 0 | illegalitem 0 | boatsanywhere 0 | throwenderpearl 0 | fakeinvulnerable 0 | eggonentity 0 | event.player.move 8 (8/0) | packet.nullplayer 0 | packet.inconsistent.isasync 0 | packet.flying 291 (0/291) | packet.flying.asynchronous 291 (0/291) | packet.outgoing_position.untracked 1 (1/0) | packet.sound.cancel 0 |
18-07-21 06:36:31 [INFO] [GenericInstanceRegistry] Registry cleared.
18-07-21 06:39:19 [INFO] Logger started.
18-07-21 06:39:19 [INFO] Logging system initialized.
18-07-21 06:39:19 [INFO] Detected Minecraft version: 1.12.2
18-07-21 06:39:31 [INFO] McAccess set to: 1.12-1.12.2 / Spigot-CB-1.12_R1
18-07-21 06:39:31 [INFO] Added block-info for Minecraft 1.5 blocks.
18-07-21 06:39:31 [INFO] Added block-info for Minecraft 1.6.1 blocks.
18-07-21 06:39:31 [INFO] Added block-info for Minecraft 1.7.2 blocks.
18-07-21 06:39:31 [INFO] Added block-info for Minecraft 1.8 blocks.
18-07-21 06:39:31 [INFO] Added block-info for Minecraft 1.9 blocks.
18-07-21 06:39:31 [INFO] Added block-info for Minecraft 1.10 blocks.
18-07-21 06:39:31 [INFO] Added block-info for Minecraft 1.11 blocks.
18-07-21 06:39:31 [INFO] Added block-info for Minecraft 1.12 blocks.
18-07-21 06:39:31 [INFO] Inventory checks: FastConsume is available, disabled InstantEat.
18-07-21 06:39:31 [INFO] Adding packet level hooks for ProtocolLib (MC 1.12.2)...
18-07-21 06:39:31 [INFO] Confirm teleport packet available (via name): TELEPORT_ACCEPT[class=PacketPlayInTeleportAccept, id=0]
18-07-21 06:39:31 [INFO] Available (and activated) packet level hooks: UseEntityAdapter | MovingFlying | OutgoingPosition | KeepAliveAdapter | SoundDistance
18-07-21 06:39:31 [INFO] Force disable FastHeal on Minecraft 1.9 and later.
18-07-21 06:39:31 [INFO] Version 3.16.0-RC-sMD5NET-b1134 is enabled.
18-07-21 06:39:40 [INFO] [GenericInstanceRegistry] Registered for itself: fr.neatmonster.nocheatplus.stats.Counters
18-07-21 06:39:40 [INFO] [GenericInstanceRegistry] Registered for itself: fr.neatmonster.nocheatplus.checks.workaround.WRPT
18-07-21 06:39:40 [INFO] [GenericInstanceRegistry] Registered for itself: fr.neatmonster.nocheatplus.checks.moving.location.tracking.LocationTrace$TraceEntryPool
18-07-21 06:39:40 [INFO] [GenericInstanceRegistry] Registered for itself: fr.neatmonster.nocheatplus.utilities.entity.PassengerUtil
18-07-21 06:39:40 [INFO] [GenericInstanceRegistry] Registered for itself: java.util.Random
18-07-21 06:39:40 [INFO] [GenericInstanceRegistry] Registered for fr.neatmonster.nocheatplus.compat.IBridgeCrossPlugin: fr.neatmonster.nocheatplus.compat.meta.BridgeCrossPlugin
18-07-21 06:39:40 [INFO] [GenericInstanceRegistry] Registered for fr.neatmonster.nocheatplus.compat.MCAccess: fr.neatmonster.nocheatplus.compat.cbdev.MCAccessCBDev
18-07-21 06:39:40 [INFO] [GenericInstanceRegistry] Registered for fr.neatmonster.nocheatplus.utilities.map.BlockCache: fr.neatmonster.nocheatplus.compat.cbdev.BlockCacheCBDev
18-07-21 06:39:40 [INFO] [GenericInstanceRegistry] Registered for fr.neatmonster.nocheatplus.components.modifier.IAttributeAccess: fr.neatmonster.nocheatplus.compat.cbdev.AttributeAccess
18-07-21 06:39:40 [INFO] [GenericInstanceRegistry] Registered for fr.neatmonster.nocheatplus.components.entity.IEntityAccessLastPositionAndLook: fr.neatmonster.nocheatplus.compat.cbdev.EntityAccessLastPositionAndLook
18-07-21 06:39:40 [INFO] [GenericInstanceRegistry] Registered for fr.neatmonster.nocheatplus.components.entity.IEntityAccessVehicle: fr.neatmonster.nocheatplus.compat.bukkit.EntityAccessVehicleMultiPassenger
18-07-21 06:39:40 [INFO] [GenericInstanceRegistry] Registered for itself: fr.neatmonster.nocheatplus.checks.moving.util.AuxMoving
18-07-21 06:39:40 [INFO] Post-enable running...
18-07-21 06:39:40 [INFO] Added hook: AllViolations(NCP) [1.0].
18-07-21 06:39:43 [INFO] Post-enable finished.
18-07-21 06:39:43 [INFO] ---- Version information ----
#### Server ####
git-Spigot-2086bb0-8cc5a7e ~MC: 1.12.2~
  detected: 1.12.2
#### NoCheatPlus ####
Plugin: 3.16.0-RC-sMD5NET-b1134
MCAccess: 1.12-1.12.2 / Spigot-CB-1.12_R1
Features:
  blocks: BlocksMC1_4 | BlocksMC1_5 | BlocksMC1_6_1 | BlocksMC1_7_2 | BlocksMC1_8 | BlocksMC1_9 | BlocksMC1_10 | BlocksMC1_11 | BlocksMC1_12
  checks: FastConsume | Gutenberg | HotFixFallingBlockPortalEnter | AttackFrequency | FlyingFrequency | KeepAliveFrequency
  defaults: pvpKnockBackVelocity
  packet-listeners: UseEntityAdapter | MovingFlying | OutgoingPosition | KeepAliveAdapter | SoundDistance
Hooks: AllViolations~NCP~ 1.0
#### Related Plugins ####
ProtocolLib v4.3.0
18-07-21 06:40:36 [INFO] Removed hook: AllViolations(NCP) [1.0].
18-07-21 06:40:36 [FINE] | cancel.dead 0 | cancel.offline 0 | block.interact.look.current 0 | block.interact.look.flying.first 0 | block.interact.look.flying.other 0 | illegalitem 0 | boatsanywhere 0 | throwenderpearl 0 | fakeinvulnerable 0 | eggonentity 0 | event.player.move 0 | packet.nullplayer 0 | packet.inconsistent.isasync 0 | packet.flying 0 | packet.flying.asynchronous 0 | packet.outgoing_position.untracked 0 | packet.sound.cancel 0 |
18-07-21 06:40:36 [INFO] [GenericInstanceRegistry] Registry cleared.
18-07-21 06:53:46 [INFO] Logger started.
18-07-21 06:53:46 [INFO] Logging system initialized.
18-07-21 06:53:46 [INFO] Detected Minecraft version: 1.12.2
18-07-21 06:53:58 [INFO] McAccess set to: 1.12-1.12.2 / Spigot-CB-1.12_R1
18-07-21 06:53:58 [INFO] Added block-info for Minecraft 1.5 blocks.
18-07-21 06:53:58 [INFO] Added block-info for Minecraft 1.6.1 blocks.
18-07-21 06:53:58 [INFO] Added block-info for Minecraft 1.7.2 blocks.
18-07-21 06:53:58 [INFO] Added block-info for Minecraft 1.8 blocks.
18-07-21 06:53:58 [INFO] Added block-info for Minecraft 1.9 blocks.
18-07-21 06:53:58 [INFO] Added block-info for Minecraft 1.10 blocks.
18-07-21 06:53:58 [INFO] Added block-info for Minecraft 1.11 blocks.
18-07-21 06:53:58 [INFO] Added block-info for Minecraft 1.12 blocks.
18-07-21 06:53:59 [INFO] Inventory checks: FastConsume is available, disabled InstantEat.
18-07-21 06:53:59 [INFO] Adding packet level hooks for ProtocolLib (MC 1.12.2)...
18-07-21 06:53:59 [INFO] Confirm teleport packet available (via name): TELEPORT_ACCEPT[class=PacketPlayInTeleportAccept, id=0]
18-07-21 06:53:59 [INFO] Available (and activated) packet level hooks: UseEntityAdapter | MovingFlying | OutgoingPosition | KeepAliveAdapter | SoundDistance
18-07-21 06:53:59 [INFO] Force disable FastHeal on Minecraft 1.9 and later.
18-07-21 06:53:59 [INFO] Version 3.16.0-RC-sMD5NET-b1134 is enabled.
18-07-21 06:54:08 [INFO] Post-enable running...
18-07-21 06:54:08 [INFO] [GenericInstanceRegistry] Registered for itself: fr.neatmonster.nocheatplus.stats.Counters
18-07-21 06:54:08 [INFO] [GenericInstanceRegistry] Registered for itself: fr.neatmonster.nocheatplus.checks.workaround.WRPT
18-07-21 06:54:08 [INFO] [GenericInstanceRegistry] Registered for itself: fr.neatmonster.nocheatplus.checks.moving.location.tracking.LocationTrace$TraceEntryPool
18-07-21 06:54:08 [INFO] [GenericInstanceRegistry] Registered for itself: fr.neatmonster.nocheatplus.utilities.entity.PassengerUtil
18-07-21 06:54:08 [INFO] [GenericInstanceRegistry] Registered for itself: java.util.Random
18-07-21 06:54:08 [INFO] [GenericInstanceRegistry] Registered for fr.neatmonster.nocheatplus.compat.IBridgeCrossPlugin: fr.neatmonster.nocheatplus.compat.meta.BridgeCrossPlugin
18-07-21 06:54:08 [INFO] [GenericInstanceRegistry] Registered for fr.neatmonster.nocheatplus.compat.MCAccess: fr.neatmonster.nocheatplus.compat.cbdev.MCAccessCBDev
18-07-21 06:54:08 [INFO] [GenericInstanceRegistry] Registered for fr.neatmonster.nocheatplus.utilities.map.BlockCache: fr.neatmonster.nocheatplus.compat.cbdev.BlockCacheCBDev
18-07-21 06:54:08 [INFO] [GenericInstanceRegistry] Registered for fr.neatmonster.nocheatplus.components.modifier.IAttributeAccess: fr.neatmonster.nocheatplus.compat.cbdev.AttributeAccess
18-07-21 06:54:08 [INFO] [GenericInstanceRegistry] Registered for fr.neatmonster.nocheatplus.components.entity.IEntityAccessLastPositionAndLook: fr.neatmonster.nocheatplus.compat.cbdev.EntityAccessLastPositionAndLook
18-07-21 06:54:08 [INFO] [GenericInstanceRegistry] Registered for fr.neatmonster.nocheatplus.components.entity.IEntityAccessVehicle: fr.neatmonster.nocheatplus.compat.bukkit.EntityAccessVehicleMultiPassenger
18-07-21 06:54:08 [INFO] [GenericInstanceRegistry] Registered for itself: fr.neatmonster.nocheatplus.checks.moving.util.AuxMoving
18-07-21 06:54:08 [INFO] Added hook: AllViolations(NCP) [1.0].
18-07-21 06:54:11 [INFO] Post-enable finished.
18-07-21 06:54:11 [INFO] ---- Version information ----
#### Server ####
git-Spigot-2086bb0-8cc5a7e ~MC: 1.12.2~
  detected: 1.12.2
#### NoCheatPlus ####
Plugin: 3.16.0-RC-sMD5NET-b1134
MCAccess: 1.12-1.12.2 / Spigot-CB-1.12_R1
Features:
  blocks: BlocksMC1_4 | BlocksMC1_5 | BlocksMC1_6_1 | BlocksMC1_7_2 | BlocksMC1_8 | BlocksMC1_9 | BlocksMC1_10 | BlocksMC1_11 | BlocksMC1_12
  checks: FastConsume | Gutenberg | HotFixFallingBlockPortalEnter | AttackFrequency | FlyingFrequency | KeepAliveFrequency
  defaults: pvpKnockBackVelocity
  packet-listeners: UseEntityAdapter | MovingFlying | OutgoingPosition | KeepAliveAdapter | SoundDistance
Hooks: AllViolations~NCP~ 1.0
#### Related Plugins ####
ProtocolLib v4.3.0
