25/06/2018 17:01:40 [INFO] Loading messages ...
25/06/2018 17:01:40 [INFO] Loading placeholders and event triggers ...
25/06/2018 17:01:40 [INFO] Loading language file: lang_en
25/06/2018 17:01:40 [DEBUG] Loaded placeholder: MySQL
25/06/2018 17:01:40 [DEBUG] Loaded placeholder: CustomPlaceholders
25/06/2018 17:01:40 [INFO] Loading internal placeholders ...
25/06/2018 17:01:40 [DEBUG] Loaded placeholder: memory
25/06/2018 17:01:40 [DEBUG] Loaded placeholder: player
25/06/2018 17:01:40 [DEBUG] Loaded placeholder: essentials
25/06/2018 17:01:40 [INFO] Fetching available placeholders from server ...
25/06/2018 17:01:40 [DEBUG] Loaded placeholder: redisbungee
25/06/2018 17:01:40 [DEBUG] Loaded placeholder: entities
25/06/2018 17:01:40 [DEBUG] Loaded placeholder: bukkit
25/06/2018 17:01:40 [DEBUG] Loaded placeholder: twitter
25/06/2018 17:01:40 [DEBUG] Loaded placeholder: previousnames
25/06/2018 17:01:40 [DEBUG] Loaded placeholder: world
25/06/2018 17:01:40 [DEBUG] Loaded placeholder: placeholderapi
25/06/2018 17:01:40 [DEBUG] Loaded placeholder: sound
25/06/2018 17:01:40 [DEBUG] Loaded placeholder: java
25/06/2018 17:01:40 [DEBUG] Loaded placeholder: color
25/06/2018 17:01:40 [DEBUG] Loaded placeholder: command
25/06/2018 17:01:40 [DEBUG] Loaded placeholder: askyblock
25/06/2018 17:01:40 [DEBUG] Loaded placeholder: serverpinger
25/06/2018 17:01:41 [DEBUG] Loaded placeholder: facebook
25/06/2018 17:01:41 [INFO] Loading event hook: Vanilla Block break hook ...
25/06/2018 17:01:41 [INFO] Loading event hook: Vanilla Block place hook ...
25/06/2018 17:01:41 [INFO] Loading event hook: Vanilla Combat hook ...
25/06/2018 17:01:40 [DEBUG] Loaded placeholder: armor
25/06/2018 17:01:41 [DEBUG] Loaded placeholder: vanillaevents
25/06/2018 17:01:41 [DEBUG] Loaded placeholder: tickspersecond
25/06/2018 17:01:41 [DEBUG] Loaded placeholder: geographical
25/06/2018 17:01:41 [INFO] Loading event hook: Vanilla Block place hook ...
25/06/2018 17:01:41 [INFO] Loading event hook: Vanilla Block break hook ...
25/06/2018 17:01:41 [INFO] Loading event hook: Vanilla Combat hook ...
25/06/2018 17:01:41 [INFO] Loading event hook: Vanilla Death hook ...
25/06/2018 17:01:41 [INFO] Loading event hook: Vanilla Create portal hook ...
25/06/2018 17:01:41 [INFO] Loading event hook: Vanilla player first join ...
25/06/2018 17:01:41 [INFO] Loading event hook: Vanilla player join ...
25/06/2018 17:01:41 [INFO] Loading event hook: Vanilla player rejoin ...
25/06/2018 17:01:41 [DEBUG] Loaded placeholder: bungeecord
25/06/2018 17:01:41 [INFO] Loading event hook: Vanilla player first join ...
25/06/2018 17:01:41 [INFO] Loading event hook: Vanilla Create portal hook ...
25/06/2018 17:01:41 [INFO] Loading event hook: Vanilla Death hook ...
25/06/2018 17:01:41 [INFO] Loading event hook: Vanilla player join ...
25/06/2018 17:01:41 [DEBUG] Loaded placeholder: playereffects
25/06/2018 17:01:41 [DEBUG] Loaded placeholder: compass
25/06/2018 17:01:41 [DEBUG] Loaded placeholder: unicode
25/06/2018 17:01:41 [DEBUG] Loaded placeholder: hotbar
25/06/2018 17:01:41 [DEBUG] Loaded placeholder: statistics
25/06/2018 17:01:41 [DEBUG] Loaded placeholder: firework
25/06/2018 17:01:41 [DEBUG] Loaded placeholder: permissions
25/06/2018 17:01:41 [DEBUG] Loaded placeholder: economy
25/06/2018 17:01:42 [DEBUG]  - Server supports Team prefix/suffix
25/06/2018 17:01:42 [DEBUG] Using SCOREBOARD v7
25/06/2018 17:01:42 [DEBUG]  - Server supports Team entries
25/06/2018 17:01:42 [DEBUG]  - Server supports Objective entries
25/06/2018 17:01:42 [DEBUG]  - Server supports Team color
25/06/2018 17:01:42 [INFO] 	Arguments: 1
25/06/2018 17:01:42 [INFO] 	Lines: 2
25/06/2018 17:01:41 [INFO] Loaded 2981 of the 2981 placholders
25/06/2018 17:01:42 [INFO] Creating new custom effect: warning
25/06/2018 17:01:42 [DEBUG] 	Line: line6 Static: false
25/06/2018 17:01:42 [DEBUG] 	Line: line7 Static: false
25/06/2018 17:01:42 [DEBUG] 	Line: line5 Static: false
25/06/2018 17:01:42 [DEBUG] 	Line: line4 Static: false
25/06/2018 17:01:42 [DEBUG] 	Line: line3 Static: false
25/06/2018 17:01:42 [DEBUG] 	Line: line2 Static: false
25/06/2018 17:01:42 [DEBUG] 	Line: line1 Static: false
25/06/2018 17:01:42 [INFO] Adding scoreboard group 'benchmark' ...
25/06/2018 17:01:42 [DEBUG] 	Line: title Static: false
25/06/2018 17:01:42 [INFO] Using OPTIMAL as the update strategy
25/06/2018 17:01:42 [DEBUG] 	Line: title Static: false
25/06/2018 17:01:42 [DEBUG] 	Line: header Static: true
25/06/2018 17:01:42 [INFO] Adding scoreboard group 'default' ...
25/06/2018 17:01:42 [DEBUG] 	Line: line15 Static: false
25/06/2018 17:01:42 [DEBUG] 	Line: line14 Static: false
25/06/2018 17:01:42 [DEBUG] 	Line: line13 Static: false
25/06/2018 17:01:42 [DEBUG] 	Line: line12 Static: false
25/06/2018 17:01:42 [DEBUG] 	Line: line11 Static: false
25/06/2018 17:01:42 [DEBUG] 	Line: line10 Static: false
25/06/2018 17:01:42 [DEBUG] 	Line: line9 Static: false
25/06/2018 17:01:42 [DEBUG] 	Line: line8 Static: false
25/06/2018 17:01:42 [DEBUG] 	Line: island_Level Static: false
25/06/2018 17:01:42 [DEBUG] 	Line: island_team_size Static: false
25/06/2018 17:01:42 [DEBUG] 	Line: footer Static: true
25/06/2018 17:01:42 [DEBUG] 	Line: island_Leader Static: false
25/06/2018 17:01:42 [DEBUG] 	Line: crossline1 Static: true
25/06/2018 17:01:42 [DEBUG] 	Line: header Static: true
25/06/2018 17:01:42 [DEBUG] 	Line: player_balance Static: false
25/06/2018 17:01:42 [DEBUG] 	Line: info-label Static: true
25/06/2018 17:01:42 [DEBUG] 	Line: spacer1 Static: true
25/06/2018 17:01:42 [DEBUG] 	Line: title Static: false
25/06/2018 17:01:42 [DEBUG] 	Line: player Static: false
25/06/2018 17:01:42 [INFO] Adding scoreboard group 'mcmmo-levelup' ...
25/06/2018 17:01:42 [DEBUG] 	Line: skill Static: true
25/06/2018 17:01:42 [INFO] Adding scoreboard group 'combat-scoreboard-example' ...
25/06/2018 17:01:42 [DEBUG] 	Line: spacer1 Static: false
25/06/2018 17:01:42 [DEBUG] 	Line: footer Static: true
25/06/2018 17:01:42 [DEBUG] 	Line: footer Static: true
25/06/2018 17:01:42 [DEBUG] 	Line: skilllevel Static: true
25/06/2018 17:01:42 [DEBUG] 	Line: skilllevel-label Static: true
25/06/2018 17:01:42 [DEBUG] 	Line: header Static: true
25/06/2018 17:01:42 [DEBUG] 	Line: health-data-1 Static: false
25/06/2018 17:01:42 [DEBUG] 	Line: health-label Static: true
25/06/2018 17:01:42 [DEBUG] 	Line: combat-label Static: true
25/06/2018 17:01:42 [DEBUG] 	Line: title Static: false
25/06/2018 17:01:42 [DEBUG] 	Line: spacer2 Static: true
25/06/2018 17:01:42 [DEBUG] 	Line: skill-label Static: true
25/06/2018 17:01:42 [DEBUG] 	Line: combat-data Static: false
25/06/2018 17:01:42 [DEBUG] 	Line: health-data-2 Static: false
25/06/2018 17:01:42 [DEBUG] 	Line: poplulation-data Static: true
25/06/2018 17:01:42 [DEBUG] 	Line: footer Static: true
25/06/2018 17:01:42 [DEBUG] Scoreboards groups sorted by priority:
25/06/2018 17:01:42 [DEBUG] 	Line: population-label Static: true
25/06/2018 17:01:42 [DEBUG] 	Line: header Static: true
25/06/2018 17:01:42 [DEBUG] 	Line: spacer2 Static: false
25/06/2018 17:01:42 [DEBUG] 	Line: title Static: false
25/06/2018 17:01:42 [DEBUG] 	Line: townboard Static: false
25/06/2018 17:01:42 [DEBUG] 	default - 10
25/06/2018 17:01:42 [DEBUG] 	Line: townboard-label Static: true
25/06/2018 17:01:42 [DEBUG] 	Line: spacer1 Static: false
25/06/2018 17:01:42 [DEBUG] 	Line: town-data Static: true
25/06/2018 17:01:42 [DEBUG] 	Line: town-label Static: true
25/06/2018 17:01:42 [INFO] Adding scoreboard group 'towny-town-example' ...
25/06/2018 17:01:42 [DEBUG] 	Adding sub command 'gui'
25/06/2018 17:01:42 [DEBUG] 	Adding sub command 'off'
25/06/2018 17:01:42 [DEBUG] 	Adding sub command 'placeholders'
25/06/2018 17:01:42 [DEBUG] 	Adding sub command 'on'
25/06/2018 17:01:42 [DEBUG] 	Adding sub command 'toggle'
25/06/2018 17:01:42 [INFO] Adding command 'featherboard'
25/06/2018 17:01:42 [INFO] Toggle persistence is disabled!
25/06/2018 17:01:42 [MESSAGE] &5[&9FeatherBoard&5] &aYour version is up to date!
25/06/2018 17:01:42 [INFO] Generating metrics information ...
25/06/2018 17:01:42 [INFO] Added 'PERMISSION' as the default scoreboard assign method
25/06/2018 17:01:42 [DEBUG] 	towny-town-example - 0
25/06/2018 17:01:42 [DEBUG] 	combat-scoreboard-example - 0
25/06/2018 17:01:42 [DEBUG] 	benchmark - 0
25/06/2018 17:01:42 [DEBUG] 	mcmmo-levelup - 0
25/06/2018 17:01:42 [DEBUG] 	Adding sub command 'removescoreboard'
25/06/2018 17:01:42 [DEBUG] 	Adding sub command 'createscoreboard'
25/06/2018 17:01:42 [DEBUG] 	Adding sub command 'modules'
25/06/2018 17:01:42 [DEBUG] 	Adding sub command 'info'
25/06/2018 17:01:42 [DEBUG] 	Adding sub command 'add'
25/06/2018 17:01:42 [DEBUG] 	Adding sub command 'editsetting'
25/06/2018 17:01:42 [DEBUG] 	Adding sub command 'hide'
25/06/2018 17:01:42 [DEBUG] 	Adding sub command 'show'
25/06/2018 17:01:42 [DEBUG] 	Adding sub command 'parse'
25/06/2018 17:01:42 [DEBUG] 	Adding sub command 'generatebbcode'
25/06/2018 17:01:42 [DEBUG] 	Adding sub command 'reload'
25/06/2018 17:01:42 [DEBUG] 	Adding sub command 'help'
25/06/2018 17:01:42 [DEBUG] 	Adding sub command 'about'
25/06/2018 17:01:42 [DEBUG] 	Adding sub command 'reload'
25/06/2018 17:01:42 [DEBUG] 	Adding sub command 'permissions'
25/06/2018 17:01:42 [DEBUG] 	Adding sub command 'debug'
25/06/2018 17:01:41 [INFO] Loading event hook: Vanilla player rejoin ...
25/06/2018 17:01:42 [DEBUG] 	Adding sub command 'remove'
25/06/2018 17:01:42 [DEBUG] 	Adding sub command 'module'
25/06/2018 17:01:48 [INFO] Checking for module updates ...
25/06/2018 17:01:48 [WARNING] Unable to check for module updates!
