13/06/2018 13:01:15 [INFO] Loading language file: lang_en
13/06/2018 13:01:15 [INFO] Loading internal placeholders ...
13/06/2018 13:01:15 [INFO] Loading placeholders and event triggers ...
13/06/2018 13:01:15 [INFO] Fetching available placeholders from server ...
13/06/2018 13:01:15 [DEBUG] Loaded placeholder: MySQL
13/06/2018 13:01:15 [DEBUG] Loaded placeholder: CustomPlaceholders
13/06/2018 13:01:16 [DEBUG] Loaded placeholder: twitter
13/06/2018 13:01:15 [DEBUG] Loaded placeholder: memory
13/06/2018 13:01:15 [DEBUG] Loaded placeholder: player
13/06/2018 13:01:15 [DEBUG] Loaded placeholder: essentials
13/06/2018 13:01:16 [DEBUG] Loaded placeholder: java
13/06/2018 13:01:16 [DEBUG] Loaded placeholder: redisbungee
13/06/2018 13:01:16 [DEBUG] Loaded placeholder: entities
13/06/2018 13:01:16 [DEBUG] Loaded placeholder: bukkit
13/06/2018 13:01:16 [DEBUG] Loaded placeholder: armor
13/06/2018 13:01:16 [DEBUG] Loaded placeholder: previousnames
13/06/2018 13:01:16 [DEBUG] Loaded placeholder: world
13/06/2018 13:01:16 [DEBUG] Loaded placeholder: placeholderapi
13/06/2018 13:01:16 [DEBUG] Loaded placeholder: sound
13/06/2018 13:01:17 [DEBUG] Loaded placeholder: facebook
13/06/2018 13:01:16 [DEBUG] Loaded placeholder: command
13/06/2018 13:01:16 [DEBUG] Loaded placeholder: color
13/06/2018 13:01:16 [DEBUG] Loaded placeholder: askyblock
13/06/2018 13:01:16 [DEBUG] Loaded placeholder: serverpinger
13/06/2018 13:01:18 [INFO] Loading event hook: Vanilla Block break hook ...
13/06/2018 13:01:18 [INFO] Loading event hook: Vanilla Block place hook ...
13/06/2018 13:01:18 [INFO] Loading event hook: Vanilla Combat hook ...
13/06/2018 13:01:18 [DEBUG] Loaded placeholder: vanillaevents
13/06/2018 13:01:18 [DEBUG] Loaded placeholder: tickspersecond
13/06/2018 13:01:18 [DEBUG] Loaded placeholder: geographical
13/06/2018 13:01:18 [INFO] Loading event hook: Vanilla Combat hook ...
13/06/2018 13:01:18 [INFO] Loading event hook: Vanilla Block break hook ...
13/06/2018 13:01:18 [INFO] Loading event hook: Vanilla player first join ...
13/06/2018 13:01:18 [INFO] Loading event hook: Vanilla Create portal hook ...
13/06/2018 13:01:18 [INFO] Loading event hook: Vanilla Death hook ...
13/06/2018 13:01:18 [INFO] Loading event hook: Vanilla player join ...
13/06/2018 13:01:18 [INFO] Loading event hook: Vanilla player rejoin ...
13/06/2018 13:01:18 [INFO] Loading event hook: Vanilla player first join ...
13/06/2018 13:01:18 [INFO] Loading event hook: Vanilla Create portal hook ...
13/06/2018 13:01:18 [INFO] Loading event hook: Vanilla Death hook ...
13/06/2018 13:01:18 [INFO] Loading event hook: Vanilla player join ...
13/06/2018 13:01:18 [INFO] Loading event hook: Vanilla player rejoin ...
13/06/2018 13:01:18 [INFO] Loading event hook: Vanilla Block place hook ...
13/06/2018 13:01:18 [DEBUG] Loaded placeholder: unicode
13/06/2018 13:01:18 [DEBUG] Loaded placeholder: statistics
13/06/2018 13:01:18 [DEBUG] Loaded placeholder: firework
13/06/2018 13:01:18 [DEBUG] Loaded placeholder: permissions
13/06/2018 13:01:18 [DEBUG] Loaded placeholder: economy
13/06/2018 13:01:18 [DEBUG] Loaded placeholder: bungeecord
13/06/2018 13:01:18 [DEBUG] Loaded placeholder: hotbar
13/06/2018 13:01:18 [DEBUG] Loaded placeholder: playereffects
13/06/2018 13:01:18 [DEBUG] Loaded placeholder: compass
13/06/2018 13:01:18 [INFO] Loaded 2981 of the 2981 placholders
13/06/2018 13:01:19 [INFO] Creating new custom effect: warning
13/06/2018 13:01:19 [INFO] 	Lines: 2
13/06/2018 13:01:19 [INFO] 	Arguments: 1
13/06/2018 13:01:14 [INFO] Loading messages ...
13/06/2018 13:01:19 [INFO] Adding scoreboard group 'benchmark' ...
13/06/2018 13:01:19 [DEBUG] 	Line: title Static: false
13/06/2018 13:01:19 [DEBUG]  - Server supports Team prefix/suffix
13/06/2018 13:01:19 [DEBUG] Using SCOREBOARD v7
13/06/2018 13:01:19 [DEBUG] 	Line: line3 Static: false
13/06/2018 13:01:19 [INFO] Using OPTIMAL as the update strategy
13/06/2018 13:01:19 [DEBUG] 	Line: line4 Static: false
13/06/2018 13:01:19 [DEBUG] 	Line: line1 Static: false
13/06/2018 13:01:19 [DEBUG] 	Line: line2 Static: false
13/06/2018 13:01:19 [DEBUG]  - Server supports Team entries
13/06/2018 13:01:19 [DEBUG]  - Server supports Objective entries
13/06/2018 13:01:19 [DEBUG]  - Server supports Team color
13/06/2018 13:01:19 [DEBUG] 	Line: line7 Static: false
13/06/2018 13:01:19 [DEBUG] 	Line: line8 Static: false
13/06/2018 13:01:19 [DEBUG] 	Line: line9 Static: false
13/06/2018 13:01:19 [DEBUG] 	Line: line11 Static: false
13/06/2018 13:01:19 [DEBUG] 	Line: line10 Static: false
13/06/2018 13:01:19 [DEBUG] 	Line: line13 Static: false
13/06/2018 13:01:19 [DEBUG] 	Line: line14 Static: false
13/06/2018 13:01:19 [DEBUG] 	Line: line12 Static: false
13/06/2018 13:01:19 [DEBUG] 	Line: island_team_size Static: false
13/06/2018 13:01:19 [DEBUG] 	Line: footer Static: true
13/06/2018 13:01:19 [INFO] Adding scoreboard group 'mcmmo-levelup' ...
13/06/2018 13:01:19 [DEBUG] 	Line: island_Level Static: false
13/06/2018 13:01:19 [DEBUG] 	Line: line15 Static: false
13/06/2018 13:01:19 [INFO] Adding scoreboard group 'default' ...
13/06/2018 13:01:19 [DEBUG] 	Line: title Static: false
13/06/2018 13:01:19 [DEBUG] 	Line: player_balance Static: false
13/06/2018 13:01:19 [DEBUG] 	Line: player Static: false
13/06/2018 13:01:19 [DEBUG] 	Line: crossline1 Static: true
13/06/2018 13:01:19 [DEBUG] 	Line: island_Leader Static: false
13/06/2018 13:01:19 [DEBUG] 	Line: header Static: true
13/06/2018 13:01:19 [DEBUG] 	Line: line6 Static: false
13/06/2018 13:01:19 [DEBUG] 	Line: info-label Static: true
13/06/2018 13:01:19 [DEBUG] 	Line: title Static: false
13/06/2018 13:01:19 [DEBUG] 	Line: header Static: true
13/06/2018 13:01:19 [DEBUG] 	Line: combat-label Static: true
13/06/2018 13:01:19 [DEBUG] 	Line: combat-data Static: false
13/06/2018 13:01:19 [INFO] Adding scoreboard group 'combat-scoreboard-example' ...
13/06/2018 13:01:19 [DEBUG] 	Line: footer Static: true
13/06/2018 13:01:19 [DEBUG] 	Line: skilllevel Static: true
13/06/2018 13:01:19 [DEBUG] 	Line: skilllevel-label Static: true
13/06/2018 13:01:19 [DEBUG] 	Line: spacer2 Static: true
13/06/2018 13:01:19 [DEBUG] 	Line: skill Static: true
13/06/2018 13:01:19 [DEBUG] 	Line: skill-label Static: true
13/06/2018 13:01:19 [DEBUG] 	Line: spacer1 Static: true
13/06/2018 13:01:19 [DEBUG] 	Line: header Static: true
13/06/2018 13:01:19 [DEBUG] 	Line: title Static: false
13/06/2018 13:01:19 [DEBUG] 	Line: line5 Static: false
13/06/2018 13:01:19 [DEBUG] 	Line: footer Static: true
13/06/2018 13:01:19 [DEBUG] 	Line: spacer1 Static: false
13/06/2018 13:01:19 [DEBUG] 	Line: poplulation-data Static: true
13/06/2018 13:01:19 [DEBUG] 	Line: spacer1 Static: false
13/06/2018 13:01:19 [DEBUG] 	Line: health-label Static: true
13/06/2018 13:01:19 [DEBUG] 	Line: header Static: true
13/06/2018 13:01:19 [DEBUG] 	Line: town-label Static: true
13/06/2018 13:01:19 [DEBUG] 	Line: town-data Static: true
13/06/2018 13:01:19 [DEBUG] 	Line: townboard-label Static: true
13/06/2018 13:01:19 [DEBUG] 	Line: townboard Static: false
13/06/2018 13:01:19 [DEBUG] 	default - 10
13/06/2018 13:01:19 [DEBUG] 	Line: spacer2 Static: false
13/06/2018 13:01:19 [DEBUG] Scoreboards groups sorted by priority:
13/06/2018 13:01:19 [DEBUG] 	Line: population-label Static: true
13/06/2018 13:01:19 [DEBUG] 	Line: footer Static: true
13/06/2018 13:01:19 [DEBUG] 	Line: title Static: false
13/06/2018 13:01:19 [MESSAGE] &5[&9FeatherBoard&5] &aYour version is up to date!
13/06/2018 13:01:19 [DEBUG] 	benchmark - 0
13/06/2018 13:01:19 [DEBUG] 	Adding sub command 'off'
13/06/2018 13:01:19 [INFO] Adding scoreboard group 'towny-town-example' ...
13/06/2018 13:01:19 [DEBUG] 	Line: health-data-2 Static: false
13/06/2018 13:01:19 [DEBUG] 	towny-town-example - 0
13/06/2018 13:01:19 [INFO] Added 'PERMISSION' as the default scoreboard assign method
13/06/2018 13:01:19 [INFO] Toggle persistence is disabled!
13/06/2018 13:01:19 [INFO] Adding command 'featherboard'
13/06/2018 13:01:19 [DEBUG] 	combat-scoreboard-example - 0
13/06/2018 13:01:19 [DEBUG] 	mcmmo-levelup - 0
13/06/2018 13:01:19 [INFO] Generating metrics information ...
13/06/2018 13:01:19 [DEBUG] 	Adding sub command 'gui'
13/06/2018 13:01:19 [DEBUG] 	Adding sub command 'toggle'
13/06/2018 13:01:19 [DEBUG] 	Adding sub command 'debug'
13/06/2018 13:01:19 [DEBUG] 	Adding sub command 'on'
13/06/2018 13:01:19 [DEBUG] 	Adding sub command 'placeholders'
13/06/2018 13:01:19 [DEBUG] 	Adding sub command 'permissions'
13/06/2018 13:01:19 [DEBUG] 	Adding sub command 'editsetting'
13/06/2018 13:01:19 [DEBUG] 	Adding sub command 'show'
13/06/2018 13:01:19 [DEBUG] 	Adding sub command 'hide'
13/06/2018 13:01:19 [DEBUG] 	Adding sub command 'removescoreboard'
13/06/2018 13:01:19 [DEBUG] 	Adding sub command 'createscoreboard'
13/06/2018 13:01:19 [DEBUG] 	Adding sub command 'modules'
13/06/2018 13:01:19 [DEBUG] 	Adding sub command 'info'
13/06/2018 13:01:19 [DEBUG] 	Adding sub command 'add'
13/06/2018 13:01:19 [DEBUG] 	Adding sub command 'parse'
13/06/2018 13:01:19 [DEBUG] 	Adding sub command 'generatebbcode'
13/06/2018 13:01:19 [DEBUG] 	Adding sub command 'reload'
13/06/2018 13:01:19 [DEBUG] 	Adding sub command 'help'
13/06/2018 13:01:19 [DEBUG] 	Adding sub command 'about'
13/06/2018 13:01:19 [DEBUG] 	Adding sub command 'module'
13/06/2018 13:01:19 [DEBUG] 	Adding sub command 'remove'
13/06/2018 13:01:19 [DEBUG] 	Adding sub command 'reload'
13/06/2018 13:01:19 [DEBUG] 	Line: health-data-1 Static: false
13/06/2018 13:01:28 [WARNING] Unable to check for module updates!
13/06/2018 13:01:28 [INFO] Checking for module updates ...
