19/05/2018 00:30:51 [INFO] Loading internal placeholders ...
19/05/2018 00:30:51 [DEBUG] Loaded placeholder: CustomPlaceholders
19/05/2018 00:30:51 [INFO] Loading messages ...
19/05/2018 00:30:51 [INFO] Loading placeholders and event triggers ...
19/05/2018 00:30:51 [DEBUG] Loaded placeholder: MySQL
19/05/2018 00:30:51 [INFO] Fetching available placeholders from server ...
19/05/2018 00:30:51 [INFO] Loading language file: lang_en
19/05/2018 00:30:51 [MESSAGE] &5[&9FeatherBoard&5] &eUnable to load placeholders 'acidisland'. Plugin AcidIsland not found!
19/05/2018 00:30:52 [MESSAGE] &5[&9FeatherBoard&5] &eUnable to load placeholders 'auctions'. Plugin Auctions not found!
19/05/2018 00:30:52 [MESSAGE] &5[&9FeatherBoard&5] &eUnable to load placeholders 'autorank'. Plugin AutoRank not found!
19/05/2018 00:30:52 [WARNING] Deleting placeholder bundle cancelled: (AutoRank.jar)
19/05/2018 00:30:52 [MESSAGE] &5[&9FeatherBoard&5] &eUnable to load placeholders 'autosell'. Plugin AutoSell not found!
19/05/2018 00:30:52 [WARNING] Deleting placeholder bundle cancelled: (Auctions.jar)
19/05/2018 00:30:52 [WARNING] Deleting placeholder bundle cancelled: (AutoSell.jar)
19/05/2018 00:30:52 [DEBUG] Loaded placeholder: askyblock
19/05/2018 00:30:51 [WARNING] Deleting placeholder bundle cancelled: (AcidIsland.jar)
19/05/2018 00:30:51 [DEBUG] Loaded placeholder: armor
19/05/2018 00:30:52 [WARNING] Deleting placeholder bundle cancelled: (BiteSkyWarsReloaded.jar)
19/05/2018 00:30:52 [MESSAGE] &5[&9FeatherBoard&5] &eUnable to load placeholders 'biteskywarsreloaded'. Plugin BiteSkyWarsReloaded not found!
19/05/2018 00:30:52 [MESSAGE] &5[&9FeatherBoard&5] &eUnable to load placeholders 'bedwarsrel'. Plugin BedwarsRel not found!
19/05/2018 00:30:52 [WARNING] Deleting placeholder bundle cancelled: (BedwarsRel.jar)
19/05/2018 00:30:52 [WARNING] Deleting placeholder bundle cancelled: (BattleLevels.jar)
19/05/2018 00:30:52 [WARNING] Deleting placeholder bundle cancelled: (BukkitGames.jar)
19/05/2018 00:30:52 [DEBUG] Loaded placeholder: bungeecord
19/05/2018 00:30:52 [WARNING] Deleting placeholder bundle cancelled: (BungeeOnlineTime.jar)
19/05/2018 00:30:52 [MESSAGE] &5[&9FeatherBoard&5] &eUnable to load placeholders 'bungeeonlinetime'. Plugin BungeeOnlineTime not found!
19/05/2018 00:30:52 [MESSAGE] &5[&9FeatherBoard&5] &eUnable to load placeholders 'bukkitspeak'. Plugin BukkitSpeak not found!
19/05/2018 00:30:52 [MESSAGE] &5[&9FeatherBoard&5] &eUnable to load placeholders 'battlelevels'. Plugin BattleLevels not found!
19/05/2018 00:30:52 [DEBUG] Loaded placeholder: bukkit
19/05/2018 00:30:52 [MESSAGE] &5[&9FeatherBoard&5] &eUnable to load placeholders 'bukkitgames'. Plugin BukkitGames not found!
19/05/2018 00:30:52 [WARNING] Deleting placeholder bundle cancelled: (BukkitSpeak.jar)
19/05/2018 00:30:52 [WARNING] Deleting placeholder bundle cancelled: (DonationsHolograms.jar)
19/05/2018 00:30:52 [WARNING] Deleting placeholder bundle cancelled: (ChatReaction.jar)
19/05/2018 00:30:52 [WARNING] Deleting placeholder bundle cancelled: (EnchantmentTokens.jar)
19/05/2018 00:30:52 [MESSAGE] &5[&9FeatherBoard&5] &eUnable to load placeholders 'enchantmenttokens'. Plugin EnchantmentTokens not found!
19/05/2018 00:30:52 [DEBUG] Loaded placeholder: playereffects
19/05/2018 00:30:52 [DEBUG] Loaded placeholder: economy
19/05/2018 00:30:52 [MESSAGE] &5[&9FeatherBoard&5] &eUnable to load placeholders 'donationsholograms'. Plugin DonationsHolograms not found!
19/05/2018 00:30:52 [WARNING] Deleting placeholder bundle cancelled: (Disease.jar)
19/05/2018 00:30:52 [MESSAGE] &5[&9FeatherBoard&5] &eUnable to load placeholders 'disease'. Plugin Disease not found!
19/05/2018 00:30:52 [WARNING] Deleting placeholder bundle cancelled: (DiceEaster.jar)
19/05/2018 00:30:52 [MESSAGE] &5[&9FeatherBoard&5] &eUnable to load placeholders 'diceeaster'. Plugin DiceEaster not found!
19/05/2018 00:30:52 [WARNING] Deleting placeholder bundle cancelled: (DeluxeTags.jar)
19/05/2018 00:30:52 [MESSAGE] &5[&9FeatherBoard&5] &eUnable to load placeholders 'deluxetags'. Plugin DeluxeTags not found!
19/05/2018 00:30:52 [WARNING] Deleting placeholder bundle cancelled: (CustomList.jar)
19/05/2018 00:30:52 [MESSAGE] &5[&9FeatherBoard&5] &eUnable to load placeholders 'customlist'. Plugin ChatReaction not found!
19/05/2018 00:30:52 [DEBUG] Loaded placeholder: command
19/05/2018 00:30:52 [DEBUG] Loaded placeholder: color
19/05/2018 00:30:52 [DEBUG] Loaded placeholder: compass
19/05/2018 00:30:52 [MESSAGE] &5[&9FeatherBoard&5] &eUnable to load placeholders 'enjin'. Plugin EnjinMinecraftPlugin not found!
19/05/2018 00:30:52 [WARNING] Deleting placeholder bundle cancelled: (EZPrestige.jar)
19/05/2018 00:30:52 [MESSAGE] &5[&9FeatherBoard&5] &eUnable to load placeholders 'ezrankslite2'. Plugin EZRanksLite not found!
19/05/2018 00:30:52 [MESSAGE] &5[&9FeatherBoard&5] &eUnable to load placeholders 'ezprestige'. Plugin EZPrestige not found!
19/05/2018 00:30:52 [MESSAGE] &5[&9FeatherBoard&5] &eUnable to load placeholders 'ezrankspro'. Plugin EZRanksPro not found!
19/05/2018 00:30:54 [MESSAGE] &5[&9FeatherBoard&5] &eUnable to load placeholders 'factions1_8'. Plugin Factions not found!
19/05/2018 00:30:54 [MESSAGE] &5[&9FeatherBoard&5] &eUnable to load placeholders 'factions2'. Plugin Factions not found!
19/05/2018 00:30:54 [MESSAGE] &5[&9FeatherBoard&5] &eUnable to load placeholders 'factions1_6'. Plugin Factions not found!
19/05/2018 00:30:54 [DEBUG] Loaded placeholder: firework
19/05/2018 00:30:54 [MESSAGE] &5[&9FeatherBoard&5] &eUnable to load placeholders 'gangsplus1'. Plugin GangsPlus not found!
19/05/2018 00:30:54 [WARNING] Deleting placeholder bundle cancelled: (GansgPlus 1.jar)
19/05/2018 00:30:54 [WARNING] Deleting placeholder bundle cancelled: (GAListener.jar)
19/05/2018 00:30:54 [MESSAGE] &5[&9FeatherBoard&5] &eUnable to load placeholders 'galistener'. Plugin GAListener not found!
19/05/2018 00:30:55 [WARNING] Deleting placeholder bundle cancelled: (Heroes.jar)
19/05/2018 00:30:55 [DEBUG] Loaded placeholder: hotbar
19/05/2018 00:30:55 [DEBUG] Loaded placeholder: java
19/05/2018 00:30:55 [MESSAGE] &5[&9FeatherBoard&5] &eUnable to load placeholders 'islandworld'. Plugin IslandWorld not found!
19/05/2018 00:30:56 [MESSAGE] &5[&9FeatherBoard&5] &eUnable to load placeholders 'jobsreborn'. Plugin Jobs not found!
19/05/2018 00:30:55 [WARNING] Deleting placeholder bundle cancelled: (Jobs.jar)
19/05/2018 00:30:56 [MESSAGE] &5[&9FeatherBoard&5] &eUnable to load placeholders 'killermoney'. Plugin KillerMoney not found!
19/05/2018 00:30:56 [WARNING] Deleting placeholder bundle cancelled: (KillerMoney.jar)
19/05/2018 00:30:56 [MESSAGE] &5[&9FeatherBoard&5] &eUnable to load placeholders 'killstats'. Plugin KillStats not found!
19/05/2018 00:30:56 [WARNING] Deleting placeholder bundle cancelled: (KillRewards.jar)
19/05/2018 00:30:56 [MESSAGE] &5[&9FeatherBoard&5] &eUnable to load placeholders 'kingkits'. Plugin KingKits not found!
19/05/2018 00:30:56 [MESSAGE] &5[&9FeatherBoard&5] &eUnable to load placeholders 'kitbattle'. Plugin KitBattle not found!
19/05/2018 00:30:56 [WARNING] Deleting placeholder bundle cancelled: (KingKits.jar)
19/05/2018 00:30:56 [MESSAGE] &5[&9FeatherBoard&5] &eUnable to load placeholders 'subsidekoth'. Plugin LeaderHeads not found!
19/05/2018 00:30:56 [WARNING] Deleting placeholder bundle cancelled: (KoTH.jar)
19/05/2018 00:30:56 [MESSAGE] &5[&9FeatherBoard&5] &eUnable to load placeholders 'legendquest'. Plugin LegendQuest not found!
19/05/2018 00:30:56 [WARNING] Deleting placeholder bundle cancelled: (LeaderHeads.jar)
19/05/2018 00:30:56 [MESSAGE] &5[&9FeatherBoard&5] &eUnable to load placeholders 'libsdisguises'. Plugin LibsDisguises not found!
19/05/2018 00:30:56 [MESSAGE] &5[&9FeatherBoard&5] &eUnable to load placeholders 'magic'. Plugin Magic not found!
19/05/2018 00:30:56 [WARNING] Deleting placeholder bundle cancelled: (LibsDisguises.jar)
19/05/2018 00:30:56 [WARNING] Deleting placeholder bundle cancelled: (Magic.jar)
19/05/2018 00:30:56 [WARNING] Deleting placeholder bundle cancelled: (LWC.jar)
19/05/2018 00:30:56 [MESSAGE] &5[&9FeatherBoard&5] &eUnable to load placeholders 'marriage'. Plugin Marriage not found!
19/05/2018 00:30:56 [MESSAGE] &5[&9FeatherBoard&5] &eUnable to load placeholders 'marriagemaster'. Plugin MarriageMaster not found!
19/05/2018 00:30:56 [MESSAGE] &5[&9FeatherBoard&5] &eUnable to load placeholders 'mcinfected'. Plugin McInfected not found!
19/05/2018 00:30:56 [WARNING] Deleting placeholder bundle cancelled: (mcMMO.jar)
19/05/2018 00:30:56 [MESSAGE] &5[&9FeatherBoard&5] &eUnable to load placeholders 'mcmmo'. Plugin mcMMO not found!
19/05/2018 00:30:56 [MESSAGE] &5[&9FeatherBoard&5] &eUnable to load placeholders 'minecrates'. Plugin MineCrates not found!
19/05/2018 00:30:56 [DEBUG] Loaded placeholder: memory
19/05/2018 00:30:56 [WARNING] Deleting placeholder bundle cancelled: (MineResetLite.jar)
19/05/2018 00:30:56 [MESSAGE] &5[&9FeatherBoard&5] &eUnable to load placeholders 'minefortress'. Plugin MineFortress not found!
19/05/2018 00:30:56 [WARNING] Deleting placeholder bundle cancelled: (MineFortress.jar)
19/05/2018 00:30:56 [WARNING] Deleting placeholder bundle cancelled: (MineverseChat.jar)
19/05/2018 00:30:56 [MESSAGE] &5[&9FeatherBoard&5] &eUnable to load placeholders 'mineversechat'. Plugin MineverseChat not found!
19/05/2018 00:30:56 [WARNING] Deleting placeholder bundle cancelled: (Multiverse-Core.jar)
19/05/2018 00:30:56 [WARNING] Deleting placeholder bundle cancelled: (MobArena.jar)
19/05/2018 00:30:57 [MESSAGE] &5[&9FeatherBoard&5] &eUnable to load placeholders 'ontime'. Plugin OnTime not found!
19/05/2018 00:30:57 [MESSAGE] &5[&9FeatherBoard&5] &eUnable to load placeholders 'picknchewstatistics'. Plugin PickNChew not found!
19/05/2018 00:30:57 [DEBUG] Loaded placeholder: permissions
19/05/2018 00:30:57 [WARNING] Deleting placeholder bundle cancelled: (PickNChewStatistics.jar)
19/05/2018 00:30:57 [WARNING] Deleting placeholder bundle cancelled: (Pl3xIcons.jar)
19/05/2018 00:30:57 [WARNING] Deleting placeholder bundle cancelled: (PlayerPoints.jar)
19/05/2018 00:30:57 [WARNING] Deleting placeholder bundle cancelled: (PlayTimeRewardsRecoded.jar)
19/05/2018 00:30:57 [WARNING] Deleting placeholder bundle cancelled: (PlotMe.jar)
19/05/2018 00:30:57 [MESSAGE] &5[&9FeatherBoard&5] &eUnable to load placeholders 'plotz'. Plugin Plotz not found!
19/05/2018 00:30:57 [WARNING] Deleting placeholder bundle cancelled: (PlotSquared.jar)
19/05/2018 00:30:57 [WARNING] Deleting placeholder bundle cancelled: (Plotz.jar)
19/05/2018 00:30:57 [MESSAGE] &5[&9FeatherBoard&5] &eUnable to load placeholders 'prison3'. Plugin Prison3 not found!
19/05/2018 00:30:57 [MESSAGE] &5[&9FeatherBoard&5] &eUnable to load placeholders 'prisonmines'. Plugin PrisonMines not found!
19/05/2018 00:30:57 [WARNING] Deleting placeholder bundle cancelled: (PrisonMines.jar)
19/05/2018 00:30:57 [MESSAGE] &5[&9FeatherBoard&5] &eUnable to load placeholders 'quests'. Plugin Quests not found!
19/05/2018 00:30:57 [WARNING] Deleting placeholder bundle cancelled: (Quests.jar)
19/05/2018 00:30:57 [MESSAGE] &5[&9FeatherBoard&5] &eUnable to load placeholders 'pvptimer'. Plugin PvPTimer not found!
19/05/2018 00:30:57 [WARNING] Deleting placeholder bundle cancelled: (RankupCrayons.jar)
19/05/2018 00:30:57 [MESSAGE] &5[&9FeatherBoard&5] &eUnable to load placeholders 'sellall'. Plugin SellAll not found!
19/05/2018 00:30:57 [MESSAGE] &5[&9FeatherBoard&5] &eUnable to load placeholders 'simpleclans'. Plugin SimpleClans not found!
19/05/2018 00:30:57 [WARNING] Deleting placeholder bundle cancelled: (SellAll.jar)
19/05/2018 00:30:57 [DEBUG] Loaded placeholder: redisbungee
19/05/2018 00:30:57 [WARNING] Deleting placeholder bundle cancelled: (SimpleClans.jar)
19/05/2018 00:30:57 [MESSAGE] &5[&9FeatherBoard&5] &eUnable to load placeholders 'skillapi'. Plugin SkillAPI not found!
19/05/2018 00:30:57 [DEBUG] Loaded placeholder: serverpinger
19/05/2018 00:30:57 [WARNING] Deleting placeholder bundle cancelled: (PvPTimer.jar)
19/05/2018 00:30:57 [MESSAGE] &5[&9FeatherBoard&5] &eUnable to load placeholders 'rankupcrayons'. Plugin RankUp not found!
19/05/2018 00:30:57 [DEBUG] Loaded placeholder: previousnames
19/05/2018 00:30:57 [WARNING] Deleting placeholder bundle cancelled: (Prison3.jar)
19/05/2018 00:30:57 [WARNING] Deleting placeholder bundle cancelled: (Nicky.jar)
19/05/2018 00:30:57 [WARNING] Deleting placeholder bundle cancelled: (OnTime.jar)
19/05/2018 00:30:57 [MESSAGE] &5[&9FeatherBoard&5] &eUnable to load placeholders 'pl3xicons'. Plugin Pl3xIcons not found!
19/05/2018 00:30:57 [DEBUG] Loaded placeholder: placeholderapi
19/05/2018 00:30:56 [WARNING] Deleting placeholder bundle cancelled: (MineResetLitePlus.jar)
19/05/2018 00:30:57 [MESSAGE] &5[&9FeatherBoard&5] &eUnable to load placeholders 'playerpoints'. Plugin PlayerPoints not found!
19/05/2018 00:30:57 [MESSAGE] &5[&9FeatherBoard&5] &eUnable to load placeholders 'playtimerewardsrecoded'. Plugin PlayTimeRewardsRecoded not found!
19/05/2018 00:30:57 [MESSAGE] &5[&9FeatherBoard&5] &eUnable to load placeholders 'plotsquared'. Plugin PlotSquared not found!
19/05/2018 00:30:57 [MESSAGE] &5[&9FeatherBoard&5] &eUnable to load placeholders 'plotme'. Plugin PlotMe not found!
19/05/2018 00:30:57 [DEBUG] Loaded placeholder: player
19/05/2018 00:30:56 [MESSAGE] &5[&9FeatherBoard&5] &eUnable to load placeholders 'leaderheads'. Plugin LeaderHeads not found!
19/05/2018 00:30:56 [WARNING] Deleting placeholder bundle cancelled: (LegendQuest.jar)
19/05/2018 00:30:56 [WARNING] Deleting placeholder bundle cancelled: (KitBattle.jar)
19/05/2018 00:30:56 [MESSAGE] &5[&9FeatherBoard&5] &eUnable to load placeholders 'lwc'. Plugin LWC not found!
19/05/2018 00:30:56 [MESSAGE] &5[&9FeatherBoard&5] &eUnable to load placeholders 'mineresetlite'. Plugin MineResetLite not found!
19/05/2018 00:30:56 [WARNING] Deleting placeholder bundle cancelled: (Marriage.jar)
19/05/2018 00:30:56 [WARNING] Deleting placeholder bundle cancelled: (MarriageMaster.jar)
19/05/2018 00:30:56 [WARNING] Deleting placeholder bundle cancelled: (McInfected.jar)
19/05/2018 00:30:56 [WARNING] Deleting placeholder bundle cancelled: (MineCrates.jar)
19/05/2018 00:30:56 [MESSAGE] &5[&9FeatherBoard&5] &eUnable to load placeholders 'mineresetliteplus'. Plugin MineResetLitePlus not found!
19/05/2018 00:30:56 [MESSAGE] &5[&9FeatherBoard&5] &eUnable to load placeholders 'mobarena'. Plugin MobArena not found!
19/05/2018 00:30:56 [MESSAGE] &5[&9FeatherBoard&5] &eUnable to load placeholders 'multiverse'. Plugin Multiverse-Core not found!
19/05/2018 00:30:57 [MESSAGE] &5[&9FeatherBoard&5] &eUnable to load placeholders 'nicky'. Plugin Nicky not found!
19/05/2018 00:30:52 [WARNING] Deleting placeholder bundle cancelled: (EZBlocks.jar)
19/05/2018 00:30:52 [MESSAGE] &5[&9FeatherBoard&5] &eUnable to load placeholders 'ezblocks'. Plugin EZBlocks not found!
19/05/2018 00:30:55 [MESSAGE] &5[&9FeatherBoard&5] &eUnable to load placeholders 'griefprevention'. Plugin GriefPrevention not found!
19/05/2018 00:30:54 [WARNING] Deleting placeholder bundle cancelled: (Factions 1.8.jar)
19/05/2018 00:30:52 [WARNING] Deleting placeholder bundle cancelled: (EZRanksPro.jar)
19/05/2018 00:30:55 [WARNING] Deleting placeholder bundle cancelled: (GriefPrevention.jar)
19/05/2018 00:30:55 [DEBUG] Loaded placeholder: geographical
19/05/2018 00:30:56 [WARNING] Deleting placeholder bundle cancelled: (JobsReborn.jar)
19/05/2018 00:30:54 [WARNING] Deleting placeholder bundle cancelled: (Factions 2.7_.jar)
19/05/2018 00:30:56 [MESSAGE] &5[&9FeatherBoard&5] &eUnable to load placeholders 'killrewards'. Plugin KillRewards not found!
19/05/2018 00:30:55 [MESSAGE] &5[&9FeatherBoard&5] &eUnable to load placeholders 'heroes'. Plugin Heroes not found!
19/05/2018 00:30:55 [MESSAGE] &5[&9FeatherBoard&5] &eUnable to load placeholders 'jobs'. Plugin Jobs not found!
19/05/2018 00:30:55 [WARNING] Deleting placeholder bundle cancelled: (IslandWorld.jar)
19/05/2018 00:30:52 [WARNING] Deleting placeholder bundle cancelled: (EZRanksLite.jar)
19/05/2018 00:30:56 [WARNING] Deleting placeholder bundle cancelled: (KillStats.jar)
19/05/2018 00:30:54 [WARNING] Deleting placeholder bundle cancelled: (Factions.jar)
19/05/2018 00:30:54 [DEBUG] Loaded placeholder: facebook
19/05/2018 00:30:58 [MESSAGE] &5[&9FeatherBoard&5] &eUnable to load placeholders 'thrist'. Plugin Thrist not found!
19/05/2018 00:30:58 [WARNING] Deleting placeholder bundle cancelled: (Thrist.jar)
19/05/2018 00:30:57 [MESSAGE] &5[&9FeatherBoard&5] &eUnable to load placeholders 'teams'. Plugin Teams not found!
19/05/2018 00:30:57 [WARNING] Deleting placeholder bundle cancelled: (Teams.jar)
19/05/2018 00:30:57 [WARNING] Deleting placeholder bundle cancelled: (SurvivalGames.jar)
19/05/2018 00:30:57 [WARNING] Deleting placeholder bundle cancelled: (SuperbVote.jar)
19/05/2018 00:30:57 [MESSAGE] &5[&9FeatherBoard&5] &eUnable to load placeholders 'survivalgameswazup'. Plugin SurvivalGames not found!
19/05/2018 00:30:57 [MESSAGE] &5[&9FeatherBoard&5] &eUnable to load placeholders 'stockmarket'. Plugin StockMarket not found!
19/05/2018 00:30:57 [MESSAGE] &5[&9FeatherBoard&5] &eUnable to load placeholders 'superbvote'. Plugin SuperbVote not found!
19/05/2018 00:30:57 [WARNING] Deleting placeholder bundle cancelled: (StockMarket.jar)
19/05/2018 00:30:57 [MESSAGE] &5[&9FeatherBoard&5] &eUnable to load placeholders 'stockmarket-yahoofinance'. Plugin StockMarket not found!
19/05/2018 00:30:57 [WARNING] Deleting placeholder bundle cancelled: (StockMarket YahooFinance.jar)
19/05/2018 00:30:57 [WARNING] Deleting placeholder bundle cancelled: (SQLPerms.jar)
19/05/2018 00:30:57 [DEBUG] Loaded placeholder: statistics
19/05/2018 00:30:57 [DEBUG] Loaded placeholder: sound
19/05/2018 00:30:57 [MESSAGE] &5[&9FeatherBoard&5] &eUnable to load placeholders 'sqlperms'. Plugin SQLPerms not found!
19/05/2018 00:30:57 [WARNING] Deleting placeholder bundle cancelled: (SkillAPI.jar)
19/05/2018 00:30:57 [MESSAGE] &5[&9FeatherBoard&5] &eUnable to load placeholders 'skywarsreloaded'. Plugin SkyWarsReloaded not found!
19/05/2018 00:30:57 [WARNING] Deleting placeholder bundle cancelled: (SkyWarsReloaded.jar)
19/05/2018 00:30:57 [WARNING] Deleting placeholder bundle cancelled: (SkyWars.jar)
19/05/2018 00:30:57 [MESSAGE] &5[&9FeatherBoard&5] &eUnable to load placeholders 'skript'. Plugin Skript not found!
19/05/2018 00:30:57 [MESSAGE] &5[&9FeatherBoard&5] &eUnable to load placeholders 'skywars'. Plugin SkyWars not found!
19/05/2018 00:30:57 [WARNING] Deleting placeholder bundle cancelled: (Skript.jar)
19/05/2018 00:30:52 [DEBUG] Loaded placeholder: essentials
19/05/2018 00:30:52 [WARNING] Deleting placeholder bundle cancelled: (Enjin.jar)
19/05/2018 00:30:52 [MESSAGE] &5[&9FeatherBoard&5] &eUnable to load placeholders 'chatreaction'. Plugin ChatReaction not found!
19/05/2018 00:30:58 [MESSAGE] &5[&9FeatherBoard&5] &eUnable to load placeholders 'tokenenchant'. Plugin TokenEnchant not found!
19/05/2018 00:30:58 [DEBUG] Loaded placeholder: tickspersecond
19/05/2018 00:30:52 [DEBUG] Loaded placeholder: entities
19/05/2018 00:30:58 [MESSAGE] &5[&9FeatherBoard&5] &eUnable to load placeholders 'voteparty'. Plugin VoteParty not found!
19/05/2018 00:30:59 [DEBUG] 	Line: line4 Static: false
19/05/2018 00:30:59 [DEBUG] 	Line: line3 Static: false
19/05/2018 00:30:59 [DEBUG] 	Line: line2 Static: false
19/05/2018 00:30:59 [DEBUG] 	Line: line1 Static: false
19/05/2018 00:30:59 [DEBUG] 	Line: title Static: false
19/05/2018 00:30:59 [INFO] Adding scoreboard group 'benchmark' ...
19/05/2018 00:30:59 [INFO] Using OPTIMAL as the update strategy
19/05/2018 00:30:59 [DEBUG] Using SCOREBOARD v7
19/05/2018 00:30:59 [DEBUG]  - Server supports Team prefix/suffix
19/05/2018 00:30:59 [DEBUG]  - Server supports Team entries
19/05/2018 00:30:59 [DEBUG]  - Server supports Objective entries
19/05/2018 00:30:59 [DEBUG]  - Server supports Team color
19/05/2018 00:30:59 [INFO] 	Arguments: 1
19/05/2018 00:30:59 [INFO] 	Lines: 2
19/05/2018 00:30:59 [INFO] Creating new custom effect: warning
19/05/2018 00:30:58 [INFO] Loaded 2981 of the 2981 placholders
19/05/2018 00:30:58 [WARNING] Deleting placeholder bundle cancelled: (ZarPhyckSkyWars.jar)
19/05/2018 00:30:58 [MESSAGE] &5[&9FeatherBoard&5] &eUnable to load placeholders 'zarphyckskywars'. Plugin SkyWars not found!
19/05/2018 00:30:58 [WARNING] Deleting placeholder bundle cancelled: (WorldGuard.jar)
19/05/2018 00:30:58 [MESSAGE] &5[&9FeatherBoard&5] &eUnable to load placeholders 'worldguard'. Plugin WorldGuard not found!
19/05/2018 00:30:58 [MESSAGE] &5[&9FeatherBoard&5] &eUnable to load placeholders 'worldborder'. Plugin WorldBorder not found!
19/05/2018 00:30:58 [DEBUG] Loaded placeholder: world
19/05/2018 00:30:58 [WARNING] Deleting placeholder bundle cancelled: (WickedSkywars.jar)
19/05/2018 00:30:58 [MESSAGE] &5[&9FeatherBoard&5] &eUnable to load placeholders 'wickedskywars'. Plugin WickedSkywars not found!
19/05/2018 00:30:58 [WARNING] Deleting placeholder bundle cancelled: (VoteRoulette.jar)
19/05/2018 00:30:58 [MESSAGE] &5[&9FeatherBoard&5] &eUnable to load placeholders 'voteroulette'. Plugin VoteRoulette not found!
19/05/2018 00:30:58 [WARNING] Deleting placeholder bundle cancelled: (VoteParty.jar)
19/05/2018 00:30:58 [INFO] Loading event hook: Vanilla player first join ...
19/05/2018 00:30:58 [INFO] Loading event hook: Vanilla Create portal hook ...
19/05/2018 00:30:58 [INFO] Loading event hook: Vanilla Death hook ...
19/05/2018 00:30:58 [INFO] Loading event hook: Vanilla player join ...
19/05/2018 00:30:58 [INFO] Loading event hook: Vanilla player rejoin ...
19/05/2018 00:30:58 [INFO] Loading event hook: Vanilla Block place hook ...
19/05/2018 00:30:58 [INFO] Loading event hook: Vanilla Block break hook ...
19/05/2018 00:30:58 [INFO] Loading event hook: Vanilla Combat hook ...
19/05/2018 00:30:58 [INFO] Loading event hook: Vanilla player first join ...
19/05/2018 00:30:58 [INFO] Loading event hook: Vanilla Create portal hook ...
19/05/2018 00:30:58 [INFO] Loading event hook: Vanilla Death hook ...
19/05/2018 00:30:58 [INFO] Loading event hook: Vanilla player join ...
19/05/2018 00:30:58 [INFO] Loading event hook: Vanilla player rejoin ...
19/05/2018 00:30:58 [INFO] Loading event hook: Vanilla Block place hook ...
19/05/2018 00:30:58 [INFO] Loading event hook: Vanilla Block break hook ...
19/05/2018 00:30:58 [INFO] Loading event hook: Vanilla Combat hook ...
19/05/2018 00:30:58 [DEBUG] Loaded placeholder: vanillaevents
19/05/2018 00:30:58 [WARNING] Deleting placeholder bundle cancelled: (uSkyBlock.jar)
19/05/2018 00:30:58 [MESSAGE] &5[&9FeatherBoard&5] &eUnable to load placeholders 'uskyblock'. Plugin uSkyBlock not found!
19/05/2018 00:30:58 [DEBUG] Loaded placeholder: unicode
19/05/2018 00:30:58 [WARNING] Deleting placeholder bundle cancelled: (UltimateVotes.jar)
19/05/2018 00:30:58 [MESSAGE] &5[&9FeatherBoard&5] &eUnable to load placeholders 'ultimatevotes'. Plugin UltimateVotes not found!
19/05/2018 00:30:58 [DEBUG] Loaded placeholder: twitter
19/05/2018 00:30:58 [WARNING] Deleting placeholder bundle cancelled: (Towny.jar)
19/05/2018 00:30:58 [MESSAGE] &5[&9FeatherBoard&5] &eUnable to load placeholders 'towny'. Plugin Towny not found!
19/05/2018 00:30:58 [WARNING] Deleting placeholder bundle cancelled: (TokenEnchant.jar)
19/05/2018 00:30:58 [WARNING] Deleting placeholder bundle cancelled: (WorldBorder.jar)
19/05/2018 00:31:00 [DEBUG] 	Line: timesplayed-label Static: false
19/05/2018 00:31:00 [DEBUG] 	Line: header Static: true
19/05/2018 00:31:00 [DEBUG] 	Line: skill-label Static: true
19/05/2018 00:31:00 [DEBUG] 	Line: skilllevel Static: true
19/05/2018 00:31:00 [DEBUG] 	Line: header Static: true
19/05/2018 00:31:00 [INFO] Adding scoreboard group 'towny-town-example' ...
19/05/2018 00:31:00 [DEBUG] 	Line: footer Static: true
19/05/2018 00:31:00 [DEBUG] 	Line: town-label Static: true
19/05/2018 00:31:00 [DEBUG] 	Line: spacer2 Static: false
19/05/2018 00:31:00 [DEBUG] 	Line: townboard Static: false
19/05/2018 00:31:00 [DEBUG] 	default - 10
19/05/2018 00:31:00 [DEBUG] 	Line: footer Static: true
19/05/2018 00:31:00 [DEBUG] 	combat-scoreboard-example - 0
19/05/2018 00:31:00 [DEBUG] 	towny-town-example - 0
19/05/2018 00:31:00 [INFO] Generating metrics information ...
19/05/2018 00:31:00 [INFO] Added 'PERMISSION' as the default scoreboard assign method
19/05/2018 00:31:00 [INFO] Toggle persistence is disabled!
19/05/2018 00:31:00 [INFO] Adding command 'featherboard'
19/05/2018 00:31:00 [DEBUG] 	Adding sub command 'on'
19/05/2018 00:31:00 [DEBUG] 	Adding sub command 'gui'
19/05/2018 00:31:00 [DEBUG] 	Adding sub command 'permissions'
19/05/2018 00:31:00 [DEBUG] 	Adding sub command 'parse'
19/05/2018 00:31:00 [DEBUG] 	Adding sub command 'reload'
19/05/2018 00:31:00 [DEBUG] 	Adding sub command 'help'
19/05/2018 00:31:00 [DEBUG] 	Adding sub command 'about'
19/05/2018 00:31:00 [DEBUG] 	Adding sub command 'reload'
19/05/2018 00:31:00 [DEBUG] 	Adding sub command 'debug'
19/05/2018 00:31:00 [DEBUG] 	Adding sub command 'removescoreboard'
19/05/2018 00:31:00 [DEBUG] 	Adding sub command 'info'
19/05/2018 00:31:00 [DEBUG] 	Adding sub command 'modules'
19/05/2018 00:31:00 [DEBUG] 	Adding sub command 'module'
19/05/2018 00:31:00 [DEBUG] 	Adding sub command 'add'
19/05/2018 00:31:00 [DEBUG] 	Line: server-label Static: true
19/05/2018 00:31:00 [DEBUG] 	Line: title Static: false
19/05/2018 00:31:00 [DEBUG] 	Line: townboard-label Static: true
19/05/2018 00:31:00 [DEBUG] 	Adding sub command 'show'
19/05/2018 00:31:00 [DEBUG] 	Adding sub command 'editsetting'
19/05/2018 00:31:00 [DEBUG] 	Adding sub command 'off'
19/05/2018 00:31:00 [DEBUG] 	Line: news-info Static: true
19/05/2018 00:31:00 [DEBUG] 	Adding sub command 'remove'
19/05/2018 00:31:00 [DEBUG] 	Adding sub command 'generatebbcode'
19/05/2018 00:31:00 [DEBUG] 	Adding sub command 'hide'
19/05/2018 00:31:00 [DEBUG] 	Adding sub command 'toggle'
19/05/2018 00:31:00 [DEBUG] 	Line: title Static: false
19/05/2018 00:31:00 [DEBUG] 	Line: skilllevel-label Static: true
19/05/2018 00:31:00 [DEBUG] 	Line: player-line2 Static: false
19/05/2018 00:31:00 [DEBUG] 	Line: spacer1 Static: false
19/05/2018 00:31:00 [DEBUG] 	Line: spacer2 Static: false
19/05/2018 00:31:00 [DEBUG] 	Line: health-data-2 Static: false
19/05/2018 00:31:00 [DEBUG] 	Adding sub command 'placeholders'
19/05/2018 00:31:00 [INFO] Adding scoreboard group 'mcmmo-levelup' ...
19/05/2018 00:31:00 [DEBUG] 	Line: footer Static: false
19/05/2018 00:31:00 [DEBUG] 	Line: server-line2 Static: false
19/05/2018 00:30:59 [DEBUG] 	Line: line5 Static: false
19/05/2018 00:30:59 [DEBUG] 	Line: line7 Static: false
19/05/2018 00:30:59 [DEBUG] 	Line: line6 Static: false
19/05/2018 00:30:59 [DEBUG] 	Line: line12 Static: false
19/05/2018 00:30:59 [DEBUG] 	Line: line8 Static: false
19/05/2018 00:30:59 [DEBUG] 	Line: line10 Static: false
19/05/2018 00:31:00 [DEBUG] 	Line: line13 Static: false
19/05/2018 00:31:00 [INFO] Adding scoreboard group 'combat-scoreboard-example' ...
19/05/2018 00:31:00 [DEBUG] 	Line: header Static: true
19/05/2018 00:31:00 [DEBUG] 	Line: combat-label Static: true
19/05/2018 00:31:00 [DEBUG] 	Line: footer Static: true
19/05/2018 00:31:00 [DEBUG] 	Line: news Static: false
19/05/2018 00:31:00 [DEBUG] 	Line: spacer1 Static: false
19/05/2018 00:31:00 [DEBUG] 	Line: health-data-1 Static: false
19/05/2018 00:31:00 [DEBUG] 	Line: spacer2 Static: true
19/05/2018 00:31:00 [DEBUG] 	Line: header Static: false
19/05/2018 00:31:00 [DEBUG] 	Line: health-label Static: true
19/05/2018 00:31:00 [DEBUG] 	Line: population-label Static: true
19/05/2018 00:31:00 [DEBUG] 	Line: info-label Static: true
19/05/2018 00:31:00 [DEBUG] 	Line: player-label Static: true
19/05/2018 00:31:00 [DEBUG] 	Line: combat-data Static: false
19/05/2018 00:31:00 [DEBUG] 	Line: player-line1 Static: false
19/05/2018 00:31:00 [DEBUG] 	Line: line15 Static: false
19/05/2018 00:31:00 [DEBUG] 	Line: line14 Static: false
19/05/2018 00:31:00 [DEBUG] 	Line: server-line1 Static: false
19/05/2018 00:30:59 [DEBUG] 	Line: line11 Static: false
19/05/2018 00:31:00 [INFO] Adding scoreboard group 'default' ...
19/05/2018 00:31:00 [DEBUG] Scoreboards groups sorted by priority:
19/05/2018 00:31:00 [DEBUG] 	Line: poplulation-data Static: true
19/05/2018 00:31:00 [MESSAGE] &5[&9FeatherBoard&5] &aYour version is up to date!
19/05/2018 00:31:00 [DEBUG] 	Line: title Static: false
19/05/2018 00:31:00 [DEBUG] 	mcmmo-levelup - 0
19/05/2018 00:31:00 [DEBUG] 	Line: skill Static: true
19/05/2018 00:31:00 [DEBUG] 	benchmark - 0
19/05/2018 00:31:00 [DEBUG] 	Line: timesplayed Static: false
19/05/2018 00:31:00 [DEBUG] 	Adding sub command 'createscoreboard'
19/05/2018 00:31:00 [DEBUG] 	Line: town-data Static: true
19/05/2018 00:31:00 [DEBUG] 	Line: title Static: false
19/05/2018 00:30:59 [DEBUG] 	Line: line9 Static: false
19/05/2018 00:31:00 [DEBUG] 	Line: spacer1 Static: true
19/05/2018 00:31:00 [DEBUG] 	Line: spacer1 Static: false
19/05/2018 00:31:00 [DEBUG] 	Line: spacer3 Static: false
19/05/2018 00:31:07 [WARNING] Unable to check for module updates!
19/05/2018 00:31:07 [INFO] Checking for module updates ...
