19/07/2018 04:57:30 [INFO] Loading messages ...
19/07/2018 04:57:30 [INFO] Loading placeholders and event triggers ...
19/07/2018 04:57:30 [INFO] Loading language file: lang_en
19/07/2018 04:57:30 [DEBUG] Loaded placeholder: MySQL
19/07/2018 04:57:30 [DEBUG] Loaded placeholder: CustomPlaceholders
19/07/2018 04:57:30 [INFO] Loading internal placeholders ...
19/07/2018 04:57:32 [INFO] Loading event hook: Vanilla Combat hook ...
19/07/2018 04:57:32 [DEBUG] Loaded placeholder: vanillaevents
19/07/2018 04:57:32 [DEBUG] Loaded placeholder: facebook
19/07/2018 04:57:30 [INFO] Fetching available placeholders from server ...
19/07/2018 04:57:32 [INFO] Loading event hook: Vanilla Death hook ...
19/07/2018 04:57:32 [INFO] Loading event hook: Vanilla player join ...
19/07/2018 04:57:32 [INFO] Loading event hook: Vanilla player rejoin ...
19/07/2018 04:57:32 [INFO] Loading event hook: Vanilla Block place hook ...
19/07/2018 04:57:32 [INFO] Loading event hook: Vanilla Block break hook ...
19/07/2018 04:57:32 [INFO] Loading event hook: Vanilla Block place hook ...
19/07/2018 04:57:32 [INFO] Loading event hook: Vanilla player rejoin ...
19/07/2018 04:57:32 [INFO] Loading event hook: Vanilla Block break hook ...
19/07/2018 04:57:32 [INFO] Loading event hook: Vanilla Combat hook ...
19/07/2018 04:57:32 [INFO] Loading event hook: Vanilla player first join ...
19/07/2018 04:57:32 [INFO] Loading event hook: Vanilla Create portal hook ...
19/07/2018 04:57:32 [DEBUG] Loaded placeholder: statistics
19/07/2018 04:57:32 [DEBUG] Loaded placeholder: economy
19/07/2018 04:57:32 [DEBUG] Loaded placeholder: sound
19/07/2018 04:57:32 [INFO] Loading event hook: Vanilla player first join ...
19/07/2018 04:57:32 [INFO] Loading event hook: Vanilla Create portal hook ...
19/07/2018 04:57:32 [INFO] Loading event hook: Vanilla Death hook ...
19/07/2018 04:57:32 [INFO] Loading event hook: Vanilla player join ...
19/07/2018 04:57:32 [DEBUG] Loaded placeholder: bungeecord
19/07/2018 04:57:32 [DEBUG] Loaded placeholder: serverpinger
19/07/2018 04:57:32 [DEBUG] Loaded placeholder: geographical
19/07/2018 04:57:32 [DEBUG] Loaded placeholder: permissions
19/07/2018 04:57:32 [DEBUG] Loaded placeholder: previousnames
19/07/2018 04:57:32 [DEBUG] Loaded placeholder: world
19/07/2018 04:57:32 [DEBUG] Loaded placeholder: bukkit
19/07/2018 04:57:32 [DEBUG] Loaded placeholder: player
19/07/2018 04:57:32 [DEBUG] Loaded placeholder: essentials
19/07/2018 04:57:32 [DEBUG] Loaded placeholder: firework
19/07/2018 04:57:32 [DEBUG] Loaded placeholder: memory
19/07/2018 04:57:32 [DEBUG] Loaded placeholder: entities
19/07/2018 04:57:32 [DEBUG] Loaded placeholder: hotbar
19/07/2018 04:57:32 [DEBUG] Loaded placeholder: playereffects
19/07/2018 04:57:32 [DEBUG] Loaded placeholder: compass
19/07/2018 04:57:33 [DEBUG] Loaded placeholder: redisbungee
19/07/2018 04:57:33 [DEBUG] Loaded placeholder: armor
19/07/2018 04:57:33 [DEBUG] Loaded placeholder: askyblock
19/07/2018 04:57:33 [DEBUG] Loaded placeholder: java
19/07/2018 04:57:33 [DEBUG] Loaded placeholder: color
19/07/2018 04:57:32 [DEBUG] Loaded placeholder: placeholderapi
19/07/2018 04:57:34 [INFO] Creating new custom effect: warning
19/07/2018 04:57:34 [INFO] 	Lines: 2
19/07/2018 04:57:33 [INFO] Loaded 2981 of the 2981 placholders
19/07/2018 04:57:33 [DEBUG] Loaded placeholder: tickspersecond
19/07/2018 04:57:33 [DEBUG] Loaded placeholder: twitter
19/07/2018 04:57:33 [DEBUG] Loaded placeholder: command
19/07/2018 04:57:33 [DEBUG] Loaded placeholder: unicode
19/07/2018 04:57:34 [DEBUG] Using SCOREBOARD v7
19/07/2018 04:57:34 [INFO] Using OPTIMAL as the update strategy
19/07/2018 04:57:34 [INFO] Adding scoreboard group 'towny-town-example' ...
19/07/2018 04:57:34 [DEBUG]  - Server supports Team prefix/suffix
19/07/2018 04:57:34 [DEBUG]  - Server supports Team entries
19/07/2018 04:57:34 [DEBUG]  - Server supports Objective entries
19/07/2018 04:57:34 [DEBUG]  - Server supports Team color
19/07/2018 04:57:34 [INFO] 	Arguments: 1
19/07/2018 04:57:34 [DEBUG] 	Line: townboard-label Static: true
19/07/2018 04:57:34 [DEBUG] 	Line: townboard Static: false
19/07/2018 04:57:34 [DEBUG] 	Line: spacer2 Static: false
19/07/2018 04:57:34 [DEBUG] 	Line: population-label Static: true
19/07/2018 04:57:34 [DEBUG] 	Line: spacer1 Static: false
19/07/2018 04:57:34 [DEBUG] 	Line: town-data Static: true
19/07/2018 04:57:34 [DEBUG] 	Line: town-label Static: true
19/07/2018 04:57:34 [DEBUG] 	Line: header Static: true
19/07/2018 04:57:34 [DEBUG] 	Line: title Static: false
19/07/2018 04:57:34 [DEBUG] 	Line: info-label Static: true
19/07/2018 04:57:34 [DEBUG] 	Line: spacer1 Static: true
19/07/2018 04:57:34 [DEBUG] 	Line: skill-label Static: true
19/07/2018 04:57:34 [DEBUG] 	Line: skill Static: true
19/07/2018 04:57:34 [DEBUG] 	Line: spacer2 Static: true
19/07/2018 04:57:34 [DEBUG] 	Line: header Static: true
19/07/2018 04:57:34 [DEBUG] 	Line: title Static: false
19/07/2018 04:57:34 [INFO] Adding scoreboard group 'mcmmo-levelup' ...
19/07/2018 04:57:34 [DEBUG] 	Line: footer Static: true
19/07/2018 04:57:34 [DEBUG] 	Line: poplulation-data Static: true
19/07/2018 04:57:34 [DEBUG] 	Line: header Static: true
19/07/2018 04:57:34 [DEBUG] 	Line: combat-label Static: true
19/07/2018 04:57:34 [DEBUG] 	Line: combat-data Static: false
19/07/2018 04:57:34 [DEBUG] 	Line: spacer1 Static: false
19/07/2018 04:57:34 [DEBUG] 	Line: health-label Static: true
19/07/2018 04:57:34 [DEBUG] 	Line: health-data-1 Static: false
19/07/2018 04:57:34 [DEBUG] 	Line: title Static: false
19/07/2018 04:57:34 [INFO] Adding scoreboard group 'combat-scoreboard-example' ...
19/07/2018 04:57:34 [DEBUG] 	Line: footer Static: true
19/07/2018 04:57:34 [DEBUG] 	Line: skilllevel Static: true
19/07/2018 04:57:34 [DEBUG] 	Line: skilllevel-label Static: true
19/07/2018 04:57:34 [DEBUG] 	Line: line2 Static: false
19/07/2018 04:57:34 [DEBUG] 	Line: line3 Static: false
19/07/2018 04:57:34 [DEBUG] 	Line: line4 Static: false
19/07/2018 04:57:34 [DEBUG] 	Line: line5 Static: false
19/07/2018 04:57:35 [DEBUG] 	Line: line6 Static: false
19/07/2018 04:57:35 [DEBUG] 	Line: line7 Static: false
19/07/2018 04:57:35 [DEBUG] 	Line: line8 Static: false
19/07/2018 04:57:34 [DEBUG] 	Line: line1 Static: false
19/07/2018 04:57:34 [DEBUG] 	Line: title Static: false
19/07/2018 04:57:34 [INFO] Adding scoreboard group 'benchmark' ...
19/07/2018 04:57:34 [DEBUG] 	Line: footer Static: true
19/07/2018 04:57:34 [DEBUG] 	Line: health-data-2 Static: false
19/07/2018 04:57:35 [DEBUG] 	Line: line14 Static: false
19/07/2018 04:57:35 [DEBUG] 	Line: line15 Static: false
19/07/2018 04:57:35 [INFO] Adding scoreboard group 'default' ...
19/07/2018 04:57:35 [DEBUG] 	Line: title Static: false
19/07/2018 04:57:35 [DEBUG] 	Line: header Static: true
19/07/2018 04:57:35 [DEBUG] 	Line: player Static: false
19/07/2018 04:57:35 [DEBUG] 	Line: player_balance Static: false
19/07/2018 04:57:35 [DEBUG] 	Line: crossline1 Static: true
19/07/2018 04:57:35 [DEBUG] 	Line: line13 Static: false
19/07/2018 04:57:35 [DEBUG] 	Line: line12 Static: false
19/07/2018 04:57:35 [DEBUG] 	Line: line11 Static: false
19/07/2018 04:57:35 [DEBUG] 	Line: line10 Static: false
19/07/2018 04:57:35 [DEBUG] 	Line: line9 Static: false
19/07/2018 04:57:35 [DEBUG] 	default - 10
19/07/2018 04:57:35 [DEBUG] 	towny-town-example - 0
19/07/2018 04:57:35 [DEBUG] 	mcmmo-levelup - 0
19/07/2018 04:57:35 [DEBUG] 	combat-scoreboard-example - 0
19/07/2018 04:57:35 [DEBUG] 	benchmark - 0
19/07/2018 04:57:35 [INFO] Added 'PERMISSION' as the default scoreboard assign method
19/07/2018 04:57:35 [INFO] Generating metrics information ...
19/07/2018 04:57:35 [MESSAGE] &5[&9FeatherBoard&5] &aYour version is up to date!
19/07/2018 04:57:35 [INFO] Toggle persistence is disabled!
19/07/2018 04:57:35 [DEBUG] Scoreboards groups sorted by priority:
19/07/2018 04:57:35 [DEBUG] 	Line: footer Static: true
19/07/2018 04:57:35 [DEBUG] 	Line: island_team_size Static: false
19/07/2018 04:57:35 [DEBUG] 	Line: island_Level Static: false
19/07/2018 04:57:35 [DEBUG] 	Line: island_Leader Static: false
19/07/2018 04:57:35 [DEBUG] 	Adding sub command 'placeholders'
19/07/2018 04:57:35 [DEBUG] 	Adding sub command 'debug'
19/07/2018 04:57:35 [DEBUG] 	Adding sub command 'reload'
19/07/2018 04:57:35 [DEBUG] 	Adding sub command 'permissions'
19/07/2018 04:57:35 [DEBUG] 	Adding sub command 'about'
19/07/2018 04:57:35 [DEBUG] 	Adding sub command 'help'
19/07/2018 04:57:35 [DEBUG] 	Adding sub command 'reload'
19/07/2018 04:57:35 [DEBUG] 	Adding sub command 'generatebbcode'
19/07/2018 04:57:35 [DEBUG] 	Adding sub command 'parse'
19/07/2018 04:57:35 [DEBUG] 	Adding sub command 'off'
19/07/2018 04:57:35 [DEBUG] 	Adding sub command 'gui'
19/07/2018 04:57:35 [DEBUG] 	Adding sub command 'on'
19/07/2018 04:57:35 [DEBUG] 	Adding sub command 'toggle'
19/07/2018 04:57:35 [INFO] Adding command 'featherboard'
19/07/2018 04:57:35 [DEBUG] 	Adding sub command 'modules'
19/07/2018 04:57:35 [DEBUG] 	Adding sub command 'info'
19/07/2018 04:57:35 [DEBUG] 	Adding sub command 'add'
19/07/2018 04:57:35 [DEBUG] 	Adding sub command 'remove'
19/07/2018 04:57:35 [DEBUG] 	Adding sub command 'module'
19/07/2018 04:57:35 [DEBUG] 	Adding sub command 'createscoreboard'
19/07/2018 04:57:35 [DEBUG] 	Adding sub command 'removescoreboard'
19/07/2018 04:57:35 [DEBUG] 	Adding sub command 'editsetting'
19/07/2018 04:57:35 [DEBUG] 	Adding sub command 'hide'
19/07/2018 04:57:35 [DEBUG] 	Adding sub command 'show'
19/07/2018 04:57:47 [INFO] Checking for module updates ...
19/07/2018 04:57:47 [WARNING] Unable to check for module updates!
