15/06/2018 17:11:00 [INFO] Loading messages ...
15/06/2018 17:11:00 [INFO] Loading language file: lang_en
15/06/2018 17:11:00 [INFO] Loading placeholders and event triggers ...
15/06/2018 17:11:00 [DEBUG] Loaded placeholder: CustomPlaceholders
15/06/2018 17:11:01 [DEBUG] Loaded placeholder: MySQL
15/06/2018 17:11:03 [DEBUG] Loaded placeholder: essentials
15/06/2018 17:11:01 [INFO] Fetching available placeholders from server ...
15/06/2018 17:11:00 [INFO] Loading internal placeholders ...
15/06/2018 17:11:04 [DEBUG] Loaded placeholder: twitter
15/06/2018 17:11:04 [DEBUG] Loaded placeholder: entities
15/06/2018 17:11:04 [DEBUG] Loaded placeholder: bukkit
15/06/2018 17:11:03 [DEBUG] Loaded placeholder: memory
15/06/2018 17:11:05 [DEBUG] Loaded placeholder: sound
15/06/2018 17:11:03 [DEBUG] Loaded placeholder: player
15/06/2018 17:11:05 [DEBUG] Loaded placeholder: world
15/06/2018 17:11:05 [DEBUG] Loaded placeholder: placeholderapi
15/06/2018 17:11:05 [DEBUG] Loaded placeholder: previousnames
15/06/2018 17:11:05 [DEBUG] Loaded placeholder: armor
15/06/2018 17:11:05 [DEBUG] Loaded placeholder: serverpinger
15/06/2018 17:11:05 [DEBUG] Loaded placeholder: color
15/06/2018 17:11:08 [DEBUG] Loaded placeholder: facebook
15/06/2018 17:11:05 [DEBUG] Loaded placeholder: askyblock
15/06/2018 17:11:09 [DEBUG] Loaded placeholder: geographical
15/06/2018 17:11:09 [DEBUG] Loaded placeholder: tickspersecond
15/06/2018 17:11:09 [DEBUG] Loaded placeholder: vanillaevents
15/06/2018 17:11:09 [INFO] Loading event hook: Vanilla Combat hook ...
15/06/2018 17:11:09 [INFO] Loading event hook: Vanilla Block break hook ...
15/06/2018 17:11:04 [DEBUG] Loaded placeholder: redisbungee
15/06/2018 17:11:09 [INFO] Loading event hook: Vanilla Block place hook ...
15/06/2018 17:11:09 [INFO] Loading event hook: Vanilla player rejoin ...
15/06/2018 17:11:09 [INFO] Loading event hook: Vanilla Create portal hook ...
15/06/2018 17:11:09 [INFO] Loading event hook: Vanilla Death hook ...
15/06/2018 17:11:09 [INFO] Loading event hook: Vanilla player join ...
15/06/2018 17:11:05 [DEBUG] Loaded placeholder: java
15/06/2018 17:11:06 [DEBUG] Loaded placeholder: command
15/06/2018 17:11:09 [INFO] Loading event hook: Vanilla Death hook ...
15/06/2018 17:11:09 [INFO] Loading event hook: Vanilla Create portal hook ...
15/06/2018 17:11:09 [INFO] Loading event hook: Vanilla player first join ...
15/06/2018 17:11:09 [INFO] Loading event hook: Vanilla player rejoin ...
15/06/2018 17:11:09 [INFO] Loading event hook: Vanilla player join ...
15/06/2018 17:11:09 [INFO] Loading event hook: Vanilla Block place hook ...
15/06/2018 17:11:09 [INFO] Loading event hook: Vanilla Block break hook ...
15/06/2018 17:11:09 [INFO] Loading event hook: Vanilla player first join ...
15/06/2018 17:11:09 [INFO] Loading event hook: Vanilla Combat hook ...
15/06/2018 17:11:09 [DEBUG] Loaded placeholder: bungeecord
15/06/2018 17:11:10 [DEBUG] Loaded placeholder: playereffects
15/06/2018 17:11:10 [DEBUG] Loaded placeholder: hotbar
15/06/2018 17:11:10 [DEBUG] Loaded placeholder: unicode
15/06/2018 17:11:10 [DEBUG] Loaded placeholder: statistics
15/06/2018 17:11:10 [DEBUG] Loaded placeholder: firework
15/06/2018 17:11:10 [DEBUG] Loaded placeholder: economy
15/06/2018 17:11:10 [DEBUG] Loaded placeholder: permissions
15/06/2018 17:11:11 [DEBUG]  - Server supports Objective entries
15/06/2018 17:11:11 [DEBUG]  - Server supports Team color
15/06/2018 17:11:11 [DEBUG]  - Server supports Team entries
15/06/2018 17:11:11 [INFO] 	Arguments: 1
15/06/2018 17:11:11 [INFO] 	Lines: 2
15/06/2018 17:11:11 [DEBUG] Using SCOREBOARD v7
15/06/2018 17:11:11 [DEBUG]  - Server supports Team prefix/suffix
15/06/2018 17:11:11 [INFO] Adding scoreboard group 'benchmark' ...
15/06/2018 17:11:11 [INFO] Using OPTIMAL as the update strategy
15/06/2018 17:11:11 [DEBUG] 	Line: line1 Static: false
15/06/2018 17:11:11 [DEBUG] 	Line: title Static: false
15/06/2018 17:11:11 [DEBUG] 	Line: line2 Static: false
15/06/2018 17:11:11 [INFO] Creating new custom effect: warning
15/06/2018 17:11:11 [DEBUG] 	Line: line3 Static: false
15/06/2018 17:11:10 [INFO] Loaded 2981 of the 2981 placholders
15/06/2018 17:11:11 [DEBUG] 	Line: line4 Static: false
15/06/2018 17:11:11 [DEBUG] 	Line: line5 Static: false
15/06/2018 17:11:11 [DEBUG] 	Line: line6 Static: false
15/06/2018 17:11:10 [DEBUG] Loaded placeholder: compass
15/06/2018 17:11:11 [DEBUG] 	Line: line7 Static: false
15/06/2018 17:11:11 [DEBUG] 	Line: line8 Static: false
15/06/2018 17:11:11 [DEBUG] 	Line: line9 Static: false
15/06/2018 17:11:11 [DEBUG] 	Line: line12 Static: false
15/06/2018 17:11:11 [DEBUG] 	Line: line13 Static: false
15/06/2018 17:11:11 [DEBUG] 	Line: line14 Static: false
15/06/2018 17:11:11 [DEBUG] 	Line: line15 Static: false
15/06/2018 17:11:11 [INFO] Adding scoreboard group 'default' ...
15/06/2018 17:11:12 [DEBUG] 	Line: title Static: false
15/06/2018 17:11:12 [DEBUG] 	Line: header Static: true
15/06/2018 17:11:12 [DEBUG] 	Line: player Static: false
15/06/2018 17:11:12 [DEBUG] 	Line: player_balance Static: false
15/06/2018 17:11:12 [DEBUG] 	Line: crossline1 Static: true
15/06/2018 17:11:12 [DEBUG] 	Line: island_Leader Static: false
15/06/2018 17:11:12 [DEBUG] 	Line: footer Static: true
15/06/2018 17:11:12 [DEBUG] 	Line: island_Level Static: false
15/06/2018 17:11:12 [INFO] Adding scoreboard group 'mcmmo-levelup' ...
15/06/2018 17:11:12 [DEBUG] 	Line: island_team_size Static: false
15/06/2018 17:11:12 [DEBUG] 	Line: title Static: false
15/06/2018 17:11:12 [DEBUG] 	Line: header Static: true
15/06/2018 17:11:12 [DEBUG] 	Line: info-label Static: true
15/06/2018 17:11:11 [DEBUG] 	Line: line11 Static: false
15/06/2018 17:11:12 [DEBUG] 	Line: spacer1 Static: true
15/06/2018 17:11:12 [DEBUG] 	Line: skill-label Static: true
15/06/2018 17:11:12 [DEBUG] 	Line: skill Static: true
15/06/2018 17:11:12 [DEBUG] 	Line: skilllevel-label Static: true
15/06/2018 17:11:12 [DEBUG] 	Line: spacer2 Static: true
15/06/2018 17:11:12 [DEBUG] 	Line: skilllevel Static: true
15/06/2018 17:11:12 [DEBUG] 	Line: footer Static: true
15/06/2018 17:11:12 [DEBUG] 	Line: title Static: false
15/06/2018 17:11:12 [INFO] Adding scoreboard group 'combat-scoreboard-example' ...
15/06/2018 17:11:12 [DEBUG] 	Line: header Static: true
15/06/2018 17:11:12 [DEBUG] 	Line: combat-label Static: true
15/06/2018 17:11:12 [DEBUG] 	Line: health-data-1 Static: false
15/06/2018 17:11:12 [DEBUG] 	Line: health-label Static: true
15/06/2018 17:11:12 [DEBUG] 	Line: spacer1 Static: false
15/06/2018 17:11:11 [DEBUG] 	Line: line10 Static: false
15/06/2018 17:11:12 [DEBUG] 	Line: combat-data Static: false
15/06/2018 17:11:12 [DEBUG] 	Line: health-data-2 Static: false
15/06/2018 17:11:12 [DEBUG] 	Line: footer Static: true
15/06/2018 17:11:12 [INFO] Adding scoreboard group 'towny-town-example' ...
15/06/2018 17:11:12 [DEBUG] 	Line: title Static: false
15/06/2018 17:11:12 [DEBUG] 	Line: header Static: true
15/06/2018 17:11:12 [DEBUG] 	Line: town-label Static: true
15/06/2018 17:11:12 [DEBUG] 	Line: town-data Static: true
15/06/2018 17:11:12 [DEBUG] 	Line: spacer1 Static: false
15/06/2018 17:11:12 [DEBUG] 	Line: townboard-label Static: true
15/06/2018 17:11:12 [DEBUG] 	Line: townboard Static: false
15/06/2018 17:11:12 [DEBUG] 	Line: spacer2 Static: false
15/06/2018 17:11:12 [DEBUG] 	Line: population-label Static: true
15/06/2018 17:11:12 [DEBUG] 	Line: poplulation-data Static: true
15/06/2018 17:11:12 [DEBUG] 	Line: footer Static: true
15/06/2018 17:11:12 [DEBUG] Scoreboards groups sorted by priority:
15/06/2018 17:11:12 [DEBUG] 	default - 10
15/06/2018 17:11:12 [DEBUG] 	benchmark - 0
15/06/2018 17:11:12 [DEBUG] 	mcmmo-levelup - 0
15/06/2018 17:11:12 [DEBUG] 	combat-scoreboard-example - 0
15/06/2018 17:11:12 [DEBUG] 	towny-town-example - 0
15/06/2018 17:11:12 [INFO] Added 'PERMISSION' as the default scoreboard assign method
15/06/2018 17:11:12 [INFO] Generating metrics information ...
15/06/2018 17:11:12 [MESSAGE] &5[&9FeatherBoard&5] &aYour version is up to date!
15/06/2018 17:11:12 [INFO] Toggle persistence is disabled!
15/06/2018 17:11:12 [INFO] Adding command 'featherboard'
15/06/2018 17:11:12 [DEBUG] 	Adding sub command 'toggle'
15/06/2018 17:11:12 [DEBUG] 	Adding sub command 'on'
15/06/2018 17:11:12 [DEBUG] 	Adding sub command 'gui'
15/06/2018 17:11:12 [DEBUG] 	Adding sub command 'off'
15/06/2018 17:11:12 [DEBUG] 	Adding sub command 'placeholders'
15/06/2018 17:11:12 [DEBUG] 	Adding sub command 'debug'
15/06/2018 17:11:12 [DEBUG] 	Adding sub command 'reload'
15/06/2018 17:11:12 [DEBUG] 	Adding sub command 'permissions'
15/06/2018 17:11:12 [DEBUG] 	Adding sub command 'about'
15/06/2018 17:11:12 [DEBUG] 	Adding sub command 'help'
15/06/2018 17:11:12 [DEBUG] 	Adding sub command 'reload'
15/06/2018 17:11:12 [DEBUG] 	Adding sub command 'generatebbcode'
15/06/2018 17:11:12 [DEBUG] 	Adding sub command 'parse'
15/06/2018 17:11:12 [DEBUG] 	Adding sub command 'show'
15/06/2018 17:11:12 [DEBUG] 	Adding sub command 'hide'
15/06/2018 17:11:12 [DEBUG] 	Adding sub command 'editsetting'
15/06/2018 17:11:12 [DEBUG] 	Adding sub command 'removescoreboard'
15/06/2018 17:11:12 [DEBUG] 	Adding sub command 'createscoreboard'
15/06/2018 17:11:12 [DEBUG] 	Adding sub command 'modules'
15/06/2018 17:11:12 [DEBUG] 	Adding sub command 'info'
15/06/2018 17:11:12 [DEBUG] 	Adding sub command 'add'
15/06/2018 17:11:12 [DEBUG] 	Adding sub command 'remove'
15/06/2018 17:11:12 [DEBUG] 	Adding sub command 'module'
15/06/2018 17:11:28 [INFO] Checking for module updates ...
15/06/2018 17:11:28 [WARNING] Unable to check for module updates!
