21/07/2018 06:39:26 [INFO] Loading messages ...
21/07/2018 06:39:26 [INFO] Loading placeholders and event triggers ...
21/07/2018 06:39:26 [INFO] Loading language file: lang_en
21/07/2018 06:39:26 [DEBUG] Loaded placeholder: MySQL
21/07/2018 06:39:26 [DEBUG] Loaded placeholder: CustomPlaceholders
21/07/2018 06:39:26 [INFO] Loading internal placeholders ...
21/07/2018 06:39:27 [INFO] Loading event hook: Vanilla Combat hook ...
21/07/2018 06:39:27 [DEBUG] Loaded placeholder: vanillaevents
21/07/2018 06:39:27 [DEBUG] Loaded placeholder: facebook
21/07/2018 06:39:26 [INFO] Fetching available placeholders from server ...
21/07/2018 06:39:27 [INFO] Loading event hook: Vanilla Death hook ...
21/07/2018 06:39:27 [INFO] Loading event hook: Vanilla player join ...
21/07/2018 06:39:27 [INFO] Loading event hook: Vanilla player rejoin ...
21/07/2018 06:39:27 [INFO] Loading event hook: Vanilla Block place hook ...
21/07/2018 06:39:27 [INFO] Loading event hook: Vanilla Block break hook ...
21/07/2018 06:39:27 [INFO] Loading event hook: Vanilla Block place hook ...
21/07/2018 06:39:27 [INFO] Loading event hook: Vanilla player rejoin ...
21/07/2018 06:39:27 [INFO] Loading event hook: Vanilla Block break hook ...
21/07/2018 06:39:27 [INFO] Loading event hook: Vanilla Combat hook ...
21/07/2018 06:39:27 [INFO] Loading event hook: Vanilla player first join ...
21/07/2018 06:39:27 [INFO] Loading event hook: Vanilla Create portal hook ...
21/07/2018 06:39:28 [DEBUG] Loaded placeholder: statistics
21/07/2018 06:39:28 [DEBUG] Loaded placeholder: economy
21/07/2018 06:39:27 [DEBUG] Loaded placeholder: sound
21/07/2018 06:39:27 [INFO] Loading event hook: Vanilla player first join ...
21/07/2018 06:39:27 [INFO] Loading event hook: Vanilla Create portal hook ...
21/07/2018 06:39:27 [INFO] Loading event hook: Vanilla Death hook ...
21/07/2018 06:39:27 [INFO] Loading event hook: Vanilla player join ...
21/07/2018 06:39:28 [DEBUG] Loaded placeholder: bungeecord
21/07/2018 06:39:28 [DEBUG] Loaded placeholder: serverpinger
21/07/2018 06:39:28 [DEBUG] Loaded placeholder: geographical
21/07/2018 06:39:28 [DEBUG] Loaded placeholder: permissions
21/07/2018 06:39:28 [DEBUG] Loaded placeholder: previousnames
21/07/2018 06:39:28 [DEBUG] Loaded placeholder: world
21/07/2018 06:39:28 [DEBUG] Loaded placeholder: bukkit
21/07/2018 06:39:28 [DEBUG] Loaded placeholder: player
21/07/2018 06:39:28 [DEBUG] Loaded placeholder: essentials
21/07/2018 06:39:28 [DEBUG] Loaded placeholder: firework
21/07/2018 06:39:28 [DEBUG] Loaded placeholder: memory
21/07/2018 06:39:28 [DEBUG] Loaded placeholder: entities
21/07/2018 06:39:28 [DEBUG] Loaded placeholder: hotbar
21/07/2018 06:39:28 [DEBUG] Loaded placeholder: playereffects
21/07/2018 06:39:28 [DEBUG] Loaded placeholder: compass
21/07/2018 06:39:28 [DEBUG] Loaded placeholder: redisbungee
21/07/2018 06:39:29 [DEBUG] Loaded placeholder: armor
21/07/2018 06:39:28 [DEBUG] Loaded placeholder: askyblock
21/07/2018 06:39:28 [DEBUG] Loaded placeholder: java
21/07/2018 06:39:28 [DEBUG] Loaded placeholder: color
21/07/2018 06:39:28 [DEBUG] Loaded placeholder: placeholderapi
21/07/2018 06:39:29 [INFO] Creating new custom effect: warning
21/07/2018 06:39:29 [INFO] 	Lines: 2
21/07/2018 06:39:29 [INFO] Loaded 2981 of the 2981 placholders
21/07/2018 06:39:29 [DEBUG] Loaded placeholder: tickspersecond
21/07/2018 06:39:29 [DEBUG] Loaded placeholder: twitter
21/07/2018 06:39:29 [DEBUG] Loaded placeholder: command
21/07/2018 06:39:29 [DEBUG] Loaded placeholder: unicode
21/07/2018 06:39:29 [DEBUG] Using SCOREBOARD v7
21/07/2018 06:39:29 [INFO] Using OPTIMAL as the update strategy
21/07/2018 06:39:29 [INFO] Adding scoreboard group 'towny-town-example' ...
21/07/2018 06:39:29 [DEBUG]  - Server supports Team prefix/suffix
21/07/2018 06:39:29 [DEBUG]  - Server supports Team entries
21/07/2018 06:39:29 [DEBUG]  - Server supports Objective entries
21/07/2018 06:39:29 [DEBUG]  - Server supports Team color
21/07/2018 06:39:29 [INFO] 	Arguments: 1
21/07/2018 06:39:29 [DEBUG] 	Line: townboard-label Static: true
21/07/2018 06:39:29 [DEBUG] 	Line: townboard Static: false
21/07/2018 06:39:29 [DEBUG] 	Line: spacer2 Static: false
21/07/2018 06:39:29 [DEBUG] 	Line: population-label Static: true
21/07/2018 06:39:29 [DEBUG] 	Line: spacer1 Static: false
21/07/2018 06:39:29 [DEBUG] 	Line: town-data Static: true
21/07/2018 06:39:29 [DEBUG] 	Line: town-label Static: true
21/07/2018 06:39:29 [DEBUG] 	Line: header Static: true
21/07/2018 06:39:29 [DEBUG] 	Line: title Static: false
21/07/2018 06:39:30 [DEBUG] 	Line: info-label Static: true
21/07/2018 06:39:30 [DEBUG] 	Line: spacer1 Static: true
21/07/2018 06:39:30 [DEBUG] 	Line: skill-label Static: true
21/07/2018 06:39:30 [DEBUG] 	Line: skill Static: true
21/07/2018 06:39:30 [DEBUG] 	Line: spacer2 Static: true
21/07/2018 06:39:30 [DEBUG] 	Line: header Static: true
21/07/2018 06:39:30 [DEBUG] 	Line: title Static: false
21/07/2018 06:39:30 [INFO] Adding scoreboard group 'mcmmo-levelup' ...
21/07/2018 06:39:30 [DEBUG] 	Line: footer Static: true
21/07/2018 06:39:30 [DEBUG] 	Line: poplulation-data Static: true
21/07/2018 06:39:30 [DEBUG] 	Line: header Static: true
21/07/2018 06:39:30 [DEBUG] 	Line: combat-label Static: true
21/07/2018 06:39:30 [DEBUG] 	Line: combat-data Static: false
21/07/2018 06:39:30 [DEBUG] 	Line: spacer1 Static: false
21/07/2018 06:39:30 [DEBUG] 	Line: health-label Static: true
21/07/2018 06:39:30 [DEBUG] 	Line: health-data-1 Static: false
21/07/2018 06:39:30 [DEBUG] 	Line: title Static: false
21/07/2018 06:39:30 [INFO] Adding scoreboard group 'combat-scoreboard-example' ...
21/07/2018 06:39:30 [DEBUG] 	Line: footer Static: true
21/07/2018 06:39:30 [DEBUG] 	Line: skilllevel Static: true
21/07/2018 06:39:30 [DEBUG] 	Line: skilllevel-label Static: true
21/07/2018 06:39:30 [DEBUG] 	Line: line2 Static: false
21/07/2018 06:39:30 [DEBUG] 	Line: line3 Static: false
21/07/2018 06:39:30 [DEBUG] 	Line: line4 Static: false
21/07/2018 06:39:30 [DEBUG] 	Line: line5 Static: false
21/07/2018 06:39:30 [DEBUG] 	Line: line6 Static: false
21/07/2018 06:39:30 [DEBUG] 	Line: line7 Static: false
21/07/2018 06:39:30 [DEBUG] 	Line: line8 Static: false
21/07/2018 06:39:30 [DEBUG] 	Line: line1 Static: false
21/07/2018 06:39:30 [DEBUG] 	Line: title Static: false
21/07/2018 06:39:30 [INFO] Adding scoreboard group 'benchmark' ...
21/07/2018 06:39:30 [DEBUG] 	Line: footer Static: true
21/07/2018 06:39:30 [DEBUG] 	Line: health-data-2 Static: false
21/07/2018 06:39:30 [DEBUG] 	Line: line14 Static: false
21/07/2018 06:39:30 [DEBUG] 	Line: line15 Static: false
21/07/2018 06:39:30 [INFO] Adding scoreboard group 'default' ...
21/07/2018 06:39:31 [DEBUG] 	Line: title Static: false
21/07/2018 06:39:31 [DEBUG] 	Line: header Static: true
21/07/2018 06:39:31 [DEBUG] 	Line: player Static: false
21/07/2018 06:39:31 [DEBUG] 	Line: player_balance Static: false
21/07/2018 06:39:31 [DEBUG] 	Line: crossline1 Static: true
21/07/2018 06:39:30 [DEBUG] 	Line: line13 Static: false
21/07/2018 06:39:30 [DEBUG] 	Line: line12 Static: false
21/07/2018 06:39:30 [DEBUG] 	Line: line11 Static: false
21/07/2018 06:39:30 [DEBUG] 	Line: line10 Static: false
21/07/2018 06:39:30 [DEBUG] 	Line: line9 Static: false
21/07/2018 06:39:31 [DEBUG] 	default - 10
21/07/2018 06:39:31 [DEBUG] 	towny-town-example - 0
21/07/2018 06:39:31 [DEBUG] 	mcmmo-levelup - 0
21/07/2018 06:39:31 [DEBUG] 	combat-scoreboard-example - 0
21/07/2018 06:39:31 [DEBUG] 	benchmark - 0
21/07/2018 06:39:31 [INFO] Added 'PERMISSION' as the default scoreboard assign method
21/07/2018 06:39:31 [INFO] Generating metrics information ...
21/07/2018 06:39:31 [MESSAGE] &5[&9FeatherBoard&5] &aYour version is up to date!
21/07/2018 06:39:31 [INFO] Toggle persistence is disabled!
21/07/2018 06:39:31 [DEBUG] Scoreboards groups sorted by priority:
21/07/2018 06:39:31 [DEBUG] 	Line: footer Static: true
21/07/2018 06:39:31 [DEBUG] 	Line: island_team_size Static: false
21/07/2018 06:39:31 [DEBUG] 	Line: island_Level Static: false
21/07/2018 06:39:31 [DEBUG] 	Line: island_Leader Static: false
21/07/2018 06:39:31 [DEBUG] 	Adding sub command 'placeholders'
21/07/2018 06:39:31 [DEBUG] 	Adding sub command 'debug'
21/07/2018 06:39:31 [DEBUG] 	Adding sub command 'reload'
21/07/2018 06:39:31 [DEBUG] 	Adding sub command 'permissions'
21/07/2018 06:39:31 [DEBUG] 	Adding sub command 'about'
21/07/2018 06:39:31 [DEBUG] 	Adding sub command 'help'
21/07/2018 06:39:31 [DEBUG] 	Adding sub command 'reload'
21/07/2018 06:39:31 [DEBUG] 	Adding sub command 'generatebbcode'
21/07/2018 06:39:31 [DEBUG] 	Adding sub command 'parse'
21/07/2018 06:39:31 [DEBUG] 	Adding sub command 'off'
21/07/2018 06:39:31 [DEBUG] 	Adding sub command 'gui'
21/07/2018 06:39:31 [DEBUG] 	Adding sub command 'on'
21/07/2018 06:39:31 [DEBUG] 	Adding sub command 'toggle'
21/07/2018 06:39:31 [INFO] Adding command 'featherboard'
21/07/2018 06:39:31 [DEBUG] 	Adding sub command 'modules'
21/07/2018 06:39:31 [DEBUG] 	Adding sub command 'info'
21/07/2018 06:39:31 [DEBUG] 	Adding sub command 'add'
21/07/2018 06:39:31 [DEBUG] 	Adding sub command 'remove'
21/07/2018 06:39:31 [DEBUG] 	Adding sub command 'module'
21/07/2018 06:39:31 [DEBUG] 	Adding sub command 'show'
21/07/2018 06:39:31 [DEBUG] 	Adding sub command 'editsetting'
21/07/2018 06:39:31 [DEBUG] 	Adding sub command 'removescoreboard'
21/07/2018 06:39:31 [DEBUG] 	Adding sub command 'createscoreboard'
21/07/2018 06:39:31 [DEBUG] 	Adding sub command 'hide'
21/07/2018 06:39:46 [INFO] Checking for module updates ...
21/07/2018 06:39:46 [WARNING] Unable to check for module updates!
