14/06/2018 21:33:26 [INFO] Loading messages ...
14/06/2018 21:33:26 [INFO] Loading placeholders and event triggers ...
14/06/2018 21:33:26 [INFO] Loading language file: lang_en
14/06/2018 21:33:26 [DEBUG] Loaded placeholder: MySQL
14/06/2018 21:33:26 [DEBUG] Loaded placeholder: CustomPlaceholders
14/06/2018 21:33:26 [INFO] Loading internal placeholders ...
14/06/2018 21:33:26 [DEBUG] Loaded placeholder: memory
14/06/2018 21:33:26 [DEBUG] Loaded placeholder: player
14/06/2018 21:33:26 [DEBUG] Loaded placeholder: essentials
14/06/2018 21:33:26 [INFO] Fetching available placeholders from server ...
14/06/2018 21:33:27 [DEBUG] Loaded placeholder: twitter
14/06/2018 21:33:27 [DEBUG] Loaded placeholder: redisbungee
14/06/2018 21:33:27 [DEBUG] Loaded placeholder: entities
14/06/2018 21:33:27 [DEBUG] Loaded placeholder: bukkit
14/06/2018 21:33:27 [DEBUG] Loaded placeholder: world
14/06/2018 21:33:27 [DEBUG] Loaded placeholder: placeholderapi
14/06/2018 21:33:27 [DEBUG] Loaded placeholder: sound
14/06/2018 21:33:27 [DEBUG] Loaded placeholder: previousnames
14/06/2018 21:33:27 [DEBUG] Loaded placeholder: command
14/06/2018 21:33:27 [DEBUG] Loaded placeholder: armor
14/06/2018 21:33:27 [DEBUG] Loaded placeholder: color
14/06/2018 21:33:27 [DEBUG] Loaded placeholder: askyblock
14/06/2018 21:33:27 [DEBUG] Loaded placeholder: serverpinger
14/06/2018 21:33:27 [DEBUG] Loaded placeholder: java
14/06/2018 21:33:29 [INFO] Loading event hook: Vanilla Combat hook ...
14/06/2018 21:33:29 [DEBUG] Loaded placeholder: vanillaevents
14/06/2018 21:33:29 [DEBUG] Loaded placeholder: tickspersecond
14/06/2018 21:33:29 [DEBUG] Loaded placeholder: geographical
14/06/2018 21:33:28 [DEBUG] Loaded placeholder: facebook
14/06/2018 21:33:29 [INFO] Loading event hook: Vanilla Block break hook ...
14/06/2018 21:33:29 [INFO] Loading event hook: Vanilla Block place hook ...
14/06/2018 21:33:29 [INFO] Loading event hook: Vanilla Block place hook ...
14/06/2018 21:33:29 [INFO] Loading event hook: Vanilla Block break hook ...
14/06/2018 21:33:29 [INFO] Loading event hook: Vanilla Combat hook ...
14/06/2018 21:33:29 [INFO] Loading event hook: Vanilla player first join ...
14/06/2018 21:33:29 [INFO] Loading event hook: Vanilla Death hook ...
14/06/2018 21:33:29 [INFO] Loading event hook: Vanilla player rejoin ...
14/06/2018 21:33:29 [INFO] Loading event hook: Vanilla player join ...
14/06/2018 21:33:29 [INFO] Loading event hook: Vanilla Create portal hook ...
14/06/2018 21:33:29 [INFO] Loading event hook: Vanilla player rejoin ...
14/06/2018 21:33:29 [INFO] Loading event hook: Vanilla player join ...
14/06/2018 21:33:29 [DEBUG] Loaded placeholder: permissions
14/06/2018 21:33:29 [INFO] Loading event hook: Vanilla Create portal hook ...
14/06/2018 21:33:29 [DEBUG] Loaded placeholder: economy
14/06/2018 21:33:29 [DEBUG] Loaded placeholder: bungeecord
14/06/2018 21:33:29 [INFO] Loading event hook: Vanilla player first join ...
14/06/2018 21:33:29 [INFO] Loading event hook: Vanilla Death hook ...
14/06/2018 21:33:29 [INFO] Loaded 2981 of the 2981 placholders
14/06/2018 21:33:29 [DEBUG] Loaded placeholder: compass
14/06/2018 21:33:29 [DEBUG] Loaded placeholder: playereffects
14/06/2018 21:33:29 [DEBUG] Loaded placeholder: hotbar
14/06/2018 21:33:29 [DEBUG] Loaded placeholder: unicode
14/06/2018 21:33:30 [DEBUG]  - Server supports Objective entries
14/06/2018 21:33:29 [DEBUG] Loaded placeholder: statistics
14/06/2018 21:33:30 [DEBUG]  - Server supports Team color
14/06/2018 21:33:30 [INFO] 	Arguments: 1
14/06/2018 21:33:29 [DEBUG] Loaded placeholder: firework
14/06/2018 21:33:30 [INFO] 	Lines: 2
14/06/2018 21:33:30 [DEBUG]  - Server supports Team entries
14/06/2018 21:33:30 [INFO] Creating new custom effect: warning
14/06/2018 21:33:30 [DEBUG] 	Line: line2 Static: false
14/06/2018 21:33:30 [DEBUG] 	Line: line1 Static: false
14/06/2018 21:33:30 [DEBUG] 	Line: line7 Static: false
14/06/2018 21:33:30 [INFO] Adding scoreboard group 'benchmark' ...
14/06/2018 21:33:30 [DEBUG] 	Line: line5 Static: false
14/06/2018 21:33:30 [DEBUG] 	Line: line8 Static: false
14/06/2018 21:33:30 [DEBUG] 	Line: line4 Static: false
14/06/2018 21:33:30 [DEBUG] 	Line: line3 Static: false
14/06/2018 21:33:30 [INFO] Using OPTIMAL as the update strategy
14/06/2018 21:33:30 [DEBUG] 	Line: title Static: false
14/06/2018 21:33:30 [DEBUG] Using SCOREBOARD v7
14/06/2018 21:33:30 [DEBUG] 	Line: line6 Static: false
14/06/2018 21:33:30 [DEBUG] 	Line: line15 Static: false
14/06/2018 21:33:30 [DEBUG]  - Server supports Team prefix/suffix
14/06/2018 21:33:30 [INFO] Adding scoreboard group 'default' ...
14/06/2018 21:33:30 [DEBUG] 	Line: header Static: true
14/06/2018 21:33:30 [DEBUG] 	Line: player Static: false
14/06/2018 21:33:30 [DEBUG] 	Line: title Static: false
14/06/2018 21:33:30 [DEBUG] 	Line: crossline1 Static: true
14/06/2018 21:33:30 [DEBUG] 	Line: line14 Static: false
14/06/2018 21:33:30 [DEBUG] 	Line: line13 Static: false
14/06/2018 21:33:30 [DEBUG] 	Line: line12 Static: false
14/06/2018 21:33:30 [DEBUG] 	Line: line11 Static: false
14/06/2018 21:33:30 [DEBUG] 	Line: line10 Static: false
14/06/2018 21:33:30 [DEBUG] 	Line: line9 Static: false
14/06/2018 21:33:30 [DEBUG] 	Line: island_Level Static: false
14/06/2018 21:33:30 [DEBUG] 	Line: island_Leader Static: false
14/06/2018 21:33:30 [DEBUG] 	Line: player_balance Static: false
14/06/2018 21:33:30 [DEBUG] 	Line: skilllevel-label Static: true
14/06/2018 21:33:30 [INFO] Adding scoreboard group 'combat-scoreboard-example' ...
14/06/2018 21:33:30 [DEBUG] 	Line: title Static: false
14/06/2018 21:33:30 [DEBUG] 	Line: footer Static: true
14/06/2018 21:33:30 [DEBUG] 	Line: skilllevel Static: true
14/06/2018 21:33:30 [DEBUG] 	Line: spacer2 Static: true
14/06/2018 21:33:30 [INFO] Adding scoreboard group 'mcmmo-levelup' ...
14/06/2018 21:33:30 [DEBUG] 	Line: skill Static: true
14/06/2018 21:33:30 [DEBUG] 	Line: skill-label Static: true
14/06/2018 21:33:30 [DEBUG] 	Line: spacer1 Static: true
14/06/2018 21:33:30 [DEBUG] 	Line: info-label Static: true
14/06/2018 21:33:30 [DEBUG] 	Line: footer Static: true
14/06/2018 21:33:30 [DEBUG] 	Line: island_team_size Static: false
14/06/2018 21:33:30 [DEBUG] 	Line: header Static: true
14/06/2018 21:33:30 [DEBUG] 	Line: spacer1 Static: false
14/06/2018 21:33:30 [DEBUG] 	Line: town-label Static: true
14/06/2018 21:33:30 [DEBUG] 	Line: town-data Static: true
14/06/2018 21:33:30 [DEBUG] 	Line: header Static: true
14/06/2018 21:33:30 [DEBUG] 	Line: title Static: false
14/06/2018 21:33:30 [INFO] Adding scoreboard group 'towny-town-example' ...
14/06/2018 21:33:30 [DEBUG] 	Line: footer Static: true
14/06/2018 21:33:30 [DEBUG] 	Line: health-data-2 Static: false
14/06/2018 21:33:30 [DEBUG] 	Line: health-data-1 Static: false
14/06/2018 21:33:30 [DEBUG] 	Line: health-label Static: true
14/06/2018 21:33:30 [DEBUG] 	Line: spacer1 Static: false
14/06/2018 21:33:30 [DEBUG] 	Line: combat-data Static: false
14/06/2018 21:33:30 [DEBUG] 	Line: header Static: true
14/06/2018 21:33:30 [DEBUG] 	Line: title Static: false
14/06/2018 21:33:30 [DEBUG] 	Line: combat-label Static: true
14/06/2018 21:33:30 [INFO] Toggle persistence is disabled!
14/06/2018 21:33:30 [INFO] Generating metrics information ...
14/06/2018 21:33:30 [MESSAGE] &5[&9FeatherBoard&5] &aYour version is up to date!
14/06/2018 21:33:30 [INFO] Added 'PERMISSION' as the default scoreboard assign method
14/06/2018 21:33:30 [DEBUG] 	towny-town-example - 0
14/06/2018 21:33:30 [DEBUG] 	mcmmo-levelup - 0
14/06/2018 21:33:30 [DEBUG] 	combat-scoreboard-example - 0
14/06/2018 21:33:30 [DEBUG] 	benchmark - 0
14/06/2018 21:33:30 [DEBUG] 	default - 10
14/06/2018 21:33:30 [DEBUG] Scoreboards groups sorted by priority:
14/06/2018 21:33:30 [DEBUG] 	Line: footer Static: true
14/06/2018 21:33:30 [DEBUG] 	Line: poplulation-data Static: true
14/06/2018 21:33:30 [DEBUG] 	Line: population-label Static: true
14/06/2018 21:33:30 [DEBUG] 	Line: townboard Static: false
14/06/2018 21:33:30 [DEBUG] 	Line: spacer2 Static: false
14/06/2018 21:33:30 [DEBUG] 	Adding sub command 'off'
14/06/2018 21:33:30 [DEBUG] 	Adding sub command 'help'
14/06/2018 21:33:30 [DEBUG] 	Adding sub command 'hide'
14/06/2018 21:33:30 [DEBUG] 	Adding sub command 'parse'
14/06/2018 21:33:30 [DEBUG] 	Adding sub command 'show'
14/06/2018 21:33:30 [DEBUG] 	Adding sub command 'generatebbcode'
14/06/2018 21:33:30 [DEBUG] 	Adding sub command 'reload'
14/06/2018 21:33:30 [DEBUG] 	Adding sub command 'permissions'
14/06/2018 21:33:30 [DEBUG] 	Adding sub command 'about'
14/06/2018 21:33:30 [DEBUG] 	Adding sub command 'reload'
14/06/2018 21:33:30 [DEBUG] 	Adding sub command 'debug'
14/06/2018 21:33:30 [DEBUG] 	Adding sub command 'placeholders'
14/06/2018 21:33:30 [DEBUG] 	Adding sub command 'editsetting'
14/06/2018 21:33:30 [DEBUG] 	Adding sub command 'gui'
14/06/2018 21:33:30 [DEBUG] 	Adding sub command 'on'
14/06/2018 21:33:30 [DEBUG] 	Line: townboard-label Static: true
14/06/2018 21:33:30 [INFO] Adding command 'featherboard'
14/06/2018 21:33:30 [DEBUG] 	Adding sub command 'toggle'
14/06/2018 21:33:30 [DEBUG] 	Adding sub command 'removescoreboard'
14/06/2018 21:33:30 [DEBUG] 	Adding sub command 'module'
14/06/2018 21:33:30 [DEBUG] 	Adding sub command 'modules'
14/06/2018 21:33:30 [DEBUG] 	Adding sub command 'createscoreboard'
14/06/2018 21:33:30 [DEBUG] 	Adding sub command 'info'
14/06/2018 21:33:30 [DEBUG] 	Adding sub command 'remove'
14/06/2018 21:33:30 [DEBUG] 	Adding sub command 'add'
14/06/2018 21:33:38 [INFO] Checking for module updates ...
14/06/2018 21:33:38 [WARNING] Unable to check for module updates!
