[2018-07-23 04:37:07.292] Geedy created a Diamond Axe  shop at (ASkyBlock - -1019.0,119.0,-514.0)
[2018-07-23 04:37:22.589] Geedy bought 1 for 200.0 from Shop ASkyBlock(-1019, 119, -514) Owner: Geedy - 369e724d-e650-3abd-82a2-f2551f414815 Price: 200.0 Item: ItemStack{DIAMOND_AXE x 1}
[2018-07-23 04:42:11.496] Geedy created a Cooked Fish  shop at (ASkyBlock - -1019.0,119.0,-514.0)
[2018-07-23 04:43:26.948] LaLungLinh bought 10 for 1000.0 from Shop ASkyBlock(-1019, 119, -514) Owner: Geedy - 369e724d-e650-3abd-82a2-f2551f414815 Price: 100.0 Item: ItemStack{COOKED_FISH x 1}
[2018-07-23 05:05:48.527] LaLungLinh created a Cooked Beef  shop at (ASkyBlock - -1019.0,119.0,-514.0)
[2018-07-23 05:05:55.917] Dimoniezz created a Bow shop at (ASkyBlock - -1016.0,119.0,-508.0)
[2018-07-23 05:06:51.147] Dimoniezz created a Bow shop at (ASkyBlock - -1019.0,119.0,-514.0)
[2018-07-23 05:07:21.724] Dimoniezz created a Bow shop at (ASkyBlock - -1019.0,119.0,-516.0)
[2018-07-23 05:07:28.23] ZeusDePanda bought 1 for 1000.0 from Shop ASkyBlock(-1019, 119, -516) Owner: Dimoniezz - b23bceea-abe0-3f9e-8e9c-1361e11b3edd Price: 1000.0 Item: ItemStack{BOW x 1, UNSPECIFIC_META:{meta-type=UNSPECIFIC, enchants={ARROW_KNOCKBACK=2, ARROW_FIRE=1}}}
[2018-07-23 09:52:49.737] Geedy created a Cocoa Beans  shop at (ASkyBlock - -1023.0,108.0,-514.0)
[2018-07-23 09:53:14.951] Geedy created a Cocoa Beans  shop at (ASkyBlock - -1023.0,108.0,-514.0)
[2018-07-24 02:21:44.145] Geedy created a Raw Fish  shop at (ASkyBlock - -1023.0,108.0,-508.0)
[2018-07-24 02:21:55.188] Geedy created a Raw Fish:1  shop at (ASkyBlock - -1023.0,108.0,-506.0)
[2018-07-24 02:22:03.24] Geedy created a Raw Fish:2  shop at (ASkyBlock - -1023.0,108.0,-504.0)
[2018-07-24 02:22:24.76] Geedy created a Raw Fish:2  shop at (ASkyBlock - -1023.0,108.0,-504.0)
[2018-07-24 10:27:16.5] ZeusDePanda bought 4 for 20000.0 from Shop ASkyBlock(-1023, 108, -514) Owner: Geedy - 369e724d-e650-3abd-82a2-f2551f414815 Price: 5000.0 Item: ItemStack{INK_SACK x 1}
[2018-07-24 10:27:28.5] ZeusDePanda bought 1 for 1000.0 from Shop ASkyBlock(-1023, 108, -504) Owner: Geedy - 369e724d-e650-3abd-82a2-f2551f414815 Price: 1000.0 Item: ItemStack{RAW_FISH x 1}
[2018-07-24 15:36:56.188] WaoTaiDz created a Enchanted Book  shop at (ASkyBlock - 511.0,116.0,-1018.0)
[2018-07-24 15:37:16.467] Dimoniezz bought 1 for 10000.0 from Shop ASkyBlock(511, 116, -1018) Owner: WaoTaiDz - 1cf62bfc-a0d1-3d04-92cd-9dc9d5338c17 Price: 10000.0 Item: ItemStack{ENCHANTED_BOOK x 1, ENCHANTED_META:{meta-type=ENCHANTED, stored-enchants={ARROW_DAMAGE=3, MENDING=1}}}
[2018-07-25 05:00:51.038] Dimoniezz created a Diamond Block  shop at (ASkyBlock - -1031.0,111.0,-529.0)
[2018-07-25 05:19:55.421] Dimoniezz created a Emerald shop at (ASkyBlock - -1030.0,110.0,-529.0)
[2018-07-25 05:20:25.12] Dimoniezz created a Magma Cream  shop at (ASkyBlock - -1028.0,111.0,-529.0)
[2018-07-25 05:20:46.714] Dimoniezz created a Cocoa Beans  shop at (ASkyBlock - -1030.0,112.0,-529.0)
[2018-07-25 05:23:12.718] Dimoniezz created a Diamond shop at (ASkyBlock - -1027.0,112.0,-529.0)
[2018-07-25 05:23:37.354] Dimoniezz created a Blaze Rod  shop at (ASkyBlock - -1031.0,113.0,-529.0)
[2018-07-25 05:23:53.925] Dimoniezz created a Leather shop at (ASkyBlock - -1032.0,110.0,-529.0)
[2018-07-25 05:24:14.232] Dimoniezz created a Glowstone shop at (ASkyBlock - -1027.0,110.0,-529.0)
[2018-07-25 05:27:12.383] Dimoniezz created a Iron Ingot  shop at (ASkyBlock - -1032.0,112.0,-529.0)
[2018-07-25 05:31:12.466] Nesfan bought 1 for 600.0 from Shop ASkyBlock(-1027, 112, -529) Owner: Dimoniezz - b23bceea-abe0-3f9e-8e9c-1361e11b3edd Price: 600.0 Item: ItemStack{DIAMOND x 1}
[2018-07-25 05:32:09.27] vipoff bought 1 for 50.0 from Shop ASkyBlock(-1032, 110, -529) Owner: Dimoniezz - b23bceea-abe0-3f9e-8e9c-1361e11b3edd Price: 50.0 Item: ItemStack{LEATHER x 1}
[2018-07-25 05:33:00.947] LaLungLinh bought 1 for 999.0 from Shop ASkyBlock(-1030, 110, -529) Owner: Dimoniezz - b23bceea-abe0-3f9e-8e9c-1361e11b3edd Price: 999.0 Item: ItemStack{EMERALD x 1}
[2018-07-25 06:53:13.071] vipoff created a Diamond shop at (ASkyBlock - -1028.0,120.0,1027.0)
[2018-07-25 11:09:39.903] Dimoniezz created a Emerald shop at (ASkyBlock - -1030.0,110.0,-529.0)
[2018-07-25 11:10:06.709] Dimoniezz created a Diamond shop at (ASkyBlock - -1027.0,112.0,-529.0)
[2018-07-25 11:11:02.129] Dimoniezz created a Leather shop at (ASkyBlock - -1032.0,110.0,-529.0)
[2018-07-25 11:35:59.841] ZeusDePanda bought 1 for 100.0 from Shop ASkyBlock(-1027, 112, -529) Owner: Dimoniezz - b23bceea-abe0-3f9e-8e9c-1361e11b3edd Price: 100.0 Item: ItemStack{DIAMOND x 1}
[2018-07-25 11:50:13.808] vipoff created a Oak Planks  shop at (ASkyBlock - -1021.0,120.0,1017.0)
[2018-07-25 12:23:58.958] Dimoniezz created a Log 2:1  shop at (ASkyBlock - -1027.0,110.0,-531.0)
[2018-07-25 12:24:45.295] Geedy bought 64 for 192.0 from Shop ASkyBlock(-1027, 110, -531) Owner: Dimoniezz - b23bceea-abe0-3f9e-8e9c-1361e11b3edd Price: 3.0 Item: ItemStack{LOG_2 x 1}
[2018-07-25 12:24:52.896] Voiz123 bought 20 for 60.0 from Shop ASkyBlock(-1027, 110, -531) Owner: Dimoniezz - b23bceea-abe0-3f9e-8e9c-1361e11b3edd Price: 3.0 Item: ItemStack{LOG_2 x 1}
[2018-07-25 12:25:01.103] Voiz123 bought 5 for 15.0 from Shop ASkyBlock(-1027, 110, -531) Owner: Dimoniezz - b23bceea-abe0-3f9e-8e9c-1361e11b3edd Price: 3.0 Item: ItemStack{LOG_2 x 1}
[2018-07-25 12:25:31.153] Dimoniezz created a Log 2:1  shop at (ASkyBlock - -1027.0,110.0,-531.0)
[2018-07-25 12:25:40.612] Geedy bought 64 for 224.0 from Shop ASkyBlock(-1027, 110, -531) Owner: Dimoniezz - b23bceea-abe0-3f9e-8e9c-1361e11b3edd Price: 3.5 Item: ItemStack{LOG_2 x 1}
[2018-07-25 12:36:59.614] Voiz123 bought 69 for 241.5 from Shop ASkyBlock(-1027, 110, -531) Owner: Dimoniezz - b23bceea-abe0-3f9e-8e9c-1361e11b3edd Price: 3.5 Item: ItemStack{LOG_2 x 1}
[2018-07-25 12:37:11.818] Voiz123 bought 1 for 3.5 from Shop ASkyBlock(-1027, 110, -531) Owner: Dimoniezz - b23bceea-abe0-3f9e-8e9c-1361e11b3edd Price: 3.5 Item: ItemStack{LOG_2 x 1}
[2018-07-25 12:37:40.575] Voiz123 bought 18 for 63.0 from Shop ASkyBlock(-1027, 110, -531) Owner: Dimoniezz - b23bceea-abe0-3f9e-8e9c-1361e11b3edd Price: 3.5 Item: ItemStack{LOG_2 x 1}
[2018-07-25 12:39:45.942] Dimoniezz created a Oak Log  shop at (ASkyBlock - -1028.0,111.0,-531.0)
[2018-07-25 12:40:05.245] Dimoniezz created a Jungle Log  shop at (ASkyBlock - -1029.0,110.0,-531.0)
[2018-07-25 12:41:19.051] Dimoniezz created a Birch Log  shop at (ASkyBlock - -1030.0,111.0,-531.0)
[2018-07-25 12:49:50.434] Dimoniezz created a Diamond shop at (ASkyBlock - -1025.0,111.0,-547.0)
[2018-07-25 12:50:15.94] Dimoniezz created a Emerald shop at (ASkyBlock - -1027.0,111.0,-547.0)
[2018-07-25 12:50:50.298] Dimoniezz created a Iron Ingot  shop at (ASkyBlock - -1026.0,110.0,-547.0)
[2018-07-25 12:51:31.103] Dimoniezz created a Leather shop at (ASkyBlock - -1023.0,111.0,-540.0)
[2018-07-25 12:51:45.954] Dimoniezz created a White Wool  shop at (ASkyBlock - -1023.0,110.0,-541.0)
[2018-07-25 12:53:41.53] Dimoniezz created a Redstone shop at (ASkyBlock - -1029.0,111.0,-547.0)
[2018-07-25 12:53:57.833] Dimoniezz created a Coal shop at (ASkyBlock - -1028.0,110.0,-547.0)
[2018-07-25 12:54:11.537] Dimoniezz created a Emerald shop at (ASkyBlock - -1027.0,111.0,-547.0)
[2018-07-25 12:54:20.145] Dimoniezz created a Diamond shop at (ASkyBlock - -1025.0,111.0,-547.0)
[2018-07-25 12:54:45.197] Dimoniezz created a Coal shop at (ASkyBlock - -1028.0,110.0,-547.0)
[2018-07-25 12:55:42.657] Dimoniezz created a Saddle shop at (ASkyBlock - -1023.0,110.0,-539.0)
[2018-07-25 12:58:24.365] Dimoniezz created a Bone Meal  shop at (ASkyBlock - -1023.0,110.0,-543.0)
[2018-07-25 12:58:35.416] Dimoniezz created a Bone shop at (ASkyBlock - -1023.0,111.0,-542.0)
[2018-07-25 12:59:04.94] Dimoniezz created a Gold Ingot  shop at (ASkyBlock - -1030.0,110.0,-547.0)
[2018-07-25 12:59:38.0] Dimoniezz created a Raw Fish  shop at (ASkyBlock - -1023.0,111.0,-538.0)
[2018-07-25 13:00:01.754] Dimoniezz created a Raw Fish:1  shop at (ASkyBlock - -1023.0,110.0,-537.0)
[2018-07-25 13:02:35.707] Dimoniezz created a Record 11  shop at (ASkyBlock - -1023.0,111.0,-536.0)
[2018-07-25 13:02:48.109] Dimoniezz created a Gold Record  shop at (ASkyBlock - -1023.0,110.0,-535.0)
[2018-07-25 13:02:57.059] Dimoniezz created a Record 12  shop at (ASkyBlock - -1023.0,111.0,-534.0)
[2018-07-25 13:05:06.525] Dimoniezz created a Cocoa Beans  shop at (ASkyBlock - -1023.0,111.0,-544.0)
[2018-07-25 13:07:35.161] Dimoniezz created a Lapis Lazuli  shop at (ASkyBlock - -1031.0,111.0,-547.0)
[2018-07-25 13:07:46.268] Dimoniezz created a Lapis Lazuli  shop at (ASkyBlock - -1032.0,110.0,-547.0)
[2018-07-25 13:10:08.28] Dimoniezz created a Record 10  shop at (ASkyBlock - -1023.0,110.0,-533.0)
[2018-07-25 13:10:18.833] Dimoniezz created a Record 5  shop at (ASkyBlock - -1023.0,111.0,-532.0)
[2018-07-25 13:11:15.973] Dimoniezz created a Enchanted Book  shop at (ASkyBlock - -1037.0,111.0,-536.0)
[2018-07-25 13:12:02.953] Geedy bought 1 for 10.0 from Shop ASkyBlock(-1037, 111, -536) Owner: Dimoniezz - b23bceea-abe0-3f9e-8e9c-1361e11b3edd Price: 10.0 Item: ItemStack{ENCHANTED_BOOK x 1, ENCHANTED_META:{meta-type=ENCHANTED, stored-enchants={KNOCKBACK=2}}}
[2018-07-25 13:14:35.515] Dimoniezz created a Enchanted Book  shop at (ASkyBlock - -1037.0,111.0,-532.0)
[2018-07-25 13:14:46.018] Dimoniezz created a Enchanted Book  shop at (ASkyBlock - -1037.0,110.0,-533.0)
[2018-07-25 13:15:10.391] Dimoniezz created a Enchanted Book  shop at (ASkyBlock - -1037.0,111.0,-534.0)
[2018-07-25 13:15:20.992] Dimoniezz created a Enchanted Book  shop at (ASkyBlock - -1037.0,110.0,-535.0)
[2018-07-25 13:21:46.811] Dimoniezz created a Enchanted Book  shop at (ASkyBlock - -1037.0,111.0,-536.0)
[2018-07-25 13:22:30.617] Dimoniezz created a Enchanted Book  shop at (ASkyBlock - -1037.0,110.0,-533.0)
[2018-07-25 13:22:47.133] Dimoniezz created a Enchanted Book  shop at (ASkyBlock - -1037.0,110.0,-537.0)
[2018-07-25 13:23:42.01] Dimoniezz created a Jungle Log  shop at (ASkyBlock - -1029.0,110.0,-531.0)
[2018-07-25 13:25:05.662] Dimoniezz created a Enchanted Book  shop at (ASkyBlock - -1037.0,111.0,-538.0)
[2018-07-25 13:25:15.814] Dimoniezz created a Enchanted Book  shop at (ASkyBlock - -1037.0,111.0,-538.0)
[2018-07-25 13:25:26.916] Dimoniezz created a Enchanted Book  shop at (ASkyBlock - -1037.0,110.0,-539.0)
[2018-07-25 13:25:43.423] Dimoniezz created a Enchanted Book  shop at (ASkyBlock - -1037.0,111.0,-540.0)
[2018-07-25 13:26:26.574] Dimoniezz created a Enchanted Book  shop at (ASkyBlock - -1037.0,110.0,-541.0)
[2018-07-25 13:26:37.976] Dimoniezz created a Enchanted Book  shop at (ASkyBlock - -1037.0,111.0,-542.0)
[2018-07-25 13:27:01.77] Dimoniezz created a Enchanted Book  shop at (ASkyBlock - -1037.0,110.0,-543.0)
[2018-07-25 13:27:16.705] Dimoniezz created a Enchanted Book  shop at (ASkyBlock - -1037.0,111.0,-544.0)
[2018-07-25 14:21:14.784] ZeusDePanda created a Beacon shop at (ASkyBlock - -1031.0,111.0,-529.0)
[2018-07-25 15:04:33.669] Areizh created a Stone Axe  shop at (ASkyBlock - -1024.0,120.0,1.0)
[2018-07-26 02:27:38.53] Geedy created a Enchanted Book  shop at (ASkyBlock - -1023.0,108.0,-516.0)
[2018-07-26 03:00:52.521] Kannazuki_Arin bought 3 for 1500.0 from Shop ASkyBlock(-1031, 113, -529) Owner: Dimoniezz - b23bceea-abe0-3f9e-8e9c-1361e11b3edd Price: 500.0 Item: ItemStack{BLAZE_ROD x 1}
